OpenROAD b16bda7e82721d10566ff7e2b68f1ff0be9f9e38 
Features included (+) or not (-): +Charts +GPU +GUI +Python
This program is licensed under the BSD-3 license. See the LICENSE file for details.
Components of this program may be licensed under more restrictive licenses which must be honored.
define_corners Typical
read_liberty -corner Typical /home/ceyhun/.volare/sky130A/libs.ref/sky130_fd_sc_hd/lib/sky130_fd_sc_hd__tt_025C_1v80.lib
Using 1e-12 for capacitance...
Using 1e+03 for resistance...
Using 1e-09 for time...
Using 1e+00 for voltage...
Using 1e-03 for current...
Using 1e-09 for power...
Using 1e-06 for distance...
[INFO]: Reading ODB at '/openlane/semi_cpu_top/runs/RUN_2025.06.08_09.20.56/tmp/routing/./21-diodes_legalized.odb'…
Reading design constraints file at '/openlane/scripts/base.sdc'…
[INFO]: Setting output delay to: 2.0
[INFO]: Setting input delay to: 2.0
[INFO]: Setting load to: 0.033442
[INFO]: Setting clock uncertainty to: 0.25
[INFO]: Setting clock transition to: 0.15
[INFO]: Setting timing derate to: 5.0 %
[INFO]: Setting signal min routing layer to: met1 and clock min routing layer to met3. 
[INFO]: Setting signal max routing layer to: met5 and clock max routing layer to met5. 
-congestion_iterations 50 -verbose -congestion_report_file /openlane/semi_cpu_top/runs/RUN_2025.06.08_09.20.56/tmp/routing/groute-congestion.rpt
[INFO GRT-0020] Min routing layer: met1
[INFO GRT-0021] Max routing layer: met5
[INFO GRT-0022] Global adjustment: 30%
[INFO GRT-0023] Grid origin: (0, 0)
[INFO GRT-0043] No OR_DEFAULT vias defined.
[INFO GRT-0088] Layer li1     Track-Pitch = 0.4600  line-2-Via Pitch: 0.3400
[INFO GRT-0088] Layer met1    Track-Pitch = 0.3400  line-2-Via Pitch: 0.3400
[INFO GRT-0088] Layer met2    Track-Pitch = 0.4600  line-2-Via Pitch: 0.3500
[INFO GRT-0088] Layer met3    Track-Pitch = 0.6800  line-2-Via Pitch: 0.6150
[INFO GRT-0088] Layer met4    Track-Pitch = 0.9200  line-2-Via Pitch: 1.0400
[INFO GRT-0088] Layer met5    Track-Pitch = 3.4000  line-2-Via Pitch: 3.1100
[INFO GRT-0019] Found 18 clock nets.
[INFO GRT-0001] Minimum degree: 2
[INFO GRT-0002] Maximum degree: 33
[INFO GRT-0003] Macros: 0
[INFO GRT-0043] No OR_DEFAULT vias defined.
[INFO GRT-0004] Blockages: 2728

[INFO GRT-0053] Routing resources analysis:
          Routing      Original      Derated      Resource
Layer     Direction    Resources     Resources    Reduction (%)
---------------------------------------------------------------
li1        Vertical            0             0          0.00%
met1       Horizontal      27644         13444          51.37%
met2       Vertical        21044         13497          35.86%
met3       Horizontal      13804          9268          32.86%
met4       Vertical         8524          4848          43.13%
met5       Horizontal       2732          1190          56.44%
---------------------------------------------------------------

[INFO GRT-0101] Running extra iterations to remove overflow.
[INFO GRT-0197] Via related to pin nodes: 9866
[INFO GRT-0198] Via related Steiner nodes: 142
[INFO GRT-0199] Via filling finished.
[INFO GRT-0111] Final number of vias: 12185
[INFO GRT-0112] Final usage 3D: 43953

[INFO GRT-0096] Final congestion report:
Layer         Resource        Demand        Usage (%)    Max H / Max V / Total Overflow
---------------------------------------------------------------------------------------
li1                  0             0            0.00%             0 /  0 /  0
met1             13444          3413           25.39%             0 /  0 /  0
met2             13497          3294           24.41%             0 /  0 /  0
met3              9268           399            4.31%             0 /  0 /  0
met4              4848           292            6.02%             0 /  0 /  0
met5              1190             0            0.00%             0 /  0 /  0
---------------------------------------------------------------------------------------
Total            42247          7398           17.51%             0 /  0 /  0

[INFO GRT-0018] Total wirelength: 80964 um
[INFO GRT-0014] Routed nets: 1917
[INFO GRT-0006] Repairing antennas, iteration 1.
[INFO GRT-0043] No OR_DEFAULT vias defined.
[INFO GRT-0012] Found 0 antenna violations.
Placement Analysis
---------------------------------
total displacement          0.0 u
average displacement        0.0 u
max displacement            0.0 u
original HPWL           46010.9 u
legalized HPWL          47506.0 u
delta HPWL                    3 %

[INFO DPL-0020] Mirrored 1043 instances
[INFO DPL-0021] HPWL before           47506.0 u
[INFO DPL-0022] HPWL after            46010.9 u
[INFO DPL-0023] HPWL delta               -3.1 %
[INFO]: Setting signal min routing layer to: met1 and clock min routing layer to met3. 
[INFO]: Setting signal max routing layer to: met5 and clock max routing layer to met5. 
-congestion_iterations 50 -verbose -congestion_report_file /openlane/semi_cpu_top/runs/RUN_2025.06.08_09.20.56/tmp/routing/groute-congestion.rpt
[INFO GRT-0020] Min routing layer: met1
[INFO GRT-0021] Max routing layer: met5
[INFO GRT-0022] Global adjustment: 30%
[INFO GRT-0023] Grid origin: (0, 0)
[INFO GRT-0043] No OR_DEFAULT vias defined.
[INFO GRT-0088] Layer li1     Track-Pitch = 0.4600  line-2-Via Pitch: 0.3400
[INFO GRT-0088] Layer met1    Track-Pitch = 0.3400  line-2-Via Pitch: 0.3400
[INFO GRT-0088] Layer met2    Track-Pitch = 0.4600  line-2-Via Pitch: 0.3500
[INFO GRT-0088] Layer met3    Track-Pitch = 0.6800  line-2-Via Pitch: 0.6150
[INFO GRT-0088] Layer met4    Track-Pitch = 0.9200  line-2-Via Pitch: 1.0400
[INFO GRT-0088] Layer met5    Track-Pitch = 3.4000  line-2-Via Pitch: 3.1100
[INFO GRT-0019] Found 18 clock nets.
[INFO GRT-0001] Minimum degree: 2
[INFO GRT-0002] Maximum degree: 33
[INFO GRT-0003] Macros: 0
[INFO GRT-0043] No OR_DEFAULT vias defined.
[INFO GRT-0004] Blockages: 2728

[INFO GRT-0053] Routing resources analysis:
          Routing      Original      Derated      Resource
Layer     Direction    Resources     Resources    Reduction (%)
---------------------------------------------------------------
li1        Vertical            0             0          0.00%
met1       Horizontal      27644         13444          51.37%
met2       Vertical        21044         13497          35.86%
met3       Horizontal      13804          9268          32.86%
met4       Vertical         8524          4848          43.13%
met5       Horizontal       2732          1190          56.44%
---------------------------------------------------------------

[INFO GRT-0101] Running extra iterations to remove overflow.
[INFO GRT-0197] Via related to pin nodes: 9866
[INFO GRT-0198] Via related Steiner nodes: 142
[INFO GRT-0199] Via filling finished.
[INFO GRT-0111] Final number of vias: 12185
[INFO GRT-0112] Final usage 3D: 43953

[INFO GRT-0096] Final congestion report:
Layer         Resource        Demand        Usage (%)    Max H / Max V / Total Overflow
---------------------------------------------------------------------------------------
li1                  0             0            0.00%             0 /  0 /  0
met1             13444          3413           25.39%             0 /  0 /  0
met2             13497          3294           24.41%             0 /  0 /  0
met3              9268           399            4.31%             0 /  0 /  0
met4              4848           292            6.02%             0 /  0 /  0
met5              1190             0            0.00%             0 /  0 /  0
---------------------------------------------------------------------------------------
Total            42247          7398           17.51%             0 /  0 /  0

[INFO GRT-0018] Total wirelength: 80964 um
[INFO GRT-0014] Routed nets: 1917
Setting global connections for newly added cells…
Writing OpenROAD database to '/openlane/semi_cpu_top/runs/RUN_2025.06.08_09.20.56/tmp/routing/23-global.odb'…
Writing layout to '/openlane/semi_cpu_top/runs/RUN_2025.06.08_09.20.56/tmp/routing/23-global.def'…
Writing routing guides to '/openlane/semi_cpu_top/runs/RUN_2025.06.08_09.20.56/tmp/routing/23-global.guide'…
