
===========================================================================
report_checks -unconstrained
===========================================================================
======================= Typical Corner ===================================

Startpoint: rst (input port clocked by clk)
Endpoint: _2764_ (recovery check against rising-edge clock clk)
Path Group: asynchronous
Path Type: max

Fanout     Cap    Slew   Delay    Time   Description
-----------------------------------------------------------------------------
                  0.15    0.00    0.00   clock clk (rise edge)
                          0.00    0.00   clock network delay (ideal)
                          2.00    2.00 v input external delay
     4    0.03    0.07    0.06    2.06 v rst (in)
                                         rst (net)
                  0.07    0.00    2.06 v _2526_/A (sky130_fd_sc_hd__clkbuf_4)
     7    0.03    0.08    0.21    2.26 v _2526_/X (sky130_fd_sc_hd__clkbuf_4)
                                         _1260_ (net)
                  0.08    0.00    2.26 v _2560_/A (sky130_fd_sc_hd__buf_4)
    10    0.06    0.08    0.22    2.48 v _2560_/X (sky130_fd_sc_hd__buf_4)
                                         _1264_ (net)
                  0.08    0.01    2.49 v _2568_/A (sky130_fd_sc_hd__inv_2)
     1    0.00    0.04    0.06    2.55 ^ _2568_/Y (sky130_fd_sc_hd__inv_2)
                                         _0158_ (net)
                  0.04    0.00    2.55 ^ _2764_/RESET_B (sky130_fd_sc_hd__dfrtp_1)
                                  2.55   data arrival time

                  0.15   10.00   10.00   clock clk (rise edge)
                          0.00   10.00   clock network delay (ideal)
                         -0.25    9.75   clock uncertainty
                          0.00    9.75   clock reconvergence pessimism
                                  9.75 ^ _2764_/CLK (sky130_fd_sc_hd__dfrtp_1)
                          0.26   10.01   library recovery time
                                 10.01   data required time
-----------------------------------------------------------------------------
                                 10.01   data required time
                                 -2.55   data arrival time
-----------------------------------------------------------------------------
                                  7.47   slack (MET)


Startpoint: control (input port clocked by clk)
Endpoint: _2725_ (rising edge-triggered flip-flop clocked by clk)
Path Group: clk
Path Type: max

Fanout     Cap    Slew   Delay    Time   Description
-----------------------------------------------------------------------------
                  0.15    0.00    0.00   clock clk (rise edge)
                          0.00    0.00   clock network delay (ideal)
                          2.00    2.00 v input external delay
     1    0.00    0.01    0.00    2.00 v control (in)
                                         control (net)
                  0.01    0.00    2.00 v input1/A (sky130_fd_sc_hd__buf_4)
     8    0.05    0.08    0.17    2.18 v input1/X (sky130_fd_sc_hd__buf_4)
                                         net1 (net)
                  0.08    0.01    2.18 v _1501_/D (sky130_fd_sc_hd__and4bb_1)
     1    0.00    0.04    0.22    2.40 v _1501_/X (sky130_fd_sc_hd__and4bb_1)
                                         _0475_ (net)
                  0.04    0.00    2.40 v _1502_/A (sky130_fd_sc_hd__clkbuf_4)
     8    0.04    0.10    0.20    2.60 v _1502_/X (sky130_fd_sc_hd__clkbuf_4)
                                         _0476_ (net)
                  0.10    0.00    2.61 v _1503_/A (sky130_fd_sc_hd__buf_2)
    10    0.03    0.08    0.20    2.81 v _1503_/X (sky130_fd_sc_hd__buf_2)
                                         _0477_ (net)
                  0.08    0.00    2.81 v _1542_/A2 (sky130_fd_sc_hd__a22o_1)
     3    0.01    0.07    0.28    3.09 v _1542_/X (sky130_fd_sc_hd__a22o_1)
                                         net102 (net)
                  0.07    0.00    3.09 v _1545_/C (sky130_fd_sc_hd__or4_1)
     3    0.01    0.10    0.52    3.61 v _1545_/X (sky130_fd_sc_hd__or4_1)
                                         _0503_ (net)
                  0.10    0.00    3.61 v _1562_/A (sky130_fd_sc_hd__or4_2)
     4    0.01    0.13    0.77    4.38 v _1562_/X (sky130_fd_sc_hd__or4_2)
                                         _0512_ (net)
                  0.13    0.00    4.38 v _1583_/C (sky130_fd_sc_hd__or4_2)
     5    0.01    0.14    0.73    5.11 v _1583_/X (sky130_fd_sc_hd__or4_2)
                                         _0529_ (net)
                  0.14    0.00    5.11 v _1584_/D (sky130_fd_sc_hd__or4_2)
     4    0.01    0.13    0.65    5.76 v _1584_/X (sky130_fd_sc_hd__or4_2)
                                         _0530_ (net)
                  0.13    0.00    5.76 v _1585_/C (sky130_fd_sc_hd__or3_1)
     3    0.01    0.10    0.40    6.16 v _1585_/X (sky130_fd_sc_hd__or3_1)
                                         _0531_ (net)
                  0.10    0.00    6.16 v _1586_/B (sky130_fd_sc_hd__or2_1)
     3    0.01    0.07    0.27    6.43 v _1586_/X (sky130_fd_sc_hd__or2_1)
                                         _0532_ (net)
                  0.07    0.00    6.43 v _1587_/C (sky130_fd_sc_hd__or3_1)
     3    0.01    0.09    0.37    6.80 v _1587_/X (sky130_fd_sc_hd__or3_1)
                                         _0533_ (net)
                  0.09    0.00    6.80 v _1589_/B (sky130_fd_sc_hd__nand2_1)
     1    0.00    0.05    0.08    6.88 ^ _1589_/Y (sky130_fd_sc_hd__nand2_1)
                                         _0535_ (net)
                  0.05    0.00    6.88 ^ _1590_/B_N (sky130_fd_sc_hd__or2b_1)
     1    0.00    0.05    0.23    7.11 v _1590_/X (sky130_fd_sc_hd__or2b_1)
                                         _0536_ (net)
                  0.05    0.00    7.11 v _1597_/A1 (sky130_fd_sc_hd__a21oi_1)
     2    0.01    0.15    0.16    7.27 ^ _1597_/Y (sky130_fd_sc_hd__a21oi_1)
                                         _0543_ (net)
                  0.15    0.00    7.27 ^ _1598_/B (sky130_fd_sc_hd__nor2_1)
     2    0.01    0.05    0.07    7.35 v _1598_/Y (sky130_fd_sc_hd__nor2_1)
                                         _0544_ (net)
                  0.05    0.00    7.35 v _1600_/A (sky130_fd_sc_hd__nor2_1)
     3    0.01    0.16    0.17    7.52 ^ _1600_/Y (sky130_fd_sc_hd__nor2_1)
                                         _0546_ (net)
                  0.16    0.00    7.52 ^ _2001_/A1 (sky130_fd_sc_hd__a21oi_1)
     1    0.00    0.08    0.09    7.60 v _2001_/Y (sky130_fd_sc_hd__a21oi_1)
                                         _0908_ (net)
                  0.08    0.00    7.60 v _2002_/B1 (sky130_fd_sc_hd__o21a_1)
     1    0.01    0.05    0.13    7.74 v _2002_/X (sky130_fd_sc_hd__o21a_1)
                                         _0909_ (net)
                  0.05    0.00    7.74 v _2003_/C1 (sky130_fd_sc_hd__a221o_1)
     2    0.01    0.08    0.31    8.05 v _2003_/X (sky130_fd_sc_hd__a221o_1)
                                         _0910_ (net)
                  0.08    0.00    8.05 v _2004_/A1 (sky130_fd_sc_hd__mux2_1)
     1    0.00    0.05    0.31    8.36 v _2004_/X (sky130_fd_sc_hd__mux2_1)
                                         _0911_ (net)
                  0.05    0.00    8.36 v _2005_/A (sky130_fd_sc_hd__clkbuf_1)
     1    0.00    0.02    0.09    8.46 v _2005_/X (sky130_fd_sc_hd__clkbuf_1)
                                         _0303_ (net)
                  0.02    0.00    8.46 v _2725_/D (sky130_fd_sc_hd__dfrtp_1)
                                  8.46   data arrival time

                  0.15   10.00   10.00   clock clk (rise edge)
                          0.00   10.00   clock network delay (ideal)
                         -0.25    9.75   clock uncertainty
                          0.00    9.75   clock reconvergence pessimism
                                  9.75 ^ _2725_/CLK (sky130_fd_sc_hd__dfrtp_1)
                         -0.08    9.67   library setup time
                                  9.67   data required time
-----------------------------------------------------------------------------
                                  9.67   data required time
                                 -8.46   data arrival time
-----------------------------------------------------------------------------
                                  1.21   slack (MET)




===========================================================================
report_checks --slack_max -0.01
============================================================================
======================= Typical Corner ===================================

No paths found.


===========================================================================
 report_check_types -max_slew -max_cap -max_fanout -violators
============================================================================
======================= Typical Corner ===================================


max slew violations count Typical: 0
max fanout violations count Typical: 0
max cap violations count Typical: 0

===========================================================================
report_parasitic_annotation -report_unannotated
============================================================================
Found 41 unannotated drivers.
 clk
 _2871__182/HI
 _2872__180/HI
 semi_cpu_top_143/HI
 semi_cpu_top_144/HI
 semi_cpu_top_145/HI
 semi_cpu_top_146/HI
 semi_cpu_top_147/HI
 semi_cpu_top_148/HI
 semi_cpu_top_149/HI
 semi_cpu_top_150/HI
 semi_cpu_top_151/HI
 semi_cpu_top_152/HI
 semi_cpu_top_153/HI
 semi_cpu_top_154/HI
 semi_cpu_top_155/HI
 semi_cpu_top_156/HI
 semi_cpu_top_157/HI
 semi_cpu_top_158/HI
 semi_cpu_top_159/HI
 semi_cpu_top_160/HI
 semi_cpu_top_161/HI
 semi_cpu_top_162/HI
 semi_cpu_top_163/HI
 semi_cpu_top_164/HI
 semi_cpu_top_165/HI
 semi_cpu_top_166/HI
 semi_cpu_top_167/HI
 semi_cpu_top_168/HI
 semi_cpu_top_169/HI
 semi_cpu_top_170/HI
 semi_cpu_top_171/HI
 semi_cpu_top_172/HI
 semi_cpu_top_173/HI
 semi_cpu_top_174/HI
 semi_cpu_top_175/HI
 semi_cpu_top_176/HI
 semi_cpu_top_177/HI
 semi_cpu_top_178/HI
 semi_cpu_top_179/HI
 semi_cpu_top_181/HI
Found 0 partially unannotated drivers.

===========================================================================
max slew violation count 0
max fanout violation count 0
max cap violation count 0
============================================================================

===========================================================================
check_setup -verbose -unconstrained_endpoints -multiple_clock -no_clock -no_input_delay -loops -generated_clocks
===========================================================================
Warning: There are 40 unconstrained endpoints.
  immediate_tb[10]
  immediate_tb[11]
  immediate_tb[12]
  immediate_tb[13]
  immediate_tb[14]
  immediate_tb[15]
  immediate_tb[16]
  immediate_tb[17]
  immediate_tb[18]
  immediate_tb[19]
  immediate_tb[20]
  immediate_tb[21]
  immediate_tb[22]
  immediate_tb[23]
  immediate_tb[24]
  immediate_tb[25]
  immediate_tb[26]
  immediate_tb[27]
  immediate_tb[28]
  immediate_tb[29]
  immediate_tb[30]
  immediate_tb[31]
  immediate_tb[4]
  immediate_tb[5]
  immediate_tb[6]
  immediate_tb[7]
  immediate_tb[8]
  immediate_tb[9]
  instruction_tb[10]
  instruction_tb[11]
  instruction_tb[12]
  instruction_tb[13]
  instruction_tb[18]
  instruction_tb[21]
  instruction_tb[4]
  instruction_tb[5]
  instruction_tb[6]
  instruction_tb[7]
  instruction_tb[8]
  instruction_tb[9]
