OpenROAD b16bda7e82721d10566ff7e2b68f1ff0be9f9e38 
Features included (+) or not (-): +Charts +GPU +GUI +Python
This program is licensed under the BSD-3 license. See the LICENSE file for details.
Components of this program may be licensed under more restrictive licenses which must be honored.
Top-level design name: semi_cpu_top
Block boundaries: 0 0 254620 265340
Horizontal Tracks Origin: 340, Count: 390, Step: 680
Vertical Tracks Origin: 230, Count: 553, Step: 460
Placement details for the #N side
Virtual pin count:  0
Actual pin count:  11
Total pin count:  11
Tracks count:  553
Tracks per pin:  50
Used tracks count:  501
Unused track count:  52
Starting track index:  26
Placement Map:
[230, 690, 1150, 1610, 2070, 2530, 2990, 3450, 3910, 4370, 4830, 5290, 5750, 6210, 6670, 7130, 7590, 8050, 8510, 8970, 9430, 9890, 10350, 10810, 11270, 11730, [91m12190[0m, 12650, 13110, 13570, 14030, 14490, 14950, 15410, 15870, 16330, 16790, 17250, 17710, 18170, 18630, 19090, 19550, 20010, 20470, 20930, 21390, 21850, 22310, 22770, 23230, 23690, 24150, 24610, 25070, 25530, 25990, 26450, 26910, 27370, 27830, 28290, 28750, 29210, 29670, 30130, 30590, 31050, 31510, 31970, 32430, 32890, 33350, 33810, 34270, 34730, [91m35190[0m, 35650, 36110, 36570, 37030, 37490, 37950, 38410, 38870, 39330, 39790, 40250, 40710, 41170, 41630, 42090, 42550, 43010, 43470, 43930, 44390, 44850, 45310, 45770, 46230, 46690, 47150, 47610, 48070, 48530, 48990, 49450, 49910, 50370, 50830, 51290, 51750, 52210, 52670, 53130, 53590, 54050, 54510, 54970, 55430, 55890, 56350, 56810, 57270, 57730, [91m58190[0m, 58650, 59110, 59570, 60030, 60490, 60950, 61410, 61870, 62330, 62790, 63250, 63710, 64170, 64630, 65090, 65550, 66010, 66470, 66930, 67390, 67850, 68310, 68770, 69230, 69690, 70150, 70610, 71070, 71530, 71990, 72450, 72910, 73370, 73830, 74290, 74750, 75210, 75670, 76130, 76590, 77050, 77510, 77970, 78430, 78890, 79350, 79810, 80270, 80730, [91m81190[0m, 81650, 82110, 82570, 83030, 83490, 83950, 84410, 84870, 85330, 85790, 86250, 86710, 87170, 87630, 88090, 88550, 89010, 89470, 89930, 90390, 90850, 91310, 91770, 92230, 92690, 93150, 93610, 94070, 94530, 94990, 95450, 95910, 96370, 96830, 97290, 97750, 98210, 98670, 99130, 99590, 100050, 100510, 100970, 101430, 101890, 102350, 102810, 103270, 103730, [91m104190[0m, 104650, 105110, 105570, 106030, 106490, 106950, 107410, 107870, 108330, 108790, 109250, 109710, 110170, 110630, 111090, 111550, 112010, 112470, 112930, 113390, 113850, 114310, 114770, 115230, 115690, 116150, 116610, 117070, 117530, 117990, 118450, 118910, 119370, 119830, 120290, 120750, 121210, 121670, 122130, 122590, 123050, 123510, 123970, 124430, 124890, 125350, 125810, 126270, 126730, [91m127190[0m, 127650, 128110, 128570, 129030, 129490, 129950, 130410, 130870, 131330, 131790, 132250, 132710, 133170, 133630, 134090, 134550, 135010, 135470, 135930, 136390, 136850, 137310, 137770, 138230, 138690, 139150, 139610, 140070, 140530, 140990, 141450, 141910, 142370, 142830, 143290, 143750, 144210, 144670, 145130, 145590, 146050, 146510, 146970, 147430, 147890, 148350, 148810, 149270, 149730, [91m150190[0m, 150650, 151110, 151570, 152030, 152490, 152950, 153410, 153870, 154330, 154790, 155250, 155710, 156170, 156630, 157090, 157550, 158010, 158470, 158930, 159390, 159850, 160310, 160770, 161230, 161690, 162150, 162610, 163070, 163530, 163990, 164450, 164910, 165370, 165830, 166290, 166750, 167210, 167670, 168130, 168590, 169050, 169510, 169970, 170430, 170890, 171350, 171810, 172270, 172730, [91m173190[0m, 173650, 174110, 174570, 175030, 175490, 175950, 176410, 176870, 177330, 177790, 178250, 178710, 179170, 179630, 180090, 180550, 181010, 181470, 181930, 182390, 182850, 183310, 183770, 184230, 184690, 185150, 185610, 186070, 186530, 186990, 187450, 187910, 188370, 188830, 189290, 189750, 190210, 190670, 191130, 191590, 192050, 192510, 192970, 193430, 193890, 194350, 194810, 195270, 195730, [91m196190[0m, 196650, 197110, 197570, 198030, 198490, 198950, 199410, 199870, 200330, 200790, 201250, 201710, 202170, 202630, 203090, 203550, 204010, 204470, 204930, 205390, 205850, 206310, 206770, 207230, 207690, 208150, 208610, 209070, 209530, 209990, 210450, 210910, 211370, 211830, 212290, 212750, 213210, 213670, 214130, 214590, 215050, 215510, 215970, 216430, 216890, 217350, 217810, 218270, 218730, [91m219190[0m, 219650, 220110, 220570, 221030, 221490, 221950, 222410, 222870, 223330, 223790, 224250, 224710, 225170, 225630, 226090, 226550, 227010, 227470, 227930, 228390, 228850, 229310, 229770, 230230, 230690, 231150, 231610, 232070, 232530, 232990, 233450, 233910, 234370, 234830, 235290, 235750, 236210, 236670, 237130, 237590, 238050, 238510, 238970, 239430, 239890, 240350, 240810, 241270, 241730, [91m242190[0m, 242650, 243110, 243570, 244030, 244490, 244950, 245410, 245870, 246330, 246790, 247250, 247710, 248170, 248630, 249090, 249550, 250010, 250470, 250930, 251390, 251850, 252310, 252770, 253230, 253690, 254150, ]
Indices of used tracks: [26, 76, 126, 176, 226, 276, 326, 376, 426, 476, 526]
---
Placement details for the #E side
Virtual pin count:  0
Actual pin count:  32
Total pin count:  32
Tracks count:  195
Tracks per pin:  6
Used tracks count:  187
Unused track count:  8
Starting track index:  4
Placement Map:
[340, 1700, 3060, 4420, [91m5780[0m, 7140, 8500, 9860, 11220, 12580, [91m13940[0m, 15300, 16660, 18020, 19380, 20740, [91m22100[0m, 23460, 24820, 26180, 27540, 28900, [91m30260[0m, 31620, 32980, 34340, 35700, 37060, [91m38420[0m, 39780, 41140, 42500, 43860, 45220, [91m46580[0m, 47940, 49300, 50660, 52020, 53380, [91m54740[0m, 56100, 57460, 58820, 60180, 61540, [91m62900[0m, 64260, 65620, 66980, 68340, 69700, [91m71060[0m, 72420, 73780, 75140, 76500, 77860, [91m79220[0m, 80580, 81940, 83300, 84660, 86020, [91m87380[0m, 88740, 90100, 91460, 92820, 94180, [91m95540[0m, 96900, 98260, 99620, 100980, 102340, [91m103700[0m, 105060, 106420, 107780, 109140, 110500, [91m111860[0m, 113220, 114580, 115940, 117300, 118660, [91m120020[0m, 121380, 122740, 124100, 125460, 126820, [91m128180[0m, 129540, 130900, 132260, 133620, 134980, [91m136340[0m, 137700, 139060, 140420, 141780, 143140, [91m144500[0m, 145860, 147220, 148580, 149940, 151300, [91m152660[0m, 154020, 155380, 156740, 158100, 159460, [91m160820[0m, 162180, 163540, 164900, 166260, 167620, [91m168980[0m, 170340, 171700, 173060, 174420, 175780, [91m177140[0m, 178500, 179860, 181220, 182580, 183940, [91m185300[0m, 186660, 188020, 189380, 190740, 192100, [91m193460[0m, 194820, 196180, 197540, 198900, 200260, [91m201620[0m, 202980, 204340, 205700, 207060, 208420, [91m209780[0m, 211140, 212500, 213860, 215220, 216580, [91m217940[0m, 219300, 220660, 222020, 223380, 224740, [91m226100[0m, 227460, 228820, 230180, 231540, 232900, [91m234260[0m, 235620, 236980, 238340, 239700, 241060, [91m242420[0m, 243780, 245140, 246500, 247860, 249220, [91m250580[0m, 251940, 253300, 254660, 256020, 257380, [91m258740[0m, 260100, 261460, 262820, 264180, ]
Indices of used tracks: [4, 10, 16, 22, 28, 34, 40, 46, 52, 58, 64, 70, 76, 82, 88, 94, 100, 106, 112, 118, 124, 130, 136, 142, 148, 154, 160, 166, 172, 178, 184, 190]
---
Placement details for the #S side
Virtual pin count:  0
Actual pin count:  134
Total pin count:  134
Tracks count:  553
Tracks per pin:  4
Used tracks count:  533
Unused track count:  20
Starting track index:  10
Placement Map:
[230, 690, 1150, 1610, 2070, 2530, 2990, 3450, 3910, 4370, [91m4830[0m, 5290, 5750, 6210, [91m6670[0m, 7130, 7590, 8050, [91m8510[0m, 8970, 9430, 9890, [91m10350[0m, 10810, 11270, 11730, [91m12190[0m, 12650, 13110, 13570, [91m14030[0m, 14490, 14950, 15410, [91m15870[0m, 16330, 16790, 17250, [91m17710[0m, 18170, 18630, 19090, [91m19550[0m, 20010, 20470, 20930, [91m21390[0m, 21850, 22310, 22770, [91m23230[0m, 23690, 24150, 24610, [91m25070[0m, 25530, 25990, 26450, [91m26910[0m, 27370, 27830, 28290, [91m28750[0m, 29210, 29670, 30130, [91m30590[0m, 31050, 31510, 31970, [91m32430[0m, 32890, 33350, 33810, [91m34270[0m, 34730, 35190, 35650, [91m36110[0m, 36570, 37030, 37490, [91m37950[0m, 38410, 38870, 39330, [91m39790[0m, 40250, 40710, 41170, [91m41630[0m, 42090, 42550, 43010, [91m43470[0m, 43930, 44390, 44850, [91m45310[0m, 45770, 46230, 46690, [91m47150[0m, 47610, 48070, 48530, [91m48990[0m, 49450, 49910, 50370, [91m50830[0m, 51290, 51750, 52210, [91m52670[0m, 53130, 53590, 54050, [91m54510[0m, 54970, 55430, 55890, [91m56350[0m, 56810, 57270, 57730, [91m58190[0m, 58650, 59110, 59570, [91m60030[0m, 60490, 60950, 61410, [91m61870[0m, 62330, 62790, 63250, [91m63710[0m, 64170, 64630, 65090, [91m65550[0m, 66010, 66470, 66930, [91m67390[0m, 67850, 68310, 68770, [91m69230[0m, 69690, 70150, 70610, [91m71070[0m, 71530, 71990, 72450, [91m72910[0m, 73370, 73830, 74290, [91m74750[0m, 75210, 75670, 76130, [91m76590[0m, 77050, 77510, 77970, [91m78430[0m, 78890, 79350, 79810, [91m80270[0m, 80730, 81190, 81650, [91m82110[0m, 82570, 83030, 83490, [91m83950[0m, 84410, 84870, 85330, [91m85790[0m, 86250, 86710, 87170, [91m87630[0m, 88090, 88550, 89010, [91m89470[0m, 89930, 90390, 90850, [91m91310[0m, 91770, 92230, 92690, [91m93150[0m, 93610, 94070, 94530, [91m94990[0m, 95450, 95910, 96370, [91m96830[0m, 97290, 97750, 98210, [91m98670[0m, 99130, 99590, 100050, [91m100510[0m, 100970, 101430, 101890, [91m102350[0m, 102810, 103270, 103730, [91m104190[0m, 104650, 105110, 105570, [91m106030[0m, 106490, 106950, 107410, [91m107870[0m, 108330, 108790, 109250, [91m109710[0m, 110170, 110630, 111090, [91m111550[0m, 112010, 112470, 112930, [91m113390[0m, 113850, 114310, 114770, [91m115230[0m, 115690, 116150, 116610, [91m117070[0m, 117530, 117990, 118450, [91m118910[0m, 119370, 119830, 120290, [91m120750[0m, 121210, 121670, 122130, [91m122590[0m, 123050, 123510, 123970, [91m124430[0m, 124890, 125350, 125810, [91m126270[0m, 126730, 127190, 127650, [91m128110[0m, 128570, 129030, 129490, [91m129950[0m, 130410, 130870, 131330, [91m131790[0m, 132250, 132710, 133170, [91m133630[0m, 134090, 134550, 135010, [91m135470[0m, 135930, 136390, 136850, [91m137310[0m, 137770, 138230, 138690, [91m139150[0m, 139610, 140070, 140530, [91m140990[0m, 141450, 141910, 142370, [91m142830[0m, 143290, 143750, 144210, [91m144670[0m, 145130, 145590, 146050, [91m146510[0m, 146970, 147430, 147890, [91m148350[0m, 148810, 149270, 149730, [91m150190[0m, 150650, 151110, 151570, [91m152030[0m, 152490, 152950, 153410, [91m153870[0m, 154330, 154790, 155250, [91m155710[0m, 156170, 156630, 157090, [91m157550[0m, 158010, 158470, 158930, [91m159390[0m, 159850, 160310, 160770, [91m161230[0m, 161690, 162150, 162610, [91m163070[0m, 163530, 163990, 164450, [91m164910[0m, 165370, 165830, 166290, [91m166750[0m, 167210, 167670, 168130, [91m168590[0m, 169050, 169510, 169970, [91m170430[0m, 170890, 171350, 171810, [91m172270[0m, 172730, 173190, 173650, [91m174110[0m, 174570, 175030, 175490, [91m175950[0m, 176410, 176870, 177330, [91m177790[0m, 178250, 178710, 179170, [91m179630[0m, 180090, 180550, 181010, [91m181470[0m, 181930, 182390, 182850, [91m183310[0m, 183770, 184230, 184690, [91m185150[0m, 185610, 186070, 186530, [91m186990[0m, 187450, 187910, 188370, [91m188830[0m, 189290, 189750, 190210, [91m190670[0m, 191130, 191590, 192050, [91m192510[0m, 192970, 193430, 193890, [91m194350[0m, 194810, 195270, 195730, [91m196190[0m, 196650, 197110, 197570, [91m198030[0m, 198490, 198950, 199410, [91m199870[0m, 200330, 200790, 201250, [91m201710[0m, 202170, 202630, 203090, [91m203550[0m, 204010, 204470, 204930, [91m205390[0m, 205850, 206310, 206770, [91m207230[0m, 207690, 208150, 208610, [91m209070[0m, 209530, 209990, 210450, [91m210910[0m, 211370, 211830, 212290, [91m212750[0m, 213210, 213670, 214130, [91m214590[0m, 215050, 215510, 215970, [91m216430[0m, 216890, 217350, 217810, [91m218270[0m, 218730, 219190, 219650, [91m220110[0m, 220570, 221030, 221490, [91m221950[0m, 222410, 222870, 223330, [91m223790[0m, 224250, 224710, 225170, [91m225630[0m, 226090, 226550, 227010, [91m227470[0m, 227930, 228390, 228850, [91m229310[0m, 229770, 230230, 230690, [91m231150[0m, 231610, 232070, 232530, [91m232990[0m, 233450, 233910, 234370, [91m234830[0m, 235290, 235750, 236210, [91m236670[0m, 237130, 237590, 238050, [91m238510[0m, 238970, 239430, 239890, [91m240350[0m, 240810, 241270, 241730, [91m242190[0m, 242650, 243110, 243570, [91m244030[0m, 244490, 244950, 245410, [91m245870[0m, 246330, 246790, 247250, [91m247710[0m, 248170, 248630, 249090, [91m249550[0m, 250010, 250470, 250930, 251390, 251850, 252310, 252770, 253230, 253690, 254150, ]
Indices of used tracks: [10, 14, 18, 22, 26, 30, 34, 38, 42, 46, 50, 54, 58, 62, 66, 70, 74, 78, 82, 86, 90, 94, 98, 102, 106, 110, 114, 118, 122, 126, 130, 134, 138, 142, 146, 150, 154, 158, 162, 166, 170, 174, 178, 182, 186, 190, 194, 198, 202, 206, 210, 214, 218, 222, 226, 230, 234, 238, 242, 246, 250, 254, 258, 262, 266, 270, 274, 278, 282, 286, 290, 294, 298, 302, 306, 310, 314, 318, 322, 326, 330, 334, 338, 342, 346, 350, 354, 358, 362, 366, 370, 374, 378, 382, 386, 390, 394, 398, 402, 406, 410, 414, 418, 422, 426, 430, 434, 438, 442, 446, 450, 454, 458, 462, 466, 470, 474, 478, 482, 486, 490, 494, 498, 502, 506, 510, 514, 518, 522, 526, 530, 534, 538, 542]
---
Placement details for the #W side
Virtual pin count:  0
Actual pin count:  3
Total pin count:  3
Tracks count:  195
Tracks per pin:  65
Used tracks count:  131
Unused track count:  64
Starting track index:  32
Placement Map:
[340, 1700, 3060, 4420, 5780, 7140, 8500, 9860, 11220, 12580, 13940, 15300, 16660, 18020, 19380, 20740, 22100, 23460, 24820, 26180, 27540, 28900, 30260, 31620, 32980, 34340, 35700, 37060, 38420, 39780, 41140, 42500, [91m43860[0m, 45220, 46580, 47940, 49300, 50660, 52020, 53380, 54740, 56100, 57460, 58820, 60180, 61540, 62900, 64260, 65620, 66980, 68340, 69700, 71060, 72420, 73780, 75140, 76500, 77860, 79220, 80580, 81940, 83300, 84660, 86020, 87380, 88740, 90100, 91460, 92820, 94180, 95540, 96900, 98260, 99620, 100980, 102340, 103700, 105060, 106420, 107780, 109140, 110500, 111860, 113220, 114580, 115940, 117300, 118660, 120020, 121380, 122740, 124100, 125460, 126820, 128180, 129540, 130900, [91m132260[0m, 133620, 134980, 136340, 137700, 139060, 140420, 141780, 143140, 144500, 145860, 147220, 148580, 149940, 151300, 152660, 154020, 155380, 156740, 158100, 159460, 160820, 162180, 163540, 164900, 166260, 167620, 168980, 170340, 171700, 173060, 174420, 175780, 177140, 178500, 179860, 181220, 182580, 183940, 185300, 186660, 188020, 189380, 190740, 192100, 193460, 194820, 196180, 197540, 198900, 200260, 201620, 202980, 204340, 205700, 207060, 208420, 209780, 211140, 212500, 213860, 215220, 216580, 217940, 219300, [91m220660[0m, 222020, 223380, 224740, 226100, 227460, 228820, 230180, 231540, 232900, 234260, 235620, 236980, 238340, 239700, 241060, 242420, 243780, 245140, 246500, 247860, 249220, 250580, 251940, 253300, 254660, 256020, 257380, 258740, 260100, 261460, 262820, 264180, ]
Indices of used tracks: [32, 97, 162]
---
