OpenROAD b16bda7e82721d10566ff7e2b68f1ff0be9f9e38 
Features included (+) or not (-): +Charts +GPU +GUI +Python
This program is licensed under the BSD-3 license. See the LICENSE file for details.
Components of this program may be licensed under more restrictive licenses which must be honored.
Top-level design name: TopModule
Block boundaries: 0 0 513145 523865
Horizontal Tracks Origin: 340, Count: 770, Step: 680
Vertical Tracks Origin: 230, Count: 1115, Step: 460
Placement details for the #E side
Virtual pin count:  0
Actual pin count:  96
Total pin count:  96
Tracks count:  385
Tracks per pin:  4
Used tracks count:  381
Unused track count:  4
Starting track index:  2
Placement Map:
[340, 1700, [91m3060[0m, 4420, 5780, 7140, [91m8500[0m, 9860, 11220, 12580, [91m13940[0m, 15300, 16660, 18020, [91m19380[0m, 20740, 22100, 23460, [91m24820[0m, 26180, 27540, 28900, [91m30260[0m, 31620, 32980, 34340, [91m35700[0m, 37060, 38420, 39780, [91m41140[0m, 42500, 43860, 45220, [91m46580[0m, 47940, 49300, 50660, [91m52020[0m, 53380, 54740, 56100, [91m57460[0m, 58820, 60180, 61540, [91m62900[0m, 64260, 65620, 66980, [91m68340[0m, 69700, 71060, 72420, [91m73780[0m, 75140, 76500, 77860, [91m79220[0m, 80580, 81940, 83300, [91m84660[0m, 86020, 87380, 88740, [91m90100[0m, 91460, 92820, 94180, [91m95540[0m, 96900, 98260, 99620, [91m100980[0m, 102340, 103700, 105060, [91m106420[0m, 107780, 109140, 110500, [91m111860[0m, 113220, 114580, 115940, [91m117300[0m, 118660, 120020, 121380, [91m122740[0m, 124100, 125460, 126820, [91m128180[0m, 129540, 130900, 132260, [91m133620[0m, 134980, 136340, 137700, [91m139060[0m, 140420, 141780, 143140, [91m144500[0m, 145860, 147220, 148580, [91m149940[0m, 151300, 152660, 154020, [91m155380[0m, 156740, 158100, 159460, [91m160820[0m, 162180, 163540, 164900, [91m166260[0m, 167620, 168980, 170340, [91m171700[0m, 173060, 174420, 175780, [91m177140[0m, 178500, 179860, 181220, [91m182580[0m, 183940, 185300, 186660, [91m188020[0m, 189380, 190740, 192100, [91m193460[0m, 194820, 196180, 197540, [91m198900[0m, 200260, 201620, 202980, [91m204340[0m, 205700, 207060, 208420, [91m209780[0m, 211140, 212500, 213860, [91m215220[0m, 216580, 217940, 219300, [91m220660[0m, 222020, 223380, 224740, [91m226100[0m, 227460, 228820, 230180, [91m231540[0m, 232900, 234260, 235620, [91m236980[0m, 238340, 239700, 241060, [91m242420[0m, 243780, 245140, 246500, [91m247860[0m, 249220, 250580, 251940, [91m253300[0m, 254660, 256020, 257380, [91m258740[0m, 260100, 261460, 262820, [91m264180[0m, 265540, 266900, 268260, [91m269620[0m, 270980, 272340, 273700, [91m275060[0m, 276420, 277780, 279140, [91m280500[0m, 281860, 283220, 284580, [91m285940[0m, 287300, 288660, 290020, [91m291380[0m, 292740, 294100, 295460, [91m296820[0m, 298180, 299540, 300900, [91m302260[0m, 303620, 304980, 306340, [91m307700[0m, 309060, 310420, 311780, [91m313140[0m, 314500, 315860, 317220, [91m318580[0m, 319940, 321300, 322660, [91m324020[0m, 325380, 326740, 328100, [91m329460[0m, 330820, 332180, 333540, [91m334900[0m, 336260, 337620, 338980, [91m340340[0m, 341700, 343060, 344420, [91m345780[0m, 347140, 348500, 349860, [91m351220[0m, 352580, 353940, 355300, [91m356660[0m, 358020, 359380, 360740, [91m362100[0m, 363460, 364820, 366180, [91m367540[0m, 368900, 370260, 371620, [91m372980[0m, 374340, 375700, 377060, [91m378420[0m, 379780, 381140, 382500, [91m383860[0m, 385220, 386580, 387940, [91m389300[0m, 390660, 392020, 393380, [91m394740[0m, 396100, 397460, 398820, [91m400180[0m, 401540, 402900, 404260, [91m405620[0m, 406980, 408340, 409700, [91m411060[0m, 412420, 413780, 415140, [91m416500[0m, 417860, 419220, 420580, [91m421940[0m, 423300, 424660, 426020, [91m427380[0m, 428740, 430100, 431460, [91m432820[0m, 434180, 435540, 436900, [91m438260[0m, 439620, 440980, 442340, [91m443700[0m, 445060, 446420, 447780, [91m449140[0m, 450500, 451860, 453220, [91m454580[0m, 455940, 457300, 458660, [91m460020[0m, 461380, 462740, 464100, [91m465460[0m, 466820, 468180, 469540, [91m470900[0m, 472260, 473620, 474980, [91m476340[0m, 477700, 479060, 480420, [91m481780[0m, 483140, 484500, 485860, [91m487220[0m, 488580, 489940, 491300, [91m492660[0m, 494020, 495380, 496740, [91m498100[0m, 499460, 500820, 502180, [91m503540[0m, 504900, 506260, 507620, [91m508980[0m, 510340, 511700, 513060, [91m514420[0m, 515780, 517140, 518500, [91m519860[0m, 521220, 522580, ]
Indices of used tracks: [2, 6, 10, 14, 18, 22, 26, 30, 34, 38, 42, 46, 50, 54, 58, 62, 66, 70, 74, 78, 82, 86, 90, 94, 98, 102, 106, 110, 114, 118, 122, 126, 130, 134, 138, 142, 146, 150, 154, 158, 162, 166, 170, 174, 178, 182, 186, 190, 194, 198, 202, 206, 210, 214, 218, 222, 226, 230, 234, 238, 242, 246, 250, 254, 258, 262, 266, 270, 274, 278, 282, 286, 290, 294, 298, 302, 306, 310, 314, 318, 322, 326, 330, 334, 338, 342, 346, 350, 354, 358, 362, 366, 370, 374, 378, 382]
---
Placement details for the #W side
Virtual pin count:  0
Actual pin count:  115
Total pin count:  115
Tracks count:  385
Tracks per pin:  3
Used tracks count:  343
Unused track count:  42
Starting track index:  21
Placement Map:
[340, 1700, 3060, 4420, 5780, 7140, 8500, 9860, 11220, 12580, 13940, 15300, 16660, 18020, 19380, 20740, 22100, 23460, 24820, 26180, 27540, [91m28900[0m, 30260, 31620, [91m32980[0m, 34340, 35700, [91m37060[0m, 38420, 39780, [91m41140[0m, 42500, 43860, [91m45220[0m, 46580, 47940, [91m49300[0m, 50660, 52020, [91m53380[0m, 54740, 56100, [91m57460[0m, 58820, 60180, [91m61540[0m, 62900, 64260, [91m65620[0m, 66980, 68340, [91m69700[0m, 71060, 72420, [91m73780[0m, 75140, 76500, [91m77860[0m, 79220, 80580, [91m81940[0m, 83300, 84660, [91m86020[0m, 87380, 88740, [91m90100[0m, 91460, 92820, [91m94180[0m, 95540, 96900, [91m98260[0m, 99620, 100980, [91m102340[0m, 103700, 105060, [91m106420[0m, 107780, 109140, [91m110500[0m, 111860, 113220, [91m114580[0m, 115940, 117300, [91m118660[0m, 120020, 121380, [91m122740[0m, 124100, 125460, [91m126820[0m, 128180, 129540, [91m130900[0m, 132260, 133620, [91m134980[0m, 136340, 137700, [91m139060[0m, 140420, 141780, [91m143140[0m, 144500, 145860, [91m147220[0m, 148580, 149940, [91m151300[0m, 152660, 154020, [91m155380[0m, 156740, 158100, [91m159460[0m, 160820, 162180, [91m163540[0m, 164900, 166260, [91m167620[0m, 168980, 170340, [91m171700[0m, 173060, 174420, [91m175780[0m, 177140, 178500, [91m179860[0m, 181220, 182580, [91m183940[0m, 185300, 186660, [91m188020[0m, 189380, 190740, [91m192100[0m, 193460, 194820, [91m196180[0m, 197540, 198900, [91m200260[0m, 201620, 202980, [91m204340[0m, 205700, 207060, [91m208420[0m, 209780, 211140, [91m212500[0m, 213860, 215220, [91m216580[0m, 217940, 219300, [91m220660[0m, 222020, 223380, [91m224740[0m, 226100, 227460, [91m228820[0m, 230180, 231540, [91m232900[0m, 234260, 235620, [91m236980[0m, 238340, 239700, [91m241060[0m, 242420, 243780, [91m245140[0m, 246500, 247860, [91m249220[0m, 250580, 251940, [91m253300[0m, 254660, 256020, [91m257380[0m, 258740, 260100, [91m261460[0m, 262820, 264180, [91m265540[0m, 266900, 268260, [91m269620[0m, 270980, 272340, [91m273700[0m, 275060, 276420, [91m277780[0m, 279140, 280500, [91m281860[0m, 283220, 284580, [91m285940[0m, 287300, 288660, [91m290020[0m, 291380, 292740, [91m294100[0m, 295460, 296820, [91m298180[0m, 299540, 300900, [91m302260[0m, 303620, 304980, [91m306340[0m, 307700, 309060, [91m310420[0m, 311780, 313140, [91m314500[0m, 315860, 317220, [91m318580[0m, 319940, 321300, [91m322660[0m, 324020, 325380, [91m326740[0m, 328100, 329460, [91m330820[0m, 332180, 333540, [91m334900[0m, 336260, 337620, [91m338980[0m, 340340, 341700, [91m343060[0m, 344420, 345780, [91m347140[0m, 348500, 349860, [91m351220[0m, 352580, 353940, [91m355300[0m, 356660, 358020, [91m359380[0m, 360740, 362100, [91m363460[0m, 364820, 366180, [91m367540[0m, 368900, 370260, [91m371620[0m, 372980, 374340, [91m375700[0m, 377060, 378420, [91m379780[0m, 381140, 382500, [91m383860[0m, 385220, 386580, [91m387940[0m, 389300, 390660, [91m392020[0m, 393380, 394740, [91m396100[0m, 397460, 398820, [91m400180[0m, 401540, 402900, [91m404260[0m, 405620, 406980, [91m408340[0m, 409700, 411060, [91m412420[0m, 413780, 415140, [91m416500[0m, 417860, 419220, [91m420580[0m, 421940, 423300, [91m424660[0m, 426020, 427380, [91m428740[0m, 430100, 431460, [91m432820[0m, 434180, 435540, [91m436900[0m, 438260, 439620, [91m440980[0m, 442340, 443700, [91m445060[0m, 446420, 447780, [91m449140[0m, 450500, 451860, [91m453220[0m, 454580, 455940, [91m457300[0m, 458660, 460020, [91m461380[0m, 462740, 464100, [91m465460[0m, 466820, 468180, [91m469540[0m, 470900, 472260, [91m473620[0m, 474980, 476340, [91m477700[0m, 479060, 480420, [91m481780[0m, 483140, 484500, [91m485860[0m, 487220, 488580, [91m489940[0m, 491300, 492660, [91m494020[0m, 495380, 496740, 498100, 499460, 500820, 502180, 503540, 504900, 506260, 507620, 508980, 510340, 511700, 513060, 514420, 515780, 517140, 518500, 519860, 521220, 522580, ]
Indices of used tracks: [21, 24, 27, 30, 33, 36, 39, 42, 45, 48, 51, 54, 57, 60, 63, 66, 69, 72, 75, 78, 81, 84, 87, 90, 93, 96, 99, 102, 105, 108, 111, 114, 117, 120, 123, 126, 129, 132, 135, 138, 141, 144, 147, 150, 153, 156, 159, 162, 165, 168, 171, 174, 177, 180, 183, 186, 189, 192, 195, 198, 201, 204, 207, 210, 213, 216, 219, 222, 225, 228, 231, 234, 237, 240, 243, 246, 249, 252, 255, 258, 261, 264, 267, 270, 273, 276, 279, 282, 285, 288, 291, 294, 297, 300, 303, 306, 309, 312, 315, 318, 321, 324, 327, 330, 333, 336, 339, 342, 345, 348, 351, 354, 357, 360, 363]
---
