OpenROAD b16bda7e82721d10566ff7e2b68f1ff0be9f9e38 
Features included (+) or not (-): +Charts +GPU +GUI +Python
This program is licensed under the BSD-3 license. See the LICENSE file for details.
Components of this program may be licensed under more restrictive licenses which must be honored.
define_corners Typical
read_liberty -corner Typical /home/ceyhun/.volare/sky130A/libs.ref/sky130_fd_sc_hd/lib/sky130_fd_sc_hd__tt_025C_1v80.lib
Using 1e-12 for capacitance...
Using 1e+03 for resistance...
Using 1e-09 for time...
Using 1e+00 for voltage...
Using 1e-03 for current...
Using 1e-09 for power...
Using 1e-06 for distance...
[INFO]: Reading ODB at '/openlane/ALU/runs/RUN_2025.06.01_13.55.25/tmp/routing/19-io_diodes.odb'…
Reading design constraints file at '/openlane/scripts/base.sdc'…
[INFO]: Setting output delay to: 2.0
[INFO]: Setting input delay to: 2.0
[INFO]: Setting load to: 0.033442
[INFO]: Setting clock uncertainty to: 0.25
[INFO]: Setting clock transition to: 0.15
[INFO]: Setting timing derate to: 5.0 %
Placement Analysis
---------------------------------
total displacement        601.7 u
average displacement        0.1 u
max displacement           11.5 u
original HPWL          227959.1 u
legalized HPWL         235779.1 u
delta HPWL                    3 %

[INFO DPL-0020] Mirrored 2746 instances
[INFO DPL-0021] HPWL before          235779.1 u
[INFO DPL-0022] HPWL after           228364.4 u
[INFO DPL-0023] HPWL delta               -3.1 %
Setting global connections for newly added cells…
Writing OpenROAD database to '/openlane/ALU/runs/RUN_2025.06.01_13.55.25/tmp/routing/./19-io_diode_legalized.odb'…
Writing netlist to '/openlane/ALU/runs/RUN_2025.06.01_13.55.25/tmp/routing/./19-io_diode_legalized.nl.v'…
Writing powered netlist to '/openlane/ALU/runs/RUN_2025.06.01_13.55.25/tmp/routing/./19-io_diode_legalized.pnl.v'…
Writing layout to '/openlane/ALU/runs/RUN_2025.06.01_13.55.25/tmp/routing/./19-io_diode_legalized.def'…
