OpenROAD b16bda7e82721d10566ff7e2b68f1ff0be9f9e38 
Features included (+) or not (-): +Charts +GPU +GUI +Python
This program is licensed under the BSD-3 license. See the LICENSE file for details.
Components of this program may be licensed under more restrictive licenses which must be honored.
define_corners Typical
read_liberty -corner Typical /home/ceyhun/.volare/sky130A/libs.ref/sky130_fd_sc_hd/lib/sky130_fd_sc_hd__tt_025C_1v80.lib
Using 1e-12 for capacitance...
Using 1e+03 for resistance...
Using 1e-09 for time...
Using 1e+00 for voltage...
Using 1e-03 for current...
Using 1e-09 for power...
Using 1e-06 for distance...
[INFO]: Reading ODB at '/openlane/ALU/runs/RUN_2025.06.01_13.55.25/results/floorplan/TopModule.odb'…
Reading design constraints file at '/openlane/scripts/base.sdc'…
[INFO]: Setting output delay to: 2.0
[INFO]: Setting input delay to: 2.0
[INFO]: Setting load to: 0.033442
[INFO]: Setting clock uncertainty to: 0.25
[INFO]: Setting clock transition to: 0.15
[INFO]: Setting timing derate to: 5.0 %
[INFO]: Setting RC values...
[INFO]: Setting signal min routing layer to: met1 and clock min routing layer to met3. 
[INFO]: Setting signal max routing layer to: met5 and clock max routing layer to met5. 
[INFO GPL-0002] DBU: 1000
[INFO GPL-0003] SiteSize: (  0.460  2.720 ) um
[INFO GPL-0004] CoreBBox: (  5.520 10.880 ) ( 507.380 511.360 ) um
[INFO GPL-0006] NumInstances:              9104
[INFO GPL-0007] NumPlaceInstances:         5202
[INFO GPL-0008] NumFixedInstances:         3902
[INFO GPL-0009] NumDummyInstances:            0
[INFO GPL-0010] NumNets:                   5317
[INFO GPL-0011] NumPins:                  18671
[INFO GPL-0012] DieBBox:  (  0.000  0.000 ) ( 513.145 523.865 ) um
[INFO GPL-0013] CoreBBox: (  5.520 10.880 ) ( 507.380 511.360 ) um
[INFO GPL-0016] CoreArea:            251170.893 um^2
[INFO GPL-0017] NonPlaceInstsArea:     5803.066 um^2
[INFO GPL-0018] PlaceInstsArea:       63027.949 um^2
[INFO GPL-0019] Util:                    25.687 %
[INFO GPL-0020] StdInstsArea:         63027.949 um^2
[INFO GPL-0021] MacroInstsArea:           0.000 um^2
[InitialPlace]  Iter: 1 CG residual: 0.00000369 HPWL: 151266060
[InitialPlace]  Iter: 2 CG residual: 0.00000074 HPWL: 123805944
[InitialPlace]  Iter: 3 CG residual: 0.00010756 HPWL: 119049027
[InitialPlace]  Iter: 4 CG residual: 0.00000007 HPWL: 116052341
[InitialPlace]  Iter: 5 CG residual: 0.00000086 HPWL: 113914429
[INFO GPL-0031] FillerInit:NumGCells:     11196
[INFO GPL-0032] FillerInit:NumGNets:       5317
[INFO GPL-0033] FillerInit:NumGPins:      18671
[INFO GPL-0023] TargetDensity:            0.550
[INFO GPL-0024] AvrgPlaceInstArea:       12.116 um^2
[INFO GPL-0025] IdealBinArea:            22.029 um^2
[INFO GPL-0026] IdealBinCnt:              11401
[INFO GPL-0027] TotalBinArea:        251170.893 um^2
[INFO GPL-0028] BinCnt:        64     64
[INFO GPL-0029] BinSize: (  7.842  7.820 )
[INFO GPL-0030] NumBins: 4096
[NesterovSolve] Iter:    1 overflow: 0.959 HPWL: 84477757
[NesterovSolve] Iter:   10 overflow: 0.884 HPWL: 124503370
[NesterovSolve] Iter:   20 overflow: 0.870 HPWL: 126801656
[NesterovSolve] Iter:   30 overflow: 0.867 HPWL: 129395392
[NesterovSolve] Iter:   40 overflow: 0.865 HPWL: 130526198
[NesterovSolve] Iter:   50 overflow: 0.865 HPWL: 131079368
[NesterovSolve] Iter:   60 overflow: 0.866 HPWL: 131185978
[NesterovSolve] Iter:   70 overflow: 0.866 HPWL: 131251414
[NesterovSolve] Iter:   80 overflow: 0.865 HPWL: 131475535
[NesterovSolve] Iter:   90 overflow: 0.866 HPWL: 131843576
[NesterovSolve] Iter:  100 overflow: 0.866 HPWL: 132044874
[NesterovSolve] Iter:  110 overflow: 0.864 HPWL: 132083174
[NesterovSolve] Iter:  120 overflow: 0.863 HPWL: 132036567
[NesterovSolve] Iter:  130 overflow: 0.863 HPWL: 132208124
[NesterovSolve] Iter:  140 overflow: 0.861 HPWL: 132689235
[NesterovSolve] Iter:  150 overflow: 0.858 HPWL: 133716541
[NesterovSolve] Iter:  160 overflow: 0.856 HPWL: 135330733
[NesterovSolve] Iter:  170 overflow: 0.850 HPWL: 137563142
[NesterovSolve] Iter:  180 overflow: 0.843 HPWL: 140382522
[NesterovSolve] Iter:  190 overflow: 0.834 HPWL: 143848216
[NesterovSolve] Iter:  200 overflow: 0.820 HPWL: 148019450
[NesterovSolve] Iter:  210 overflow: 0.803 HPWL: 152964426
[INFO GPL-0100] worst slack 2.68e-09
[INFO GPL-0103] Weighted 531 nets.
[NesterovSolve] Iter:  220 overflow: 0.782 HPWL: 157979494
[NesterovSolve] Iter:  230 overflow: 0.754 HPWL: 162551992
[NesterovSolve] Iter:  240 overflow: 0.724 HPWL: 167348629
[NesterovSolve] Iter:  250 overflow: 0.689 HPWL: 170140850
[NesterovSolve] Iter:  260 overflow: 0.649 HPWL: 173263821
[INFO GPL-0100] worst slack 2.79e-09
[INFO GPL-0103] Weighted 531 nets.
[NesterovSolve] Iter:  270 overflow: 0.600 HPWL: 175845467
[NesterovSolve] Snapshot saved at iter = 270
[NesterovSolve] Iter:  280 overflow: 0.547 HPWL: 178197966
[NesterovSolve] Iter:  290 overflow: 0.489 HPWL: 179719574
[INFO GPL-0100] worst slack 2.84e-09
[INFO GPL-0103] Weighted 531 nets.
[NesterovSolve] Iter:  300 overflow: 0.442 HPWL: 182321960
[NesterovSolve] Iter:  310 overflow: 0.398 HPWL: 183931986
[NesterovSolve] Iter:  320 overflow: 0.358 HPWL: 185027551
[NesterovSolve] Iter:  330 overflow: 0.322 HPWL: 186133860
[NesterovSolve] Iter:  340 overflow: 0.289 HPWL: 186870552
[INFO GPL-0100] worst slack 2.94e-09
[INFO GPL-0103] Weighted 530 nets.
[NesterovSolve] Iter:  350 overflow: 0.262 HPWL: 187940761
[NesterovSolve] Iter:  360 overflow: 0.234 HPWL: 188836957
[NesterovSolve] Iter:  370 overflow: 0.211 HPWL: 189689715
[INFO GPL-0100] worst slack 2.99e-09
[INFO GPL-0103] Weighted 531 nets.
[INFO GPL-0075] Routability numCall: 1 inflationIterCnt: 1 bloatIterCnt: 0
[INFO GPL-0036] TileBBox: (    0    0 ) ( 6900 6900 ) DBU
[INFO GPL-0038] TileCnt:      74   75
[INFO GPL-0039] numRoutingLayers: 6
[INFO GPL-0040] NumTiles: 5550
[INFO GPL-0063] TotalRouteOverflowH2: 0.30000007152557373
[INFO GPL-0064] TotalRouteOverflowV2: 11.9333336353302
[INFO GPL-0065] OverflowTileCnt2: 72
[INFO GPL-0066] 0.5%RC: 1.2000
[INFO GPL-0067] 1.0%RC: 1.1095
[INFO GPL-0068] 2.0%RC: 1.0550
[INFO GPL-0069] 5.0%RC: 0.9672
[INFO GPL-0070] 0.5rcK: 1
[INFO GPL-0071] 1.0rcK: 1
[INFO GPL-0072] 2.0rcK: 0
[INFO GPL-0073] 5.0rcK: 0
[INFO GPL-0074] FinalRC: 1.1547
[INFO GPL-0078] FinalRC lower than minRC (1e+30), min RC updated.
[INFO GPL-0045] InflatedAreaDelta:     1753.511 um^2
[INFO GPL-0046] TargetDensity:            0.550
[INFO GPL-0049] WhiteSpaceArea:      245367.827 um^2
[INFO GPL-0050] NesterovInstsArea:    63027.949 um^2
[INFO GPL-0051] TotalFillerArea:      71924.364 um^2
[INFO GPL-0052] TotalGCellsArea:     134952.313 um^2
[INFO GPL-0053] ExpectedGCellsArea:  136705.823 um^2
[INFO GPL-0054] NewTargetDensity:         0.557
[INFO GPL-0055] NewWhiteSpaceArea:   245367.827 um^2
[INFO GPL-0056] MovableArea:         136705.827 um^2
[INFO GPL-0057] NewNesterovInstArea:  64781.459 um^2
[INFO GPL-0058] NewTotalFillerArea:   71924.367 um^2
[INFO GPL-0059] NewTotalGCellsArea:  136705.827 um^2
[NesterovSolve] Revert back to snapshot coordi
[NesterovSolve] Iter:  380 overflow: 0.567 HPWL: 178875295
[NesterovSolve] Iter:  390 overflow: 0.523 HPWL: 178980128
[NesterovSolve] Iter:  400 overflow: 0.482 HPWL: 181401725
[NesterovSolve] Iter:  410 overflow: 0.443 HPWL: 183158345
[NesterovSolve] Iter:  420 overflow: 0.408 HPWL: 184250081
[NesterovSolve] Iter:  430 overflow: 0.375 HPWL: 185199040
[NesterovSolve] Iter:  440 overflow: 0.346 HPWL: 187043642
[NesterovSolve] Iter:  450 overflow: 0.306 HPWL: 187463430
[NesterovSolve] Iter:  460 overflow: 0.275 HPWL: 188758892
[NesterovSolve] Iter:  470 overflow: 0.247 HPWL: 189366464
[NesterovSolve] Iter:  480 overflow: 0.220 HPWL: 190176658
[INFO GPL-0075] Routability numCall: 2 inflationIterCnt: 2 bloatIterCnt: 0
[INFO GPL-0036] TileBBox: (    0    0 ) ( 6900 6900 ) DBU
[INFO GPL-0038] TileCnt:      74   75
[INFO GPL-0039] numRoutingLayers: 6
[INFO GPL-0040] NumTiles: 5550
[INFO GPL-0063] TotalRouteOverflowH2: 0.10000002384185791
[INFO GPL-0064] TotalRouteOverflowV2: 5.433333992958069
[INFO GPL-0065] OverflowTileCnt2: 35
[INFO GPL-0066] 0.5%RC: 1.0988
[INFO GPL-0067] 1.0%RC: 1.0498
[INFO GPL-0068] 2.0%RC: 1.0250
[INFO GPL-0069] 5.0%RC: 0.9716
[INFO GPL-0070] 0.5rcK: 1
[INFO GPL-0071] 1.0rcK: 1
[INFO GPL-0072] 2.0rcK: 0
[INFO GPL-0073] 5.0rcK: 0
[INFO GPL-0074] FinalRC: 1.0743
[INFO GPL-0078] FinalRC lower than minRC (1.1547401), min RC updated.
[INFO GPL-0045] InflatedAreaDelta:      985.235 um^2
[INFO GPL-0046] TargetDensity:            0.557
[INFO GPL-0049] WhiteSpaceArea:      245367.827 um^2
[INFO GPL-0050] NesterovInstsArea:    64781.459 um^2
[INFO GPL-0051] TotalFillerArea:      71924.367 um^2
[INFO GPL-0052] TotalGCellsArea:     136705.827 um^2
[INFO GPL-0053] ExpectedGCellsArea:  137691.061 um^2
[INFO GPL-0054] NewTargetDensity:         0.561
[INFO GPL-0055] NewWhiteSpaceArea:   245367.827 um^2
[INFO GPL-0056] MovableArea:         137691.054 um^2
[INFO GPL-0057] NewNesterovInstArea:  65766.694 um^2
[INFO GPL-0058] NewTotalFillerArea:   71924.360 um^2
[INFO GPL-0059] NewTotalGCellsArea:  137691.054 um^2
[NesterovSolve] Revert back to snapshot coordi
[NesterovSolve] Iter:  490 overflow: 0.594 HPWL: 176614669
[NesterovSolve] Iter:  500 overflow: 0.541 HPWL: 179992404
[NesterovSolve] Iter:  510 overflow: 0.497 HPWL: 181405969
[NesterovSolve] Iter:  520 overflow: 0.461 HPWL: 183598532
[NesterovSolve] Iter:  530 overflow: 0.421 HPWL: 185011728
[NesterovSolve] Iter:  540 overflow: 0.389 HPWL: 185696471
[NesterovSolve] Iter:  550 overflow: 0.357 HPWL: 187499819
[NesterovSolve] Iter:  560 overflow: 0.321 HPWL: 188418461
[NesterovSolve] Iter:  570 overflow: 0.287 HPWL: 189271400
[NesterovSolve] Iter:  580 overflow: 0.255 HPWL: 190314061
[NesterovSolve] Iter:  590 overflow: 0.232 HPWL: 191016435
[NesterovSolve] Iter:  600 overflow: 0.202 HPWL: 191795705
[INFO GPL-0075] Routability numCall: 3 inflationIterCnt: 3 bloatIterCnt: 0
[INFO GPL-0036] TileBBox: (    0    0 ) ( 6900 6900 ) DBU
[INFO GPL-0038] TileCnt:      74   75
[INFO GPL-0039] numRoutingLayers: 6
[INFO GPL-0040] NumTiles: 5550
[INFO GPL-0063] TotalRouteOverflowH2: 0.5000001192092896
[INFO GPL-0064] TotalRouteOverflowV2: 1.3333336114883423
[INFO GPL-0065] OverflowTileCnt2: 16
[INFO GPL-0066] 0.5%RC: 1.0242
[INFO GPL-0067] 1.0%RC: 1.0122
[INFO GPL-0068] 2.0%RC: 1.0016
[INFO GPL-0069] 5.0%RC: 0.9742
[INFO GPL-0070] 0.5rcK: 1
[INFO GPL-0071] 1.0rcK: 1
[INFO GPL-0072] 2.0rcK: 0
[INFO GPL-0073] 5.0rcK: 0
[INFO GPL-0074] FinalRC: 1.0182
[INFO GPL-0078] FinalRC lower than minRC (1.0743175), min RC updated.
[INFO GPL-0045] InflatedAreaDelta:      467.191 um^2
[INFO GPL-0046] TargetDensity:            0.561
[INFO GPL-0049] WhiteSpaceArea:      245367.827 um^2
[INFO GPL-0050] NesterovInstsArea:    65766.694 um^2
[INFO GPL-0051] TotalFillerArea:      71924.360 um^2
[INFO GPL-0052] TotalGCellsArea:     137691.054 um^2
[INFO GPL-0053] ExpectedGCellsArea:  138158.245 um^2
[INFO GPL-0054] NewTargetDensity:         0.563
[INFO GPL-0055] NewWhiteSpaceArea:   245367.827 um^2
[INFO GPL-0056] MovableArea:         138158.244 um^2
[INFO GPL-0057] NewNesterovInstArea:  66233.885 um^2
[INFO GPL-0058] NewTotalFillerArea:   71924.359 um^2
[INFO GPL-0059] NewTotalGCellsArea:  138158.244 um^2
[NesterovSolve] Revert back to snapshot coordi
[NesterovSolve] Iter:  610 overflow: 0.553 HPWL: 180542162
[NesterovSolve] Iter:  620 overflow: 0.512 HPWL: 181290381
[NesterovSolve] Iter:  630 overflow: 0.474 HPWL: 183266407
[NesterovSolve] Iter:  640 overflow: 0.433 HPWL: 184901507
[NesterovSolve] Iter:  650 overflow: 0.397 HPWL: 185843206
[NesterovSolve] Iter:  660 overflow: 0.369 HPWL: 187238837
[NesterovSolve] Iter:  670 overflow: 0.327 HPWL: 188547967
[NesterovSolve] Iter:  680 overflow: 0.294 HPWL: 189617152
[NesterovSolve] Iter:  690 overflow: 0.263 HPWL: 190541708
[NesterovSolve] Iter:  700 overflow: 0.237 HPWL: 191404948
[NesterovSolve] Iter:  710 overflow: 0.209 HPWL: 192209667
[INFO GPL-0075] Routability numCall: 4 inflationIterCnt: 4 bloatIterCnt: 0
[INFO GPL-0036] TileBBox: (    0    0 ) ( 6900 6900 ) DBU
[INFO GPL-0038] TileCnt:      74   75
[INFO GPL-0039] numRoutingLayers: 6
[INFO GPL-0040] NumTiles: 5550
[INFO GPL-0063] TotalRouteOverflowH2: 0.40000009536743164
[INFO GPL-0064] TotalRouteOverflowV2: 0.8000003099441528
[INFO GPL-0065] OverflowTileCnt2: 12
[INFO GPL-0066] 0.5%RC: 1.0145
[INFO GPL-0067] 1.0%RC: 1.0073
[INFO GPL-0068] 2.0%RC: 1.0013
[INFO GPL-0069] 5.0%RC: 0.9761
[INFO GPL-0070] 0.5rcK: 1
[INFO GPL-0071] 1.0rcK: 1
[INFO GPL-0072] 2.0rcK: 0
[INFO GPL-0073] 5.0rcK: 0
[INFO GPL-0074] FinalRC: 1.0109
[INFO GPL-0078] FinalRC lower than minRC (1.0182375), min RC updated.
[INFO GPL-0045] InflatedAreaDelta:      258.692 um^2
[INFO GPL-0046] TargetDensity:            0.563
[INFO GPL-0049] WhiteSpaceArea:      245367.827 um^2
[INFO GPL-0050] NesterovInstsArea:    66233.885 um^2
[INFO GPL-0051] TotalFillerArea:      71924.359 um^2
[INFO GPL-0052] TotalGCellsArea:     138158.244 um^2
[INFO GPL-0053] ExpectedGCellsArea:  138416.936 um^2
[INFO GPL-0054] NewTargetDensity:         0.564
[INFO GPL-0055] NewWhiteSpaceArea:   245367.827 um^2
[INFO GPL-0056] MovableArea:         138416.931 um^2
[INFO GPL-0057] NewNesterovInstArea:  66492.577 um^2
[INFO GPL-0058] NewTotalFillerArea:   71924.354 um^2
[INFO GPL-0059] NewTotalGCellsArea:  138416.931 um^2
[NesterovSolve] Revert back to snapshot coordi
[NesterovSolve] Iter:  720 overflow: 0.565 HPWL: 181087648
[NesterovSolve] Iter:  730 overflow: 0.525 HPWL: 180867965
[NesterovSolve] Iter:  740 overflow: 0.484 HPWL: 182874593
[NesterovSolve] Iter:  750 overflow: 0.445 HPWL: 185042788
[NesterovSolve] Iter:  760 overflow: 0.408 HPWL: 186186621
[NesterovSolve] Iter:  770 overflow: 0.372 HPWL: 186882363
[NesterovSolve] Iter:  780 overflow: 0.341 HPWL: 188400473
[NesterovSolve] Iter:  790 overflow: 0.308 HPWL: 189338486
[NesterovSolve] Iter:  800 overflow: 0.276 HPWL: 190269847
[NesterovSolve] Iter:  810 overflow: 0.241 HPWL: 190915042
[NesterovSolve] Iter:  820 overflow: 0.218 HPWL: 191758113
[INFO GPL-0075] Routability numCall: 5 inflationIterCnt: 0 bloatIterCnt: 1
[INFO GPL-0036] TileBBox: (    0    0 ) ( 6900 6900 ) DBU
[INFO GPL-0038] TileCnt:      74   75
[INFO GPL-0039] numRoutingLayers: 6
[INFO GPL-0040] NumTiles: 5550
[INFO GPL-0063] TotalRouteOverflowH2: 1.6000001430511475
[INFO GPL-0064] TotalRouteOverflowV2: 0.566666841506958
[INFO GPL-0065] OverflowTileCnt2: 12
[INFO GPL-0066] 0.5%RC: 1.0203
[INFO GPL-0067] 1.0%RC: 1.0101
[INFO GPL-0068] 2.0%RC: 1.0051
[INFO GPL-0069] 5.0%RC: 0.9663
[INFO GPL-0070] 0.5rcK: 1
[INFO GPL-0071] 1.0rcK: 1
[INFO GPL-0072] 2.0rcK: 0
[INFO GPL-0073] 5.0rcK: 0
[INFO GPL-0074] FinalRC: 1.0152
[INFO GPL-0079] MinRC (1.0109425) violation occurred, total count: 1.
[INFO GPL-0045] InflatedAreaDelta:      843.708 um^2
[INFO GPL-0046] TargetDensity:            0.564
[INFO GPL-0049] WhiteSpaceArea:      245367.827 um^2
[INFO GPL-0050] NesterovInstsArea:    66492.577 um^2
[INFO GPL-0051] TotalFillerArea:      71924.354 um^2
[INFO GPL-0052] TotalGCellsArea:     138416.931 um^2
[INFO GPL-0053] ExpectedGCellsArea:  139260.639 um^2
[INFO GPL-0054] NewTargetDensity:         0.568
[INFO GPL-0055] NewWhiteSpaceArea:   245367.827 um^2
[INFO GPL-0056] MovableArea:         139260.641 um^2
[INFO GPL-0057] NewNesterovInstArea:  67336.285 um^2
[INFO GPL-0058] NewTotalFillerArea:   71924.356 um^2
[INFO GPL-0059] NewTotalGCellsArea:  139260.641 um^2
[NesterovSolve] Revert back to snapshot coordi
[NesterovSolve] Iter:  830 overflow: 0.576 HPWL: 181579426
[NesterovSolve] Iter:  840 overflow: 0.528 HPWL: 181019499
[NesterovSolve] Iter:  850 overflow: 0.488 HPWL: 182972713
[NesterovSolve] Iter:  860 overflow: 0.454 HPWL: 185523486
[NesterovSolve] Iter:  870 overflow: 0.416 HPWL: 186861372
[NesterovSolve] Iter:  880 overflow: 0.377 HPWL: 187429070
[NesterovSolve] Iter:  890 overflow: 0.347 HPWL: 188567897
[NesterovSolve] Iter:  900 overflow: 0.311 HPWL: 189787769
[NesterovSolve] Iter:  910 overflow: 0.282 HPWL: 191077980
[NesterovSolve] Iter:  920 overflow: 0.249 HPWL: 191792078
[NesterovSolve] Iter:  930 overflow: 0.223 HPWL: 192629281
[NesterovSolve] Iter:  940 overflow: 0.196 HPWL: 193472520
[INFO GPL-0075] Routability numCall: 6 inflationIterCnt: 1 bloatIterCnt: 1
[INFO GPL-0036] TileBBox: (    0    0 ) ( 6900 6900 ) DBU
[INFO GPL-0038] TileCnt:      74   75
[INFO GPL-0039] numRoutingLayers: 6
[INFO GPL-0040] NumTiles: 5550
[INFO GPL-0063] TotalRouteOverflowH2: 0.20000004768371582
[INFO GPL-0064] TotalRouteOverflowV2: 1.7666668891906738
[INFO GPL-0065] OverflowTileCnt2: 16
[INFO GPL-0066] 0.5%RC: 1.0321
[INFO GPL-0067] 1.0%RC: 1.0162
[INFO GPL-0068] 2.0%RC: 1.0054
[INFO GPL-0069] 5.0%RC: 0.9614
[INFO GPL-0070] 0.5rcK: 1
[INFO GPL-0071] 1.0rcK: 1
[INFO GPL-0072] 2.0rcK: 0
[INFO GPL-0073] 5.0rcK: 0
[INFO GPL-0074] FinalRC: 1.0242
[INFO GPL-0079] MinRC (1.0109425) violation occurred, total count: 2.
[INFO GPL-0045] InflatedAreaDelta:      496.702 um^2
[INFO GPL-0046] TargetDensity:            0.568
[INFO GPL-0049] WhiteSpaceArea:      245367.827 um^2
[INFO GPL-0050] NesterovInstsArea:    67336.285 um^2
[INFO GPL-0051] TotalFillerArea:      71924.356 um^2
[INFO GPL-0052] TotalGCellsArea:     139260.641 um^2
[INFO GPL-0053] ExpectedGCellsArea:  139757.344 um^2
[INFO GPL-0054] NewTargetDensity:         0.570
[INFO GPL-0055] NewWhiteSpaceArea:   245367.827 um^2
[INFO GPL-0056] MovableArea:         139757.339 um^2
[INFO GPL-0057] NewNesterovInstArea:  67832.988 um^2
[INFO GPL-0058] NewTotalFillerArea:   71924.351 um^2
[INFO GPL-0059] NewTotalGCellsArea:  139757.339 um^2
[NesterovSolve] Revert back to snapshot coordi
[NesterovSolve] Iter:  950 overflow: 0.541 HPWL: 181763325
[NesterovSolve] Iter:  960 overflow: 0.504 HPWL: 182669572
[NesterovSolve] Iter:  970 overflow: 0.464 HPWL: 184609882
[NesterovSolve] Iter:  980 overflow: 0.431 HPWL: 186755054
[NesterovSolve] Iter:  990 overflow: 0.394 HPWL: 187746287
[NesterovSolve] Iter: 1000 overflow: 0.360 HPWL: 188485554
[NesterovSolve] Iter: 1010 overflow: 0.325 HPWL: 190262525
[NesterovSolve] Iter: 1020 overflow: 0.296 HPWL: 191064179
[NesterovSolve] Iter: 1030 overflow: 0.262 HPWL: 192064009
[NesterovSolve] Iter: 1040 overflow: 0.233 HPWL: 192838054
[NesterovSolve] Iter: 1050 overflow: 0.208 HPWL: 193650989
[INFO GPL-0075] Routability numCall: 7 inflationIterCnt: 2 bloatIterCnt: 1
[INFO GPL-0036] TileBBox: (    0    0 ) ( 6900 6900 ) DBU
[INFO GPL-0038] TileCnt:      74   75
[INFO GPL-0039] numRoutingLayers: 6
[INFO GPL-0040] NumTiles: 5550
[INFO GPL-0063] TotalRouteOverflowH2: 0
[INFO GPL-0064] TotalRouteOverflowV2: 2.0666674375534058
[INFO GPL-0065] OverflowTileCnt2: 20
[INFO GPL-0066] 0.5%RC: 1.0376
[INFO GPL-0067] 1.0%RC: 1.0190
[INFO GPL-0068] 2.0%RC: 1.0095
[INFO GPL-0069] 5.0%RC: 0.9628
[INFO GPL-0070] 0.5rcK: 1
[INFO GPL-0071] 1.0rcK: 1
[INFO GPL-0072] 2.0rcK: 0
[INFO GPL-0073] 5.0rcK: 0
[INFO GPL-0074] FinalRC: 1.0283
[INFO GPL-0079] MinRC (1.0109425) violation occurred, total count: 3.
[INFO GPL-0045] InflatedAreaDelta:      328.525 um^2
[INFO GPL-0046] TargetDensity:            0.570
Revert Routability Procedure. Target density higher than max, or minRC max violations.
[INFO GPL-0080] minRcViolatedCnt: 3
[INFO GPL-0047] SavedMinRC: 1.0109
[INFO GPL-0048] SavedTargetDensity: 0.5631
[NesterovSolve] Revert back to snapshot coordi
[NesterovSolve] Iter: 1060 overflow: 0.560 HPWL: 178434511
[NesterovSolve] Iter: 1070 overflow: 0.517 HPWL: 179326361
[NesterovSolve] Iter: 1080 overflow: 0.476 HPWL: 181414718
[NesterovSolve] Iter: 1090 overflow: 0.437 HPWL: 183382443
[NesterovSolve] Iter: 1100 overflow: 0.401 HPWL: 184679742
[NesterovSolve] Iter: 1110 overflow: 0.371 HPWL: 185890975
[NesterovSolve] Iter: 1120 overflow: 0.333 HPWL: 187760602
[NesterovSolve] Iter: 1130 overflow: 0.300 HPWL: 188853120
[NesterovSolve] Iter: 1140 overflow: 0.268 HPWL: 190149523
[NesterovSolve] Iter: 1150 overflow: 0.242 HPWL: 191042688
[NesterovSolve] Iter: 1160 overflow: 0.214 HPWL: 191867516
[NesterovSolve] Iter: 1170 overflow: 0.189 HPWL: 192877770
[NesterovSolve] Iter: 1180 overflow: 0.164 HPWL: 193849868
[INFO GPL-0100] worst slack 3.08e-09
[INFO GPL-0103] Weighted 531 nets.
[NesterovSolve] Iter: 1190 overflow: 0.141 HPWL: 194565865
[NesterovSolve] Iter: 1200 overflow: 0.118 HPWL: 195147281
[NesterovSolve] Iter: 1210 overflow: 0.100 HPWL: 195836893
[NesterovSolve] Finished with Overflow: 0.098301
Setting global connections for newly added cells…
Writing OpenROAD database to '/openlane/ALU/runs/RUN_2025.06.01_13.55.25/tmp/placement/7-global.odb'…
Writing netlist to '/openlane/ALU/runs/RUN_2025.06.01_13.55.25/tmp/placement/7-global.nl.v'…
Writing powered netlist to '/openlane/ALU/runs/RUN_2025.06.01_13.55.25/tmp/placement/7-global.pnl.v'…
Writing layout to '/openlane/ALU/runs/RUN_2025.06.01_13.55.25/tmp/placement/7-global.def'…
