
===========================================================================
 report_power
============================================================================
======================= Fastest Corner ===================================

Group                  Internal  Switching    Leakage      Total
                          Power      Power      Power      Power (Watts)
----------------------------------------------------------------
Sequential             1.05e-03   1.35e-04   2.21e-07   1.18e-03  25.3%
Combinational          1.04e-03   1.82e-03   1.39e-08   2.85e-03  61.1%
Clock                  2.23e-04   4.10e-04   4.94e-09   6.33e-04  13.6%
Macro                  0.00e+00   0.00e+00   0.00e+00   0.00e+00   0.0%
Pad                    0.00e+00   0.00e+00   0.00e+00   0.00e+00   0.0%
----------------------------------------------------------------
Total                  2.31e-03   2.36e-03   2.40e-07   4.67e-03 100.0%
                          49.4%      50.6%       0.0%

======================= Slowest Corner ===================================

Group                  Internal  Switching    Leakage      Total
                          Power      Power      Power      Power (Watts)
----------------------------------------------------------------
Sequential             6.97e-04   8.88e-05   3.36e-06   7.89e-04  24.7%
Combinational          7.58e-04   1.21e-03   8.01e-06   1.98e-03  61.9%
Clock                  1.59e-04   2.68e-04   3.03e-07   4.28e-04  13.4%
Macro                  0.00e+00   0.00e+00   0.00e+00   0.00e+00   0.0%
Pad                    0.00e+00   0.00e+00   0.00e+00   0.00e+00   0.0%
----------------------------------------------------------------
Total                  1.61e-03   1.57e-03   1.17e-05   3.19e-03 100.0%
                          50.5%      49.1%       0.4%

======================= Typical Corner ===================================

Group                  Internal  Switching    Leakage      Total
                          Power      Power      Power      Power (Watts)
----------------------------------------------------------------
Sequential             9.03e-04   1.13e-04   2.20e-07   1.02e-03  25.2%
Combinational          9.33e-04   1.54e-03   6.42e-09   2.47e-03  61.4%
Clock                  1.94e-04   3.46e-04   4.26e-09   5.40e-04  13.4%
Macro                  0.00e+00   0.00e+00   0.00e+00   0.00e+00   0.0%
Pad                    0.00e+00   0.00e+00   0.00e+00   0.00e+00   0.0%
----------------------------------------------------------------
Total                  2.03e-03   2.00e-03   2.31e-07   4.03e-03 100.0%
                          50.4%      49.6%       0.0%

