
===========================================================================
 report_power
============================================================================
======================= Fastest Corner ===================================

Group                  Internal  Switching    Leakage      Total
                          Power      Power      Power      Power (Watts)
----------------------------------------------------------------
Sequential             1.05e-03   1.42e-04   2.21e-07   1.19e-03  25.0%
Combinational          1.04e-03   1.88e-03   1.39e-08   2.92e-03  61.4%
Clock                  2.23e-04   4.24e-04   4.94e-09   6.47e-04  13.6%
Macro                  0.00e+00   0.00e+00   0.00e+00   0.00e+00   0.0%
Pad                    0.00e+00   0.00e+00   0.00e+00   0.00e+00   0.0%
----------------------------------------------------------------
Total                  2.31e-03   2.45e-03   2.40e-07   4.76e-03 100.0%
                          48.5%      51.4%       0.0%

======================= Slowest Corner ===================================

Group                  Internal  Switching    Leakage      Total
                          Power      Power      Power      Power (Watts)
----------------------------------------------------------------
Sequential             6.97e-04   9.36e-05   3.36e-06   7.94e-04  24.4%
Combinational          7.58e-04   1.25e-03   8.01e-06   2.02e-03  62.2%
Clock                  1.59e-04   2.78e-04   3.03e-07   4.37e-04  13.4%
Macro                  0.00e+00   0.00e+00   0.00e+00   0.00e+00   0.0%
Pad                    0.00e+00   0.00e+00   0.00e+00   0.00e+00   0.0%
----------------------------------------------------------------
Total                  1.61e-03   1.63e-03   1.17e-05   3.25e-03 100.0%
                          49.6%      50.0%       0.4%

======================= Typical Corner ===================================

Group                  Internal  Switching    Leakage      Total
                          Power      Power      Power      Power (Watts)
----------------------------------------------------------------
Sequential             9.03e-04   1.19e-04   2.20e-07   1.02e-03  24.9%
Combinational          9.33e-04   1.60e-03   6.42e-09   2.53e-03  61.6%
Clock                  1.94e-04   3.57e-04   4.26e-09   5.51e-04  13.4%
Macro                  0.00e+00   0.00e+00   0.00e+00   0.00e+00   0.0%
Pad                    0.00e+00   0.00e+00   0.00e+00   0.00e+00   0.0%
----------------------------------------------------------------
Total                  2.03e-03   2.07e-03   2.31e-07   4.10e-03 100.0%
                          49.5%      50.5%       0.0%

