OpenROAD b16bda7e82721d10566ff7e2b68f1ff0be9f9e38 
Features included (+) or not (-): +Charts +GPU +GUI +Python
This program is licensed under the BSD-3 license. See the LICENSE file for details.
Components of this program may be licensed under more restrictive licenses which must be honored.
define_corners Typical
read_liberty -corner Typical /home/ceyhun/.volare/sky130A/libs.ref/sky130_fd_sc_hd/lib/sky130_fd_sc_hd__tt_025C_1v80.lib
Using 1e-12 for capacitance...
Using 1e+03 for resistance...
Using 1e-09 for time...
Using 1e+00 for voltage...
Using 1e-03 for current...
Using 1e-09 for power...
Using 1e-06 for distance...
[INFO]: Reading ODB at '/openlane/full_cpu/runs/RUN_2025.06.08_10.48.38/results/cts/full_cpu.odb'…
Reading design constraints file at '/openlane/scripts/base.sdc'…
[INFO]: Setting output delay to: 2.0
[INFO]: Setting input delay to: 2.0
[INFO]: Setting load to: 0.033442
[INFO]: Setting clock uncertainty to: 0.25
[INFO]: Setting clock transition to: 0.15
[INFO]: Setting timing derate to: 5.0 %
[INFO]: Propagating all clocks
[INFO]: Setting RC values...
min_report

===========================================================================
report_checks -path_delay min (Hold)
============================================================================
======================= Typical Corner ===================================

No paths found.

worst slack corner Typical: INF
min_report_end
max_report

===========================================================================
report_checks -path_delay max (Setup)
============================================================================
======================= Typical Corner ===================================

No paths found.

worst slack corner Typical: INF
max_report_end
checks_report

===========================================================================
report_checks -unconstrained
===========================================================================
======================= Typical Corner ===================================

No paths found.


===========================================================================
report_checks --slack_max -0.01
============================================================================
======================= Typical Corner ===================================

No paths found.


===========================================================================
 report_check_types -max_slew -max_cap -max_fanout -violators
============================================================================
======================= Typical Corner ===================================


max slew violations count Typical: 0
max fanout violations count Typical: 0
max cap violations count Typical: 0

===========================================================================
report_parasitic_annotation -report_unannotated
============================================================================
Found 17 unannotated drivers.
 clk
 control
 reset_btn
 full_cpu_1/HI
 full_cpu_10/HI
 full_cpu_11/HI
 full_cpu_12/HI
 full_cpu_13/LO
 full_cpu_14/LO
 full_cpu_2/HI
 full_cpu_3/HI
 full_cpu_4/HI
 full_cpu_5/HI
 full_cpu_6/HI
 full_cpu_7/HI
 full_cpu_8/HI
 full_cpu_9/HI
Found 0 partially unannotated drivers.

===========================================================================
max slew violation count 0
max fanout violation count 0
max cap violation count 0
============================================================================

===========================================================================
check_setup -verbose -unconstrained_endpoints -multiple_clock -no_clock -no_input_delay -loops -generated_clocks
===========================================================================
Warning: There are 14 unconstrained endpoints.
  seg_high[0]
  seg_high[1]
  seg_high[2]
  seg_high[3]
  seg_high[4]
  seg_high[5]
  seg_high[6]
  seg_low[0]
  seg_low[1]
  seg_low[2]
  seg_low[3]
  seg_low[4]
  seg_low[5]
  seg_low[6]
checks_report_end
power_report

===========================================================================
 report_power
============================================================================
======================= Typical Corner ===================================

Group                  Internal  Switching    Leakage      Total
                          Power      Power      Power      Power (Watts)
----------------------------------------------------------------
Sequential             0.00e+00   0.00e+00   0.00e+00   0.00e+00   0.0%
Combinational          0.00e+00   0.00e+00   4.54e-11   4.54e-11  53.8%
Clock                  0.00e+00   0.00e+00   3.89e-11   3.89e-11  46.2%
Macro                  0.00e+00   0.00e+00   0.00e+00   0.00e+00   0.0%
Pad                    0.00e+00   0.00e+00   0.00e+00   0.00e+00   0.0%
----------------------------------------------------------------
Total                  0.00e+00   0.00e+00   8.42e-11   8.42e-11 100.0%
                           0.0%       0.0%     100.0%

power_report_end
skew_report

===========================================================================
report_clock_skew
============================================================================
Clock clk
No launch/capture paths found.

skew_report_end
summary_report

===========================================================================
report_tns
============================================================================
tns 0.00

===========================================================================
report_wns
============================================================================
wns 0.00

===========================================================================
report_worst_slack -max (Setup)
============================================================================
worst slack INF

===========================================================================
report_worst_slack -min (Hold)
============================================================================
worst slack INF
summary_report_end
area_report

===========================================================================
report_design_area
============================================================================
Design area 58 u^2 19% utilization.
area_report_end
check_nonpropagated_clocks
check_nonpropagated_clocks_end
[WARNING] Did not save OpenROAD database!
Writing SDF to '/openlane/full_cpu/runs/RUN_2025.06.08_10.48.38/results/signoff/full_cpu.sdf'…
Writing timing model to '/openlane/full_cpu/runs/RUN_2025.06.08_10.48.38/results/signoff/full_cpu.lib'…
