
===========================================================================
 report_power
============================================================================
======================= Fastest Corner ===================================

Group                  Internal  Switching    Leakage      Total
                          Power      Power      Power      Power (Watts)
----------------------------------------------------------------
Sequential             6.18e-03   9.22e-04   1.54e-08   7.10e-03  38.2%
Combinational          4.07e-03   2.91e-03   4.93e-08   6.98e-03  37.5%
Clock                  2.00e-03   2.51e-03   2.01e-08   4.51e-03  24.3%
Macro                  0.00e+00   0.00e+00   0.00e+00   0.00e+00   0.0%
Pad                    0.00e+00   0.00e+00   0.00e+00   0.00e+00   0.0%
----------------------------------------------------------------
Total                  1.23e-02   6.34e-03   8.49e-08   1.86e-02 100.0%
                          65.9%      34.1%       0.0%

======================= Slowest Corner ===================================

Group                  Internal  Switching    Leakage      Total
                          Power      Power      Power      Power (Watts)
----------------------------------------------------------------
Sequential             4.19e-03   5.88e-04   1.53e-05   4.79e-03  38.0%
Combinational          2.81e-03   1.92e-03   3.76e-05   4.77e-03  37.7%
Clock                  1.43e-03   1.63e-03   2.31e-06   3.07e-03  24.3%
Macro                  0.00e+00   0.00e+00   0.00e+00   0.00e+00   0.0%
Pad                    0.00e+00   0.00e+00   0.00e+00   0.00e+00   0.0%
----------------------------------------------------------------
Total                  8.43e-03   4.14e-03   5.52e-05   1.26e-02 100.0%
                          66.8%      32.8%       0.4%

======================= Typical Corner ===================================

Group                  Internal  Switching    Leakage      Total
                          Power      Power      Power      Power (Watts)
----------------------------------------------------------------
Sequential             5.35e-03   7.64e-04   8.85e-09   6.12e-03  38.2%
Combinational          3.57e-03   2.45e-03   2.55e-08   6.02e-03  37.6%
Clock                  1.75e-03   2.12e-03   1.46e-08   3.86e-03  24.1%
Macro                  0.00e+00   0.00e+00   0.00e+00   0.00e+00   0.0%
Pad                    0.00e+00   0.00e+00   0.00e+00   0.00e+00   0.0%
----------------------------------------------------------------
Total                  1.07e-02   5.33e-03   4.90e-08   1.60e-02 100.0%
                          66.7%      33.3%       0.0%

