
===========================================================================
report_checks -unconstrained
===========================================================================
======================= Typical Corner ===================================

Startpoint: rst (input port clocked by clk)
Endpoint: _2719_ (recovery check against rising-edge clock clk)
Path Group: asynchronous
Path Type: max

Fanout     Cap    Slew   Delay    Time   Description
-----------------------------------------------------------------------------
                          0.00    0.00   clock clk (rise edge)
                          0.00    0.00   clock network delay (propagated)
                          2.00    2.00 v input external delay
     4    0.03    0.07    0.05    2.05 v rst (in)
                                         rst (net)
                  0.07    0.00    2.05 v _2489_/A (sky130_fd_sc_hd__dlymetal6s2s_1)
     4    0.01    0.08    0.19    2.24 v _2489_/X (sky130_fd_sc_hd__dlymetal6s2s_1)
                                         _1255_ (net)
                  0.08    0.00    2.24 v _2508_/A (sky130_fd_sc_hd__buf_4)
    10    0.05    0.08    0.22    2.46 v _2508_/X (sky130_fd_sc_hd__buf_4)
                                         _1258_ (net)
                  0.08    0.00    2.46 v _2517_/A (sky130_fd_sc_hd__inv_2)
     1    0.01    0.04    0.07    2.53 ^ _2517_/Y (sky130_fd_sc_hd__inv_2)
                                         _0113_ (net)
                  0.04    0.00    2.53 ^ _2719_/RESET_B (sky130_fd_sc_hd__dfrtp_1)
                                  2.53   data arrival time

                         10.00   10.00   clock clk (rise edge)
                          0.00   10.00   clock source latency
     1    0.02    0.09    0.06   10.06 ^ clk (in)
                                         clk (net)
                  0.09    0.00   10.06 ^ clkbuf_0_clk/A (sky130_fd_sc_hd__clkbuf_16)
    16    0.07    0.09    0.17   10.23 ^ clkbuf_0_clk/X (sky130_fd_sc_hd__clkbuf_16)
                                         clknet_0_clk (net)
                  0.09    0.00   10.23 ^ clkbuf_4_15_0_clk/A (sky130_fd_sc_hd__clkbuf_8)
    10    0.05    0.09    0.17   10.40 ^ clkbuf_4_15_0_clk/X (sky130_fd_sc_hd__clkbuf_8)
                                         clknet_4_15_0_clk (net)
                  0.09    0.00   10.40 ^ _2719_/CLK (sky130_fd_sc_hd__dfrtp_1)
                         -0.25   10.15   clock uncertainty
                          0.00   10.15   clock reconvergence pessimism
                          0.25   10.40   library recovery time
                                 10.40   data required time
-----------------------------------------------------------------------------
                                 10.40   data required time
                                 -2.53   data arrival time
-----------------------------------------------------------------------------
                                  7.88   slack (MET)


Startpoint: control (input port clocked by clk)
Endpoint: _2722_ (rising edge-triggered flip-flop clocked by clk)
Path Group: clk
Path Type: max

Fanout     Cap    Slew   Delay    Time   Description
-----------------------------------------------------------------------------
                          0.00    0.00   clock clk (rise edge)
                          0.00    0.00   clock network delay (propagated)
                          2.00    2.00 v input external delay
     1    0.00    0.01    0.01    2.01 v control (in)
                                         control (net)
                  0.01    0.00    2.01 v input1/A (sky130_fd_sc_hd__buf_6)
     8    0.03    0.04    0.12    2.13 v input1/X (sky130_fd_sc_hd__buf_6)
                                         net1 (net)
                  0.04    0.00    2.13 v _1501_/C (sky130_fd_sc_hd__and4bb_1)
     1    0.00    0.05    0.20    2.33 v _1501_/X (sky130_fd_sc_hd__and4bb_1)
                                         _0475_ (net)
                  0.05    0.00    2.33 v _1502_/A (sky130_fd_sc_hd__buf_6)
     8    0.05    0.06    0.16    2.48 v _1502_/X (sky130_fd_sc_hd__buf_6)
                                         _0476_ (net)
                  0.06    0.00    2.49 v _1567_/A1 (sky130_fd_sc_hd__a22o_4)
     2    0.01    0.04    0.25    2.74 v _1567_/X (sky130_fd_sc_hd__a22o_4)
                                         _0515_ (net)
                  0.04    0.00    2.74 v _1574_/A (sky130_fd_sc_hd__or4_4)
     1    0.01    0.09    0.55    3.30 v _1574_/X (sky130_fd_sc_hd__or4_4)
                                         _0522_ (net)
                  0.09    0.00    3.30 v _1575_/A (sky130_fd_sc_hd__buf_6)
     8    0.03    0.04    0.16    3.45 v _1575_/X (sky130_fd_sc_hd__buf_6)
                                         _0523_ (net)
                  0.04    0.00    3.45 v _1708_/D (sky130_fd_sc_hd__or4_4)
     4    0.01    0.10    0.46    3.92 v _1708_/X (sky130_fd_sc_hd__or4_4)
                                         _0640_ (net)
                  0.10    0.00    3.92 v _1709_/A3 (sky130_fd_sc_hd__o31a_1)
     1    0.00    0.05    0.27    4.19 v _1709_/X (sky130_fd_sc_hd__o31a_1)
                                         _0641_ (net)
                  0.05    0.00    4.19 v _1710_/A2 (sky130_fd_sc_hd__o21a_1)
     3    0.01    0.06    0.21    4.39 v _1710_/X (sky130_fd_sc_hd__o21a_1)
                                         _0642_ (net)
                  0.06    0.00    4.39 v _1712_/A2 (sky130_fd_sc_hd__o21a_1)
     3    0.01    0.06    0.20    4.60 v _1712_/X (sky130_fd_sc_hd__o21a_1)
                                         _0644_ (net)
                  0.06    0.00    4.60 v _1720_/B (sky130_fd_sc_hd__or4b_4)
     2    0.01    0.09    0.55    5.15 v _1720_/X (sky130_fd_sc_hd__or4b_4)
                                         _0651_ (net)
                  0.09    0.00    5.15 v _1732_/C (sky130_fd_sc_hd__or4_4)
     1    0.00    0.08    0.51    5.65 v _1732_/X (sky130_fd_sc_hd__or4_4)
                                         _0661_ (net)
                  0.08    0.00    5.65 v _1735_/C1 (sky130_fd_sc_hd__a311o_1)
     2    0.01    0.08    0.32    5.97 v _1735_/X (sky130_fd_sc_hd__a311o_1)
                                         _0664_ (net)
                  0.08    0.00    5.97 v _1754_/A1 (sky130_fd_sc_hd__a21o_1)
     6    0.02    0.12    0.26    6.23 v _1754_/X (sky130_fd_sc_hd__a21o_1)
                                         _0683_ (net)
                  0.12    0.00    6.23 v _1818_/A3 (sky130_fd_sc_hd__o31ai_4)
     3    0.01    0.21    0.24    6.47 ^ _1818_/Y (sky130_fd_sc_hd__o31ai_4)
                                         _0740_ (net)
                  0.21    0.00    6.47 ^ _2051_/A (sky130_fd_sc_hd__nand2_1)
     3    0.01    0.09    0.13    6.60 v _2051_/Y (sky130_fd_sc_hd__nand2_1)
                                         _0955_ (net)
                  0.09    0.00    6.60 v _2052_/A2 (sky130_fd_sc_hd__a21oi_1)
     2    0.01    0.15    0.20    6.80 ^ _2052_/Y (sky130_fd_sc_hd__a21oi_1)
                                         _0956_ (net)
                  0.15    0.00    6.80 ^ _2053_/B_N (sky130_fd_sc_hd__or2b_1)
     3    0.01    0.07    0.28    7.08 v _2053_/X (sky130_fd_sc_hd__or2b_1)
                                         _0957_ (net)
                  0.07    0.00    7.08 v _2054_/C (sky130_fd_sc_hd__and3_1)
     1    0.01    0.05    0.21    7.29 v _2054_/X (sky130_fd_sc_hd__and3_1)
                                         _0958_ (net)
                  0.05    0.00    7.29 v _2063_/A2 (sky130_fd_sc_hd__o31ai_2)
     2    0.01    0.26    0.29    7.58 ^ _2063_/Y (sky130_fd_sc_hd__o31ai_2)
                                         _0967_ (net)
                  0.26    0.00    7.58 ^ _2064_/A1 (sky130_fd_sc_hd__mux2_1)
     1    0.00    0.06    0.19    7.78 ^ _2064_/X (sky130_fd_sc_hd__mux2_1)
                                         _0968_ (net)
                  0.06    0.00    7.78 ^ _2065_/A (sky130_fd_sc_hd__clkbuf_1)
     1    0.00    0.05    0.09    7.87 ^ _2065_/X (sky130_fd_sc_hd__clkbuf_1)
                                         _0300_ (net)
                  0.05    0.00    7.87 ^ _2722_/D (sky130_fd_sc_hd__dfrtp_1)
                                  7.87   data arrival time

                         10.00   10.00   clock clk (rise edge)
                          0.00   10.00   clock source latency
     1    0.02    0.09    0.06   10.06 ^ clk (in)
                                         clk (net)
                  0.09    0.00   10.06 ^ clkbuf_0_clk/A (sky130_fd_sc_hd__clkbuf_16)
    16    0.07    0.09    0.17   10.23 ^ clkbuf_0_clk/X (sky130_fd_sc_hd__clkbuf_16)
                                         clknet_0_clk (net)
                  0.09    0.00   10.23 ^ clkbuf_4_12_0_clk/A (sky130_fd_sc_hd__clkbuf_8)
    14    0.05    0.09    0.17   10.40 ^ clkbuf_4_12_0_clk/X (sky130_fd_sc_hd__clkbuf_8)
                                         clknet_4_12_0_clk (net)
                  0.09    0.00   10.40 ^ _2722_/CLK (sky130_fd_sc_hd__dfrtp_1)
                         -0.25   10.15   clock uncertainty
                          0.00   10.15   clock reconvergence pessimism
                         -0.05   10.10   library setup time
                                 10.10   data required time
-----------------------------------------------------------------------------
                                 10.10   data required time
                                 -7.87   data arrival time
-----------------------------------------------------------------------------
                                  2.23   slack (MET)




===========================================================================
report_checks --slack_max -0.01
============================================================================
======================= Typical Corner ===================================

No paths found.


===========================================================================
 report_check_types -max_slew -max_cap -max_fanout -violators
============================================================================
======================= Typical Corner ===================================

max fanout

Pin                                   Limit Fanout  Slack
---------------------------------------------------------
clkbuf_4_5_0_clk/X                       10     19     -9 (VIOLATED)
clkbuf_4_0_0_clk/X                       10     17     -7 (VIOLATED)
clkbuf_4_1_0_clk/X                       10     17     -7 (VIOLATED)
clkbuf_0_clk/X                           10     16     -6 (VIOLATED)
clkbuf_4_4_0_clk/X                       10     15     -5 (VIOLATED)
clkbuf_4_12_0_clk/X                      10     14     -4 (VIOLATED)
clkbuf_4_14_0_clk/X                      10     14     -4 (VIOLATED)
clkbuf_4_3_0_clk/X                       10     14     -4 (VIOLATED)
clkbuf_4_2_0_clk/X                       10     13     -3 (VIOLATED)
clkbuf_4_6_0_clk/X                       10     13     -3 (VIOLATED)
clkbuf_4_7_0_clk/X                       10     12     -2 (VIOLATED)
clkbuf_4_11_0_clk/X                      10     11        (VIOLATED)
clkbuf_4_13_0_clk/X                      10     11        (VIOLATED)


max slew violations count Typical: 0
max fanout violations count Typical: 13
max cap violations count Typical: 0

===========================================================================
report_parasitic_annotation -report_unannotated
============================================================================
Found 55 unannotated drivers.
 _2871__182/HI
 _2872__180/HI
 clkload0/Y
 clkload1/Y
 clkload10/Y
 clkload11/Y
 clkload12/Y
 clkload13/Y
 clkload14/Y
 clkload2/Y
 clkload3/Y
 clkload4/Y
 clkload5/Y
 clkload6/Y
 clkload7/Y
 clkload8/Y
 clkload9/Y
 semi_cpu_top_143/HI
 semi_cpu_top_144/HI
 semi_cpu_top_145/HI
 semi_cpu_top_146/HI
 semi_cpu_top_147/HI
 semi_cpu_top_148/HI
 semi_cpu_top_149/HI
 semi_cpu_top_150/HI
 semi_cpu_top_151/HI
 semi_cpu_top_152/HI
 semi_cpu_top_153/HI
 semi_cpu_top_154/HI
 semi_cpu_top_155/HI
 semi_cpu_top_156/HI
 semi_cpu_top_157/HI
 semi_cpu_top_158/HI
 semi_cpu_top_159/HI
 semi_cpu_top_160/HI
 semi_cpu_top_161/HI
 semi_cpu_top_162/HI
 semi_cpu_top_163/HI
 semi_cpu_top_164/HI
 semi_cpu_top_165/HI
 semi_cpu_top_166/HI
 semi_cpu_top_167/HI
 semi_cpu_top_168/HI
 semi_cpu_top_169/HI
 semi_cpu_top_170/HI
 semi_cpu_top_171/HI
 semi_cpu_top_172/HI
 semi_cpu_top_173/HI
 semi_cpu_top_174/HI
 semi_cpu_top_175/HI
 semi_cpu_top_176/HI
 semi_cpu_top_177/HI
 semi_cpu_top_178/HI
 semi_cpu_top_179/HI
 semi_cpu_top_181/HI
Found 189 partially unannotated drivers.
 clk
 control
 rst
 _1281_/X
 _1347_/Y
 _1349_/X
 _1360_/X
 _1387_/X
 _1431_/X
 _1446_/X
 _1471_/X
 _1497_/Y
 _1499_/X
 _1500_/X
 _1504_/X
 _1506_/X
 _1507_/X
 _1509_/X
 _1510_/X
 _1517_/X
 _1519_/X
 _1521_/X
 _1523_/X
 _1527_/X
 _1529_/X
 _1531_/X
 _1533_/X
 _1539_/X
 _1544_/X
 _1551_/X
 _1552_/X
 _1555_/X
 _1560_/X
 _1564_/X
 _1565_/X
 _1579_/X
 _1593_/Y
 _1601_/X
 _1617_/X
 _1627_/X
 _1630_/X
 _1637_/Y
 _1638_/X
 _1651_/X
 _1672_/X
 _1686_/X
 _1695_/Y
 _1696_/Y
 _1697_/Y
 _1706_/X
 _1717_/X
 _1722_/X
 _1727_/X
 _1748_/Y
 _1756_/X
 _1763_/X
 _1770_/X
 _1777_/X
 _1780_/X
 _1785_/X
 _1795_/X
 _1799_/X
 _1804_/X
 _1820_/X
 _1827_/X
 _1833_/X
 _1838_/X
 _1842_/X
 _1855_/X
 _1865_/X
 _1867_/X
 _1875_/X
 _1887_/Y
 _1919_/X
 _1920_/X
 _1921_/X
 _1926_/X
 _1929_/X
 _1930_/Y
 _1934_/Y
 _1936_/X
 _1944_/X
 _1946_/X
 _1950_/Y
 _1952_/X
 _1960_/X
 _1983_/X
 _1990_/X
 _1991_/X
 _1999_/X
 _2019_/X
 _2027_/X
 _2037_/X
 _2038_/X
 _2039_/X
 _2057_/X
 _2062_/X
 _2066_/X
 _2075_/Y
 _2084_/X
 _2087_/X
 _2089_/X
 _2094_/X
 _2095_/X
 _2122_/Y
 _2151_/Y
 _2186_/X
 _2197_/X
 _2203_/Y
 _2218_/X
 _2229_/Y
 _2261_/X
 _2267_/Y
 _2353_/X
 _2355_/X
 _2357_/X
 _2359_/X
 _2396_/X
 _2413_/Y
 _2452_/X
 _2453_/X
 _2489_/X
 _2497_/X
 _2526_/X
 _2538_/X
 _2549_/X
 _2559_/Y
 _2560_/X
 _2582_/X
 _2598_/X
 _2599_/X
 _2615_/X
 _2663_/Q
 _2664_/Q
 _2665_/Q
 _2666_/Q
 _2667_/Q
 _2668_/Q
 _2669_/Q
 _2670_/Q
 _2676_/Q
 _2677_/Q
 _2697_/Q
 _2771_/Q
 _2772_/Q
 _2773_/Q
 _2774_/Q
 _2781_/Q
 _2784_/Q
 _2785_/Q
 _2786_/Q
 _2788_/Q
 _2789_/Q
 _2790_/Q
 _2812_/Q
 _2830_/Q
 _2831_/Q
 _2871_/X
 _2872_/X
 clkbuf_0_clk/X
 clkbuf_4_11_0_clk/X
 clkbuf_4_1_0_clk/X
 clkbuf_4_3_0_clk/X
 clkbuf_4_6_0_clk/X
 clkbuf_4_7_0_clk/X
 fanout142/X
 hold146/X
 hold84/X
 input1/X
 output103/X
 output115/X
 output118/X
 output34/X
 output44/X
 output53/X
 output55/X
 output57/X
 output60/X
 output63/X
 output66/X
 output67/X
 output69/X
 output76/X
 output93/X
 semi_cpu_top_164/LO
 semi_cpu_top_165/LO
 semi_cpu_top_166/LO
 semi_cpu_top_177/LO
 semi_cpu_top_178/LO

===========================================================================
max slew violation count 0
max fanout violation count 13
max cap violation count 0
============================================================================

===========================================================================
check_setup -verbose -unconstrained_endpoints -multiple_clock -no_clock -no_input_delay -loops -generated_clocks
===========================================================================
Warning: There are 40 unconstrained endpoints.
  immediate_tb[10]
  immediate_tb[11]
  immediate_tb[12]
  immediate_tb[13]
  immediate_tb[14]
  immediate_tb[15]
  immediate_tb[16]
  immediate_tb[17]
  immediate_tb[18]
  immediate_tb[19]
  immediate_tb[20]
  immediate_tb[21]
  immediate_tb[22]
  immediate_tb[23]
  immediate_tb[24]
  immediate_tb[25]
  immediate_tb[26]
  immediate_tb[27]
  immediate_tb[28]
  immediate_tb[29]
  immediate_tb[30]
  immediate_tb[31]
  immediate_tb[4]
  immediate_tb[5]
  immediate_tb[6]
  immediate_tb[7]
  immediate_tb[8]
  immediate_tb[9]
  instruction_tb[10]
  instruction_tb[11]
  instruction_tb[12]
  instruction_tb[13]
  instruction_tb[18]
  instruction_tb[21]
  instruction_tb[4]
  instruction_tb[5]
  instruction_tb[6]
  instruction_tb[7]
  instruction_tb[8]
  instruction_tb[9]
