
===========================================================================
report_checks -unconstrained
===========================================================================
======================= Typical Corner ===================================

Startpoint: rst (input port clocked by clk)
Endpoint: _2776_ (recovery check against rising-edge clock clk)
Path Group: asynchronous
Path Type: max

Fanout     Cap    Slew   Delay    Time   Description
-----------------------------------------------------------------------------
                          0.00    0.00   clock clk (rise edge)
                          0.00    0.00   clock network delay (propagated)
                          2.00    2.00 v input external delay
     8    0.01    0.03    0.02    2.02 v rst (in)
                                         rst (net)
                  0.03    0.00    2.02 v _2526_/A (sky130_fd_sc_hd__clkbuf_4)
    14    0.02    0.06    0.16    2.18 v _2526_/X (sky130_fd_sc_hd__clkbuf_4)
                                         _1260_ (net)
                  0.06    0.00    2.18 v _2571_/A (sky130_fd_sc_hd__buf_4)
    20    0.05    0.08    0.20    2.39 v _2571_/X (sky130_fd_sc_hd__buf_4)
                                         _1265_ (net)
                  0.08    0.00    2.39 v _2581_/A (sky130_fd_sc_hd__inv_2)
     1    0.00    0.03    0.06    2.44 ^ _2581_/Y (sky130_fd_sc_hd__inv_2)
                                         _0007_ (net)
                  0.03    0.00    2.44 ^ _2776_/RESET_B (sky130_fd_sc_hd__dfrtp_1)
                                  2.44   data arrival time

                         10.00   10.00   clock clk (rise edge)
                          0.00   10.00   clock source latency
     2    0.01    0.05    0.03   10.03 ^ clk (in)
                                         clk (net)
                  0.05    0.00   10.03 ^ clkbuf_0_clk/A (sky130_fd_sc_hd__clkbuf_16)
    32    0.08    0.10    0.16   10.19 ^ clkbuf_0_clk/X (sky130_fd_sc_hd__clkbuf_16)
                                         clknet_0_clk (net)
                  0.10    0.00   10.19 ^ clkbuf_4_14_0_clk/A (sky130_fd_sc_hd__clkbuf_8)
    14    0.04    0.08    0.16   10.36 ^ clkbuf_4_14_0_clk/X (sky130_fd_sc_hd__clkbuf_8)
                                         clknet_4_14_0_clk (net)
                  0.08    0.00   10.36 ^ _2776_/CLK (sky130_fd_sc_hd__dfrtp_1)
                         -0.25   10.11   clock uncertainty
                          0.00   10.11   clock reconvergence pessimism
                          0.24   10.35   library recovery time
                                 10.35   data required time
-----------------------------------------------------------------------------
                                 10.35   data required time
                                 -2.44   data arrival time
-----------------------------------------------------------------------------
                                  7.91   slack (MET)


Startpoint: control (input port clocked by clk)
Endpoint: _2690_ (rising edge-triggered flip-flop clocked by clk)
Path Group: clk
Path Type: max

Fanout     Cap    Slew   Delay    Time   Description
-----------------------------------------------------------------------------
                          0.00    0.00   clock clk (rise edge)
                          0.00    0.00   clock network delay (propagated)
                          2.00    2.00 v input external delay
     2    0.01    0.01    0.01    2.01 v control (in)
                                         control (net)
                  0.01    0.00    2.01 v input1/A (sky130_fd_sc_hd__buf_6)
    16    0.03    0.04    0.13    2.14 v input1/X (sky130_fd_sc_hd__buf_6)
                                         net1 (net)
                  0.04    0.00    2.14 v _1501_/C (sky130_fd_sc_hd__and4bb_1)
     1    0.00    0.05    0.20    2.34 v _1501_/X (sky130_fd_sc_hd__and4bb_1)
                                         _0475_ (net)
                  0.05    0.00    2.34 v _1502_/A (sky130_fd_sc_hd__buf_6)
     8    0.04    0.05    0.15    2.49 v _1502_/X (sky130_fd_sc_hd__buf_6)
                                         _0476_ (net)
                  0.05    0.00    2.49 v _1567_/A1 (sky130_fd_sc_hd__a22o_4)
     2    0.00    0.04    0.25    2.73 v _1567_/X (sky130_fd_sc_hd__a22o_4)
                                         _0515_ (net)
                  0.04    0.00    2.73 v _1574_/A (sky130_fd_sc_hd__or4_4)
     1    0.00    0.08    0.55    3.28 v _1574_/X (sky130_fd_sc_hd__or4_4)
                                         _0522_ (net)
                  0.08    0.00    3.28 v _1575_/A (sky130_fd_sc_hd__buf_6)
     8    0.02    0.03    0.15    3.43 v _1575_/X (sky130_fd_sc_hd__buf_6)
                                         _0523_ (net)
                  0.03    0.00    3.43 v _1708_/D (sky130_fd_sc_hd__or4_4)
     4    0.01    0.10    0.45    3.88 v _1708_/X (sky130_fd_sc_hd__or4_4)
                                         _0640_ (net)
                  0.10    0.00    3.88 v _1709_/A3 (sky130_fd_sc_hd__o31a_1)
     1    0.00    0.05    0.26    4.14 v _1709_/X (sky130_fd_sc_hd__o31a_1)
                                         _0641_ (net)
                  0.05    0.00    4.14 v _1710_/A2 (sky130_fd_sc_hd__o21a_1)
     3    0.01    0.05    0.19    4.33 v _1710_/X (sky130_fd_sc_hd__o21a_1)
                                         _0642_ (net)
                  0.05    0.00    4.33 v _1712_/A2 (sky130_fd_sc_hd__o21a_1)
     3    0.01    0.05    0.19    4.52 v _1712_/X (sky130_fd_sc_hd__o21a_1)
                                         _0644_ (net)
                  0.05    0.00    4.52 v _1720_/B (sky130_fd_sc_hd__or4b_4)
     2    0.00    0.08    0.53    5.06 v _1720_/X (sky130_fd_sc_hd__or4b_4)
                                         _0651_ (net)
                  0.08    0.00    5.06 v _1732_/C (sky130_fd_sc_hd__or4_4)
     1    0.00    0.08    0.50    5.56 v _1732_/X (sky130_fd_sc_hd__or4_4)
                                         _0661_ (net)
                  0.08    0.00    5.56 v _1735_/C1 (sky130_fd_sc_hd__a311o_1)
     2    0.00    0.06    0.30    5.85 v _1735_/X (sky130_fd_sc_hd__a311o_1)
                                         _0664_ (net)
                  0.06    0.00    5.85 v _1754_/A1 (sky130_fd_sc_hd__a21o_1)
     6    0.02    0.10    0.23    6.08 v _1754_/X (sky130_fd_sc_hd__a21o_1)
                                         _0683_ (net)
                  0.10    0.00    6.08 v _1818_/A3 (sky130_fd_sc_hd__o31ai_4)
     3    0.01    0.19    0.21    6.30 ^ _1818_/Y (sky130_fd_sc_hd__o31ai_4)
                                         _0740_ (net)
                  0.19    0.00    6.30 ^ _2051_/A (sky130_fd_sc_hd__nand2_1)
     3    0.01    0.08    0.11    6.41 v _2051_/Y (sky130_fd_sc_hd__nand2_1)
                                         _0955_ (net)
                  0.08    0.00    6.41 v _2052_/A2 (sky130_fd_sc_hd__a21oi_1)
     2    0.00    0.13    0.18    6.58 ^ _2052_/Y (sky130_fd_sc_hd__a21oi_1)
                                         _0956_ (net)
                  0.13    0.00    6.58 ^ _2053_/B_N (sky130_fd_sc_hd__or2b_1)
     3    0.01    0.06    0.27    6.85 v _2053_/X (sky130_fd_sc_hd__or2b_1)
                                         _0957_ (net)
                  0.06    0.00    6.85 v _2055_/A2 (sky130_fd_sc_hd__a21oi_1)
     1    0.00    0.14    0.18    7.03 ^ _2055_/Y (sky130_fd_sc_hd__a21oi_1)
                                         _0959_ (net)
                  0.14    0.00    7.03 ^ _2063_/A3 (sky130_fd_sc_hd__o31ai_2)
     2    0.00    0.05    0.08    7.11 v _2063_/Y (sky130_fd_sc_hd__o31ai_2)
                                         _0967_ (net)
                  0.05    0.00    7.11 v _2279_/A1 (sky130_fd_sc_hd__mux2_1)
     1    0.00    0.05    0.30    7.40 v _2279_/X (sky130_fd_sc_hd__mux2_1)
                                         _1149_ (net)
                  0.05    0.00    7.40 v _2280_/A (sky130_fd_sc_hd__clkbuf_1)
     1    0.00    0.02    0.09    7.49 v _2280_/X (sky130_fd_sc_hd__clkbuf_1)
                                         _0268_ (net)
                  0.02    0.00    7.49 v _2690_/D (sky130_fd_sc_hd__dfrtp_1)
                                  7.49   data arrival time

                         10.00   10.00   clock clk (rise edge)
                          0.00   10.00   clock source latency
     2    0.01    0.05    0.03   10.03 ^ clk (in)
                                         clk (net)
                  0.05    0.00   10.03 ^ clkbuf_0_clk/A (sky130_fd_sc_hd__clkbuf_16)
    32    0.08    0.10    0.16   10.19 ^ clkbuf_0_clk/X (sky130_fd_sc_hd__clkbuf_16)
                                         clknet_0_clk (net)
                  0.10    0.00   10.19 ^ clkbuf_4_12_0_clk/A (sky130_fd_sc_hd__clkbuf_8)
    14    0.04    0.08    0.16   10.36 ^ clkbuf_4_12_0_clk/X (sky130_fd_sc_hd__clkbuf_8)
                                         clknet_4_12_0_clk (net)
                  0.08    0.00   10.36 ^ _2690_/CLK (sky130_fd_sc_hd__dfrtp_1)
                         -0.25   10.11   clock uncertainty
                          0.00   10.11   clock reconvergence pessimism
                         -0.10   10.01   library setup time
                                 10.01   data required time
-----------------------------------------------------------------------------
                                 10.01   data required time
                                 -7.49   data arrival time
-----------------------------------------------------------------------------
                                  2.52   slack (MET)




===========================================================================
report_checks --slack_max -0.01
============================================================================
======================= Typical Corner ===================================

No paths found.


===========================================================================
 report_check_types -max_slew -max_cap -max_fanout -violators
============================================================================
======================= Typical Corner ===================================

max fanout

Pin                                   Limit Fanout  Slack
---------------------------------------------------------
clkbuf_0_clk/X                           10     32    -22 (VIOLATED)
clkbuf_4_3_0_clk/X                       10     28    -18 (VIOLATED)
clkbuf_4_7_0_clk/X                       10     24    -14 (VIOLATED)
_1354_/X                                 10     20    -10 (VIOLATED)
_1360_/X                                 10     20    -10 (VIOLATED)
_1386_/X                                 10     20    -10 (VIOLATED)
_1430_/Y                                 10     20    -10 (VIOLATED)
_1499_/X                                 10     20    -10 (VIOLATED)
_1504_/X                                 10     20    -10 (VIOLATED)
_1505_/X                                 10     20    -10 (VIOLATED)
_1506_/X                                 10     20    -10 (VIOLATED)
_1507_/X                                 10     20    -10 (VIOLATED)
_1509_/X                                 10     20    -10 (VIOLATED)
_1518_/X                                 10     20    -10 (VIOLATED)
_1638_/X                                 10     20    -10 (VIOLATED)
_1696_/Y                                 10     20    -10 (VIOLATED)
_1872_/X                                 10     20    -10 (VIOLATED)
_1901_/X                                 10     20    -10 (VIOLATED)
_1920_/X                                 10     20    -10 (VIOLATED)
_1926_/X                                 10     20    -10 (VIOLATED)
_1928_/X                                 10     20    -10 (VIOLATED)
_1936_/X                                 10     20    -10 (VIOLATED)
_1960_/X                                 10     20    -10 (VIOLATED)
_2066_/X                                 10     20    -10 (VIOLATED)
_2117_/X                                 10     20    -10 (VIOLATED)
_2128_/X                                 10     20    -10 (VIOLATED)
_2270_/X                                 10     20    -10 (VIOLATED)
_2527_/X                                 10     20    -10 (VIOLATED)
_2560_/X                                 10     20    -10 (VIOLATED)
_2571_/X                                 10     20    -10 (VIOLATED)
fanout139/X                              10     20    -10 (VIOLATED)
fanout140/X                              10     20    -10 (VIOLATED)
fanout142/X                              10     20    -10 (VIOLATED)
clkbuf_4_5_0_clk/X                       10     19     -9 (VIOLATED)
_1697_/Y                                 10     18     -8 (VIOLATED)
_2830_/Q                                 10     18     -8 (VIOLATED)
_2831_/Q                                 10     18     -8 (VIOLATED)
clkbuf_4_0_0_clk/X                       10     17     -7 (VIOLATED)
clkbuf_4_1_0_clk/X                       10     17     -7 (VIOLATED)
_1349_/X                                 10     16     -6 (VIOLATED)
_1350_/Y                                 10     16     -6 (VIOLATED)
_1875_/X                                 10     16     -6 (VIOLATED)
_2359_/X                                 10     16     -6 (VIOLATED)
input1/X                                 10     16     -6 (VIOLATED)
clkbuf_4_4_0_clk/X                       10     15     -5 (VIOLATED)
_2355_/X                                 10     14     -4 (VIOLATED)
_2526_/X                                 10     14     -4 (VIOLATED)
clkbuf_4_12_0_clk/X                      10     14     -4 (VIOLATED)
clkbuf_4_14_0_clk/X                      10     14     -4 (VIOLATED)
clkbuf_4_2_0_clk/X                       10     13     -3 (VIOLATED)
clkbuf_4_6_0_clk/X                       10     13     -3 (VIOLATED)
_1756_/X                                 10     12     -2 (VIOLATED)
_1820_/X                                 10     12     -2 (VIOLATED)
_1855_/X                                 10     12     -2 (VIOLATED)
_1880_/Y                                 10     12     -2 (VIOLATED)
clkbuf_4_11_0_clk/X                      10     11        (VIOLATED)
clkbuf_4_13_0_clk/X                      10     11        (VIOLATED)


max slew violations count Typical: 0
max fanout violations count Typical: 57
max cap violations count Typical: 0

===========================================================================
report_parasitic_annotation -report_unannotated
============================================================================
Found 1972 unannotated drivers.
 clk
 control
 rst
 _1276_/X
 _1277_/X
 _1278_/X
 _1279_/X
 _1280_/Y
 _1281_/X
 _1282_/X
 _1283_/X
 _1284_/X
 _1285_/X
 _1286_/X
 _1287_/X
 _1288_/X
 _1289_/X
 _1290_/X
 _1291_/X
 _1292_/X
 _1293_/X
 _1294_/X
 _1295_/X
 _1296_/X
 _1297_/X
 _1298_/X
 _1299_/X
 _1300_/X
 _1301_/X
 _1302_/X
 _1303_/X
 _1304_/X
 _1305_/X
 _1306_/X
 _1307_/X
 _1308_/X
 _1309_/X
 _1310_/X
 _1311_/X
 _1312_/X
 _1313_/X
 _1314_/X
 _1315_/X
 _1316_/X
 _1317_/X
 _1318_/X
 _1319_/X
 _1320_/X
 _1321_/X
 _1322_/X
 _1323_/X
 _1324_/X
 _1325_/X
 _1326_/X
 _1327_/X
 _1328_/X
 _1329_/X
 _1330_/X
 _1331_/X
 _1332_/X
 _1333_/X
 _1334_/X
 _1335_/X
 _1336_/X
 _1337_/X
 _1338_/X
 _1339_/X
 _1340_/X
 _1341_/X
 _1342_/X
 _1343_/X
 _1344_/X
 _1345_/X
 _1346_/X
 _1347_/Y
 _1348_/X
 _1349_/X
 _1350_/Y
 _1351_/X
 _1352_/X
 _1353_/X
 _1354_/X
 _1355_/X
 _1356_/X
 _1357_/Y
 _1358_/X
 _1359_/X
 _1360_/X
 _1361_/X
 _1362_/X
 _1363_/X
 _1364_/Y
 _1365_/X
 _1366_/X
 _1367_/X
 _1368_/X
 _1369_/X
 _1370_/X
 _1371_/X
 _1372_/X
 _1373_/X
 _1374_/X
 _1375_/X
 _1376_/X
 _1377_/X
 _1378_/X
 _1379_/X
 _1380_/X
 _1381_/X
 _1382_/X
 _1383_/X
 _1384_/X
 _1385_/X
 _1386_/X
 _1387_/X
 _1388_/X
 _1389_/X
 _1390_/X
 _1391_/X
 _1392_/X
 _1393_/X
 _1394_/X
 _1395_/X
 _1396_/X
 _1397_/X
 _1398_/X
 _1399_/X
 _1400_/X
 _1401_/X
 _1402_/X
 _1403_/X
 _1404_/X
 _1405_/X
 _1406_/X
 _1407_/X
 _1408_/X
 _1409_/X
 _1410_/X
 _1411_/X
 _1412_/X
 _1413_/X
 _1414_/X
 _1415_/X
 _1416_/X
 _1417_/X
 _1418_/X
 _1419_/X
 _1420_/X
 _1421_/X
 _1422_/X
 _1423_/X
 _1424_/X
 _1425_/X
 _1426_/X
 _1427_/X
 _1428_/X
 _1429_/X
 _1430_/Y
 _1431_/X
 _1432_/X
 _1433_/X
 _1434_/X
 _1435_/X
 _1436_/X
 _1437_/X
 _1438_/X
 _1439_/X
 _1440_/X
 _1441_/X
 _1442_/X
 _1443_/X
 _1444_/X
 _1445_/X
 _1446_/X
 _1447_/X
 _1448_/X
 _1449_/X
 _1450_/X
 _1451_/X
 _1452_/X
 _1453_/X
 _1454_/X
 _1455_/X
 _1456_/X
 _1457_/X
 _1458_/X
 _1459_/X
 _1460_/X
 _1461_/X
 _1462_/X
 _1463_/X
 _1464_/X
 _1465_/X
 _1466_/X
 _1467_/X
 _1468_/X
 _1469_/X
 _1470_/X
 _1471_/X
 _1472_/X
 _1473_/X
 _1474_/X
 _1475_/X
 _1476_/X
 _1477_/X
 _1478_/X
 _1479_/X
 _1480_/X
 _1481_/X
 _1482_/X
 _1483_/X
 _1484_/X
 _1485_/X
 _1486_/X
 _1487_/X
 _1488_/X
 _1489_/X
 _1490_/X
 _1491_/X
 _1492_/X
 _1493_/X
 _1494_/X
 _1495_/X
 _1496_/X
 _1497_/Y
 _1498_/X
 _1499_/X
 _1500_/X
 _1501_/X
 _1502_/X
 _1503_/X
 _1504_/X
 _1505_/X
 _1506_/X
 _1507_/X
 _1508_/X
 _1509_/X
 _1510_/X
 _1511_/Y
 _1512_/X
 _1513_/X
 _1514_/X
 _1515_/X
 _1516_/X
 _1517_/X
 _1518_/X
 _1519_/X
 _1520_/X
 _1521_/X
 _1522_/X
 _1523_/X
 _1524_/X
 _1525_/X
 _1526_/X
 _1527_/X
 _1528_/X
 _1529_/X
 _1530_/X
 _1531_/X
 _1532_/X
 _1533_/X
 _1534_/X
 _1535_/X
 _1536_/X
 _1537_/X
 _1538_/X
 _1539_/X
 _1540_/X
 _1541_/X
 _1542_/X
 _1543_/X
 _1544_/X
 _1545_/X
 _1546_/X
 _1547_/X
 _1548_/X
 _1549_/X
 _1550_/X
 _1551_/X
 _1552_/X
 _1553_/X
 _1554_/X
 _1555_/X
 _1556_/X
 _1557_/X
 _1558_/X
 _1559_/X
 _1560_/X
 _1561_/X
 _1562_/X
 _1563_/X
 _1564_/X
 _1565_/X
 _1566_/X
 _1567_/X
 _1568_/Y
 _1569_/Y
 _1570_/Y
 _1571_/Y
 _1572_/Y
 _1573_/Y
 _1574_/X
 _1575_/X
 _1576_/X
 _1577_/X
 _1578_/X
 _1579_/X
 _1580_/X
 _1581_/X
 _1582_/X
 _1583_/X
 _1584_/X
 _1585_/X
 _1586_/X
 _1587_/X
 _1588_/Y
 _1589_/Y
 _1590_/X
 _1591_/Y
 _1592_/Y
 _1593_/Y
 _1594_/X
 _1595_/X
 _1596_/X
 _1597_/Y
 _1598_/Y
 _1599_/X
 _1600_/Y
 _1601_/X
 _1602_/Y
 _1603_/Y
 _1604_/Y
 _1605_/Y
 _1606_/X
 _1607_/X
 _1608_/Y
 _1609_/Y
 _1610_/Y
 _1611_/X
 _1612_/Y
 _1613_/X
 _1614_/X
 _1615_/Y
 _1616_/X
 _1617_/X
 _1618_/Y
 _1619_/Y
 _1620_/X
 _1621_/Y
 _1622_/Y
 _1623_/Y
 _1624_/X
 _1625_/X
 _1626_/X
 _1627_/X
 _1628_/Y
 _1629_/X
 _1630_/X
 _1631_/Y
 _1632_/Y
 _1633_/Y
 _1634_/Y
 _1635_/X
 _1636_/X
 _1637_/Y
 _1638_/X
 _1639_/Y
 _1640_/X
 _1641_/X
 _1642_/Y
 _1643_/Y
 _1644_/X
 _1645_/X
 _1646_/X
 _1647_/X
 _1648_/X
 _1649_/Y
 _1650_/X
 _1651_/X
 _1652_/Y
 _1653_/Y
 _1654_/X
 _1655_/X
 _1656_/X
 _1657_/X
 _1658_/X
 _1659_/X
 _1660_/X
 _1661_/Y
 _1662_/X
 _1663_/X
 _1664_/X
 _1665_/X
 _1666_/X
 _1667_/Y
 _1668_/Y
 _1669_/Y
 _1670_/X
 _1671_/X
 _1672_/X
 _1673_/X
 _1674_/X
 _1675_/X
 _1676_/X
 _1677_/X
 _1678_/Y
 _1679_/Y
 _1680_/Y
 _1681_/X
 _1682_/X
 _1683_/Y
 _1684_/Y
 _1685_/X
 _1686_/X
 _1687_/X
 _1688_/Y
 _1689_/X
 _1690_/X
 _1691_/Y
 _1692_/Y
 _1693_/Y
 _1694_/Y
 _1695_/Y
 _1696_/Y
 _1697_/Y
 _1698_/X
 _1699_/X
 _1700_/Y
 _1701_/X
 _1702_/Y
 _1703_/X
 _1704_/X
 _1705_/X
 _1706_/X
 _1707_/Y
 _1708_/X
 _1709_/X
 _1710_/X
 _1711_/Y
 _1712_/X
 _1713_/X
 _1714_/Y
 _1715_/Y
 _1716_/X
 _1717_/X
 _1718_/X
 _1719_/X
 _1720_/X
 _1721_/X
 _1722_/X
 _1723_/Y
 _1724_/X
 _1725_/X
 _1726_/X
 _1727_/X
 _1728_/Y
 _1729_/X
 _1730_/X
 _1731_/Y
 _1732_/X
 _1733_/X
 _1734_/Y
 _1735_/X
 _1736_/X
 _1737_/X
 _1738_/X
 _1739_/X
 _1740_/Y
 _1741_/Y
 _1742_/X
 _1743_/Y
 _1744_/Y
 _1745_/Y
 _1746_/X
 _1747_/X
 _1748_/Y
 _1749_/Y
 _1750_/Y
 _1751_/X
 _1752_/Y
 _1753_/Y
 _1754_/X
 _1755_/X
 _1756_/X
 _1757_/Y
 _1758_/X
 _1759_/X
 _1760_/X
 _1761_/Y
 _1762_/X
 _1763_/X
 _1764_/X
 _1765_/Y
 _1766_/X
 _1767_/X
 _1768_/X
 _1769_/X
 _1770_/X
 _1771_/Y
 _1772_/Y
 _1773_/X
 _1774_/Y
 _1775_/Y
 _1776_/X
 _1777_/X
 _1778_/Y
 _1779_/Y
 _1780_/X
 _1781_/X
 _1782_/Y
 _1783_/Y
 _1784_/X
 _1785_/X
 _1786_/Y
 _1787_/Y
 _1788_/X
 _1789_/Y
 _1790_/Y
 _1791_/X
 _1792_/Y
 _1793_/Y
 _1794_/X
 _1795_/X
 _1796_/X
 _1797_/X
 _1798_/X
 _1799_/X
 _1800_/Y
 _1801_/Y
 _1802_/Y
 _1803_/X
 _1804_/X
 _1805_/Y
 _1806_/X
 _1807_/X
 _1808_/X
 _1809_/X
 _1810_/Y
 _1811_/X
 _1812_/Y
 _1813_/Y
 _1814_/X
 _1815_/X
 _1816_/X
 _1817_/X
 _1818_/Y
 _1819_/X
 _1820_/X
 _1821_/Y
 _1822_/X
 _1823_/Y
 _1824_/Y
 _1825_/Y
 _1826_/X
 _1827_/X
 _1828_/Y
 _1829_/X
 _1830_/Y
 _1831_/Y
 _1832_/X
 _1833_/X
 _1834_/Y
 _1835_/X
 _1836_/Y
 _1837_/X
 _1838_/X
 _1839_/Y
 _1840_/Y
 _1841_/X
 _1842_/X
 _1843_/Y
 _1844_/X
 _1845_/X
 _1846_/X
 _1847_/Y
 _1848_/X
 _1849_/Y
 _1850_/X
 _1851_/X
 _1852_/X
 _1853_/X
 _1854_/X
 _1855_/X
 _1856_/Y
 _1857_/Y
 _1858_/Y
 _1859_/X
 _1860_/Y
 _1861_/X
 _1862_/X
 _1863_/Y
 _1864_/X
 _1865_/X
 _1866_/X
 _1867_/X
 _1868_/X
 _1869_/X
 _1870_/Y
 _1871_/Y
 _1872_/X
 _1873_/X
 _1874_/Y
 _1875_/X
 _1876_/X
 _1877_/X
 _1878_/X
 _1879_/X
 _1880_/Y
 _1881_/X
 _1882_/Y
 _1883_/X
 _1884_/Y
 _1885_/X
 _1886_/X
 _1887_/Y
 _1888_/Y
 _1889_/Y
 _1890_/X
 _1891_/X
 _1892_/X
 _1893_/X
 _1894_/Y
 _1895_/Y
 _1896_/X
 _1897_/Y
 _1898_/Y
 _1899_/X
 _1900_/X
 _1901_/X
 _1902_/X
 _1903_/Y
 _1904_/Y
 _1905_/X
 _1906_/Y
 _1907_/Y
 _1908_/X
 _1909_/X
 _1910_/Y
 _1911_/Y
 _1912_/X
 _1913_/Y
 _1914_/Y
 _1915_/X
 _1916_/X
 _1917_/X
 _1918_/X
 _1919_/X
 _1920_/X
 _1921_/X
 _1922_/X
 _1923_/Y
 _1924_/Y
 _1925_/Y
 _1926_/X
 _1927_/X
 _1928_/X
 _1929_/X
 _1930_/Y
 _1931_/X
 _1932_/Y
 _1933_/X
 _1934_/Y
 _1935_/X
 _1936_/X
 _1937_/X
 _1938_/X
 _1939_/Y
 _1940_/Y
 _1941_/X
 _1942_/Y
 _1943_/Y
 _1944_/X
 _1945_/X
 _1946_/X
 _1947_/X
 _1948_/X
 _1949_/X
 _1950_/Y
 _1951_/X
 _1952_/X
 _1953_/X
 _1954_/X
 _1955_/Y
 _1956_/X
 _1957_/X
 _1958_/X
 _1959_/Y
 _1960_/X
 _1961_/X
 _1962_/X
 _1963_/X
 _1964_/Y
 _1965_/X
 _1966_/X
 _1967_/X
 _1968_/Y
 _1969_/X
 _1970_/X
 _1971_/X
 _1972_/X
 _1973_/X
 _1974_/Y
 _1975_/X
 _1976_/Y
 _1977_/X
 _1978_/X
 _1979_/X
 _1980_/Y
 _1981_/X
 _1982_/Y
 _1983_/X
 _1984_/Y
 _1985_/X
 _1986_/X
 _1987_/Y
 _1988_/X
 _1989_/X
 _1990_/X
 _1991_/X
 _1992_/X
 _1993_/Y
 _1994_/X
 _1995_/X
 _1996_/X
 _1997_/X
 _1998_/X
 _1999_/X
 _2000_/Y
 _2001_/Y
 _2002_/X
 _2003_/X
 _2004_/X
 _2005_/X
 _2006_/X
 _2007_/Y
 _2008_/X
 _2009_/Y
 _2010_/X
 _2011_/X
 _2012_/X
 _2013_/X
 _2014_/X
 _2015_/X
 _2016_/X
 _2017_/X
 _2018_/X
 _2019_/X
 _2020_/Y
 _2021_/X
 _2022_/X
 _2023_/X
 _2024_/X
 _2025_/X
 _2026_/X
 _2027_/X
 _2028_/X
 _2029_/Y
 _2030_/X
 _2031_/X
 _2032_/Y
 _2033_/X
 _2034_/X
 _2035_/X
 _2036_/X
 _2037_/X
 _2038_/X
 _2039_/X
 _2040_/X
 _2041_/X
 _2042_/X
 _2043_/X
 _2044_/X
 _2045_/X
 _2046_/X
 _2047_/X
 _2048_/Y
 _2049_/X
 _2050_/X
 _2051_/Y
 _2052_/Y
 _2053_/X
 _2054_/X
 _2055_/Y
 _2056_/X
 _2057_/X
 _2058_/X
 _2059_/X
 _2060_/X
 _2061_/X
 _2062_/X
 _2063_/Y
 _2064_/X
 _2065_/X
 _2066_/X
 _2067_/X
 _2068_/X
 _2069_/X
 _2070_/X
 _2071_/Y
 _2072_/X
 _2073_/X
 _2074_/X
 _2075_/Y
 _2076_/X
 _2077_/X
 _2078_/X
 _2079_/X
 _2080_/Y
 _2081_/Y
 _2082_/X
 _2083_/Y
 _2084_/X
 _2085_/Y
 _2086_/Y
 _2087_/X
 _2088_/X
 _2089_/X
 _2090_/X
 _2091_/Y
 _2092_/X
 _2093_/X
 _2094_/X
 _2095_/X
 _2096_/X
 _2097_/Y
 _2098_/Y
 _2099_/X
 _2100_/X
 _2101_/X
 _2102_/X
 _2103_/Y
 _2104_/X
 _2105_/X
 _2106_/X
 _2107_/X
 _2108_/Y
 _2109_/Y
 _2110_/X
 _2111_/Y
 _2112_/X
 _2113_/X
 _2114_/X
 _2115_/X
 _2116_/Y
 _2117_/X
 _2118_/X
 _2119_/X
 _2120_/X
 _2121_/Y
 _2122_/Y
 _2123_/X
 _2124_/X
 _2125_/X
 _2126_/X
 _2127_/Y
 _2128_/X
 _2129_/X
 _2130_/X
 _2131_/Y
 _2132_/X
 _2133_/X
 _2134_/Y
 _2135_/X
 _2136_/X
 _2137_/Y
 _2138_/X
 _2139_/X
 _2140_/Y
 _2141_/X
 _2142_/Y
 _2143_/Y
 _2144_/X
 _2145_/X
 _2146_/Y
 _2147_/X
 _2148_/X
 _2149_/Y
 _2150_/Y
 _2151_/Y
 _2152_/X
 _2153_/X
 _2154_/X
 _2155_/X
 _2156_/Y
 _2157_/X
 _2158_/Y
 _2159_/Y
 _2160_/X
 _2161_/X
 _2162_/X
 _2163_/X
 _2164_/Y
 _2165_/X
 _2166_/X
 _2167_/Y
 _2168_/X
 _2169_/X
 _2170_/Y
 _2171_/Y
 _2172_/Y
 _2173_/Y
 _2174_/X
 _2175_/Y
 _2176_/X
 _2177_/Y
 _2178_/X
 _2179_/X
 _2180_/X
 _2181_/X
 _2182_/Y
 _2183_/X
 _2184_/Y
 _2185_/Y
 _2186_/X
 _2187_/X
 _2188_/X
 _2189_/Y
 _2190_/Y
 _2191_/X
 _2192_/X
 _2193_/X
 _2194_/Y
 _2195_/X
 _2196_/Y
 _2197_/X
 _2198_/X
 _2199_/X
 _2200_/X
 _2201_/X
 _2202_/Y
 _2203_/Y
 _2204_/X
 _2205_/X
 _2206_/X
 _2207_/Y
 _2208_/X
 _2209_/Y
 _2210_/X
 _2211_/X
 _2212_/Y
 _2213_/X
 _2214_/X
 _2215_/X
 _2216_/Y
 _2217_/Y
 _2218_/X
 _2219_/X
 _2220_/X
 _2221_/Y
 _2222_/X
 _2223_/Y
 _2224_/Y
 _2225_/X
 _2226_/X
 _2227_/Y
 _2228_/X
 _2229_/Y
 _2230_/X
 _2231_/X
 _2232_/X
 _2233_/Y
 _2234_/Y
 _2235_/X
 _2236_/X
 _2237_/X
 _2238_/Y
 _2239_/Y
 _2240_/X
 _2241_/Y
 _2242_/X
 _2243_/X
 _2244_/X
 _2245_/Y
 _2246_/Y
 _2247_/X
 _2248_/X
 _2249_/X
 _2250_/Y
 _2251_/Y
 _2252_/X
 _2253_/X
 _2254_/X
 _2255_/X
 _2256_/X
 _2257_/X
 _2258_/X
 _2259_/X
 _2260_/Y
 _2261_/X
 _2262_/X
 _2263_/X
 _2264_/Y
 _2265_/X
 _2266_/X
 _2267_/Y
 _2268_/X
 _2269_/X
 _2270_/X
 _2271_/X
 _2272_/X
 _2273_/X
 _2274_/X
 _2275_/X
 _2276_/X
 _2277_/X
 _2278_/X
 _2279_/X
 _2280_/X
 _2281_/X
 _2282_/X
 _2283_/X
 _2284_/X
 _2285_/X
 _2286_/X
 _2287_/X
 _2288_/X
 _2289_/X
 _2290_/X
 _2291_/X
 _2292_/X
 _2293_/X
 _2294_/X
 _2295_/X
 _2296_/X
 _2297_/X
 _2298_/X
 _2299_/X
 _2300_/X
 _2301_/X
 _2302_/X
 _2303_/X
 _2304_/X
 _2305_/X
 _2306_/X
 _2307_/X
 _2308_/X
 _2309_/X
 _2310_/X
 _2311_/X
 _2312_/X
 _2313_/X
 _2314_/X
 _2315_/X
 _2316_/X
 _2317_/X
 _2318_/X
 _2319_/X
 _2320_/X
 _2321_/X
 _2322_/X
 _2323_/X
 _2324_/X
 _2325_/X
 _2326_/X
 _2327_/X
 _2328_/X
 _2329_/X
 _2330_/X
 _2331_/X
 _2332_/X
 _2333_/X
 _2334_/X
 _2335_/X
 _2336_/X
 _2337_/X
 _2338_/X
 _2339_/Y
 _2340_/Y
 _2341_/Y
 _2342_/X
 _2343_/Y
 _2344_/X
 _2345_/X
 _2346_/X
 _2347_/X
 _2348_/X
 _2349_/Y
 _2350_/X
 _2351_/X
 _2352_/Y
 _2353_/X
 _2354_/X
 _2355_/X
 _2356_/Y
 _2357_/X
 _2358_/X
 _2359_/X
 _2360_/Y
 _2361_/X
 _2362_/Y
 _2363_/X
 _2364_/Y
 _2365_/X
 _2366_/X
 _2367_/Y
 _2368_/X
 _2369_/X
 _2370_/X
 _2371_/X
 _2372_/X
 _2373_/X
 _2374_/Y
 _2375_/Y
 _2376_/Y
 _2377_/X
 _2378_/Y
 _2379_/X
 _2380_/Y
 _2381_/X
 _2382_/X
 _2383_/Y
 _2384_/Y
 _2385_/X
 _2386_/Y
 _2387_/X
 _2388_/X
 _2389_/Y
 _2390_/X
 _2391_/X
 _2392_/X
 _2393_/X
 _2394_/X
 _2395_/X
 _2396_/X
 _2397_/X
 _2398_/X
 _2399_/X
 _2400_/X
 _2401_/Y
 _2402_/Y
 _2403_/X
 _2404_/Y
 _2405_/Y
 _2406_/Y
 _2407_/Y
 _2408_/X
 _2409_/Y
 _2410_/Y
 _2411_/X
 _2412_/Y
 _2413_/Y
 _2414_/X
 _2415_/X
 _2416_/X
 _2417_/Y
 _2418_/X
 _2419_/X
 _2420_/X
 _2421_/X
 _2422_/Y
 _2423_/X
 _2424_/X
 _2425_/X
 _2426_/X
 _2427_/Y
 _2428_/Y
 _2429_/X
 _2430_/X
 _2431_/Y
 _2432_/Y
 _2433_/X
 _2434_/X
 _2435_/Y
 _2436_/X
 _2437_/X
 _2438_/X
 _2439_/X
 _2440_/Y
 _2441_/X
 _2442_/X
 _2443_/X
 _2444_/X
 _2445_/Y
 _2446_/Y
 _2447_/Y
 _2448_/X
 _2449_/X
 _2450_/X
 _2451_/Y
 _2452_/X
 _2453_/X
 _2454_/Y
 _2455_/Y
 _2456_/Y
 _2457_/Y
 _2458_/Y
 _2459_/Y
 _2460_/Y
 _2461_/Y
 _2462_/Y
 _2463_/Y
 _2464_/X
 _2465_/Y
 _2466_/Y
 _2467_/Y
 _2468_/Y
 _2469_/Y
 _2470_/Y
 _2471_/Y
 _2472_/Y
 _2473_/Y
 _2474_/Y
 _2475_/X
 _2476_/Y
 _2477_/Y
 _2478_/Y
 _2479_/Y
 _2480_/Y
 _2481_/Y
 _2482_/Y
 _2483_/Y
 _2484_/Y
 _2485_/Y
 _2486_/X
 _2487_/Y
 _2488_/Y
 _2489_/X
 _2490_/X
 _2491_/Y
 _2492_/Y
 _2493_/Y
 _2494_/Y
 _2495_/Y
 _2496_/Y
 _2497_/X
 _2498_/Y
 _2499_/Y
 _2500_/Y
 _2501_/Y
 _2502_/Y
 _2503_/Y
 _2504_/Y
 _2505_/Y
 _2506_/Y
 _2507_/Y
 _2508_/X
 _2509_/Y
 _2510_/Y
 _2511_/Y
 _2512_/Y
 _2513_/Y
 _2514_/Y
 _2515_/Y
 _2516_/Y
 _2517_/Y
 _2518_/Y
 _2519_/X
 _2520_/Y
 _2521_/Y
 _2522_/Y
 _2523_/Y
 _2524_/Y
 _2525_/Y
 _2526_/X
 _2527_/X
 _2528_/Y
 _2529_/Y
 _2530_/Y
 _2531_/Y
 _2532_/Y
 _2533_/Y
 _2534_/Y
 _2535_/Y
 _2536_/Y
 _2537_/Y
 _2538_/X
 _2539_/Y
 _2540_/Y
 _2541_/Y
 _2542_/Y
 _2543_/Y
 _2544_/Y
 _2545_/Y
 _2546_/Y
 _2547_/Y
 _2548_/Y
 _2549_/X
 _2550_/Y
 _2551_/Y
 _2552_/Y
 _2553_/Y
 _2554_/Y
 _2555_/Y
 _2556_/Y
 _2557_/Y
 _2558_/Y
 _2559_/Y
 _2560_/X
 _2561_/Y
 _2562_/Y
 _2563_/Y
 _2564_/Y
 _2565_/Y
 _2566_/Y
 _2567_/Y
 _2568_/Y
 _2569_/Y
 _2570_/Y
 _2571_/X
 _2572_/Y
 _2573_/Y
 _2574_/Y
 _2575_/Y
 _2576_/Y
 _2577_/Y
 _2578_/Y
 _2579_/Y
 _2580_/Y
 _2581_/Y
 _2582_/X
 _2583_/Y
 _2584_/Y
 _2585_/Y
 _2586_/Y
 _2587_/Y
 _2588_/Y
 _2589_/Y
 _2590_/Y
 _2591_/Y
 _2592_/Y
 _2593_/X
 _2594_/Y
 _2595_/Y
 _2596_/Y
 _2597_/Y
 _2598_/X
 _2599_/X
 _2600_/Y
 _2601_/Y
 _2602_/Y
 _2603_/Y
 _2604_/X
 _2605_/Y
 _2606_/Y
 _2607_/Y
 _2608_/Y
 _2609_/Y
 _2610_/Y
 _2611_/Y
 _2612_/Y
 _2613_/Y
 _2614_/Y
 _2615_/X
 _2616_/Y
 _2617_/Y
 _2618_/Y
 _2619_/Y
 _2620_/Y
 _2621_/Y
 _2622_/Y
 _2623_/Y
 _2624_/Y
 _2625_/Y
 _2626_/X
 _2627_/Y
 _2628_/Y
 _2629_/Y
 _2630_/Y
 _2631_/Y
 _2632_/Y
 _2633_/Y
 _2634_/Y
 _2635_/Y
 _2636_/Y
 _2637_/X
 _2638_/Y
 _2639_/X
 _2640_/X
 _2641_/X
 _2642_/X
 _2643_/Q
 _2644_/Q
 _2645_/Q
 _2646_/Q
 _2647_/Q
 _2648_/Q
 _2649_/Q
 _2650_/Q
 _2651_/Q
 _2652_/Q
 _2653_/Q
 _2654_/Q
 _2655_/Q
 _2656_/Q
 _2657_/Q
 _2658_/Q
 _2659_/Q
 _2660_/Q
 _2661_/Q
 _2662_/Q
 _2663_/Q
 _2664_/Q
 _2665_/Q
 _2666_/Q
 _2667_/Q
 _2668_/Q
 _2669_/Q
 _2670_/Q
 _2671_/Q
 _2672_/Q
 _2673_/Q
 _2674_/Q
 _2675_/Q
 _2676_/Q
 _2677_/Q
 _2678_/Q
 _2679_/Q
 _2680_/Q
 _2681_/Q
 _2682_/Q
 _2683_/Q
 _2684_/Q
 _2685_/Q
 _2686_/Q
 _2687_/Q
 _2688_/Q
 _2689_/Q
 _2690_/Q
 _2691_/Q
 _2692_/Q
 _2693_/Q
 _2694_/Q
 _2695_/Q
 _2696_/Q
 _2697_/Q
 _2698_/Q
 _2699_/Q
 _2700_/Q
 _2701_/Q
 _2702_/Q
 _2703_/Q
 _2704_/Q
 _2705_/Q
 _2706_/Q
 _2707_/Q
 _2708_/Q
 _2709_/Q
 _2710_/Q
 _2711_/Q
 _2712_/Q
 _2713_/Q
 _2714_/Q
 _2715_/Q
 _2716_/Q
 _2717_/Q
 _2718_/Q
 _2719_/Q
 _2720_/Q
 _2721_/Q
 _2722_/Q
 _2723_/Q
 _2724_/Q
 _2725_/Q
 _2726_/Q
 _2727_/Q
 _2728_/Q
 _2729_/Q
 _2730_/Q
 _2731_/Q
 _2732_/Q
 _2733_/Q
 _2734_/Q
 _2735_/Q
 _2736_/Q
 _2737_/Q
 _2738_/Q
 _2739_/Q
 _2740_/Q
 _2741_/Q
 _2742_/Q
 _2743_/Q
 _2744_/Q
 _2745_/Q
 _2746_/Q
 _2747_/Q
 _2748_/Q
 _2749_/Q
 _2750_/Q
 _2751_/Q
 _2752_/Q
 _2753_/Q
 _2754_/Q
 _2755_/Q
 _2756_/Q
 _2757_/Q
 _2758_/Q
 _2759_/Q
 _2760_/Q
 _2761_/Q
 _2762_/Q
 _2763_/Q
 _2764_/Q
 _2765_/Q
 _2766_/Q
 _2767_/Q
 _2768_/Q
 _2769_/Q
 _2770_/Q
 _2771_/Q
 _2772_/Q
 _2773_/Q
 _2774_/Q
 _2775_/Q
 _2776_/Q
 _2777_/Q
 _2778_/Q
 _2779_/Q
 _2780_/Q
 _2781_/Q
 _2782_/Q
 _2783_/Q
 _2784_/Q
 _2785_/Q
 _2786_/Q
 _2787_/Q
 _2788_/Q
 _2789_/Q
 _2790_/Q
 _2791_/Q
 _2792_/Q
 _2793_/Q
 _2794_/Q
 _2795_/Q
 _2796_/Q
 _2797_/Q
 _2798_/Q
 _2799_/Q
 _2800_/Q
 _2801_/Q
 _2802_/Q
 _2803_/Q
 _2804_/Q
 _2805_/Q
 _2806_/Q
 _2807_/Q
 _2808_/Q
 _2809_/Q
 _2810_/Q
 _2811_/Q
 _2812_/Q
 _2813_/Q
 _2814_/Q
 _2815_/Q
 _2816_/Q
 _2817_/Q
 _2818_/Q
 _2819_/Q
 _2820_/Q
 _2821_/Q
 _2822_/Q
 _2823_/Q
 _2824_/Q
 _2825_/Q
 _2826_/Q
 _2827_/Q
 _2828_/Q
 _2829_/Q
 _2830_/Q
 _2831_/Q
 _2870_/X
 _2871_/X
 _2871__182/HI
 _2871__182/LO
 _2872_/X
 _2872__180/HI
 _2872__180/LO
 _2873_/X
 _2874_/X
 _2875_/X
 _2876_/X
 _2877_/X
 _2878_/X
 clkbuf_0_clk/X
 clkbuf_4_0_0_clk/X
 clkbuf_4_10_0_clk/X
 clkbuf_4_11_0_clk/X
 clkbuf_4_12_0_clk/X
 clkbuf_4_13_0_clk/X
 clkbuf_4_14_0_clk/X
 clkbuf_4_15_0_clk/X
 clkbuf_4_1_0_clk/X
 clkbuf_4_2_0_clk/X
 clkbuf_4_3_0_clk/X
 clkbuf_4_4_0_clk/X
 clkbuf_4_5_0_clk/X
 clkbuf_4_6_0_clk/X
 clkbuf_4_7_0_clk/X
 clkbuf_4_8_0_clk/X
 clkbuf_4_9_0_clk/X
 clkload0/Y
 clkload1/Y
 clkload10/Y
 clkload11/Y
 clkload12/Y
 clkload13/Y
 clkload14/Y
 clkload2/Y
 clkload3/Y
 clkload4/Y
 clkload5/Y
 clkload6/Y
 clkload7/Y
 clkload8/Y
 clkload9/Y
 fanout139/X
 fanout140/X
 fanout141/X
 fanout142/X
 hold100/X
 hold101/X
 hold102/X
 hold103/X
 hold104/X
 hold105/X
 hold106/X
 hold107/X
 hold108/X
 hold109/X
 hold110/X
 hold111/X
 hold112/X
 hold113/X
 hold114/X
 hold115/X
 hold116/X
 hold117/X
 hold118/X
 hold119/X
 hold120/X
 hold121/X
 hold122/X
 hold123/X
 hold124/X
 hold125/X
 hold126/X
 hold127/X
 hold128/X
 hold129/X
 hold130/X
 hold131/X
 hold132/X
 hold133/X
 hold134/X
 hold135/X
 hold136/X
 hold137/X
 hold138/X
 hold139/X
 hold140/X
 hold141/X
 hold142/X
 hold143/X
 hold144/X
 hold145/X
 hold146/X
 hold147/X
 hold148/X
 hold149/X
 hold150/X
 hold151/X
 hold152/X
 hold153/X
 hold154/X
 hold155/X
 hold156/X
 hold157/X
 hold158/X
 hold24/X
 hold25/X
 hold26/X
 hold27/X
 hold28/X
 hold29/X
 hold30/X
 hold31/X
 hold32/X
 hold33/X
 hold34/X
 hold35/X
 hold36/X
 hold37/X
 hold38/X
 hold39/X
 hold40/X
 hold41/X
 hold42/X
 hold43/X
 hold44/X
 hold45/X
 hold46/X
 hold47/X
 hold48/X
 hold49/X
 hold50/X
 hold51/X
 hold52/X
 hold53/X
 hold54/X
 hold55/X
 hold56/X
 hold57/X
 hold58/X
 hold59/X
 hold60/X
 hold61/X
 hold62/X
 hold63/X
 hold64/X
 hold65/X
 hold66/X
 hold67/X
 hold68/X
 hold69/X
 hold70/X
 hold71/X
 hold72/X
 hold73/X
 hold74/X
 hold75/X
 hold76/X
 hold77/X
 hold78/X
 hold79/X
 hold80/X
 hold81/X
 hold82/X
 hold83/X
 hold84/X
 hold85/X
 hold86/X
 hold87/X
 hold88/X
 hold89/X
 hold90/X
 hold91/X
 hold92/X
 hold93/X
 hold94/X
 hold95/X
 hold96/X
 hold97/X
 hold98/X
 hold99/X
 input1/X
 output10/X
 output100/X
 output101/X
 output102/X
 output103/X
 output104/X
 output105/X
 output106/X
 output107/X
 output108/X
 output109/X
 output11/X
 output110/X
 output111/X
 output112/X
 output113/X
 output114/X
 output115/X
 output116/X
 output117/X
 output118/X
 output119/X
 output12/X
 output120/X
 output121/X
 output122/X
 output123/X
 output124/X
 output125/X
 output126/X
 output127/X
 output128/X
 output129/X
 output13/X
 output130/X
 output131/X
 output132/X
 output133/X
 output134/X
 output135/X
 output136/X
 output137/X
 output138/X
 output14/X
 output15/X
 output16/X
 output17/X
 output18/X
 output19/X
 output2/X
 output20/X
 output21/X
 output22/X
 output23/X
 output24/X
 output25/X
 output26/X
 output27/X
 output28/X
 output29/X
 output3/X
 output30/X
 output31/X
 output32/X
 output33/X
 output34/X
 output35/X
 output36/X
 output37/X
 output38/X
 output39/X
 output4/X
 output40/X
 output41/X
 output42/X
 output43/X
 output44/X
 output45/X
 output46/X
 output47/X
 output48/X
 output49/X
 output5/X
 output50/X
 output51/X
 output52/X
 output53/X
 output54/X
 output55/X
 output56/X
 output57/X
 output58/X
 output59/X
 output6/X
 output60/X
 output61/X
 output62/X
 output63/X
 output64/X
 output65/X
 output66/X
 output67/X
 output68/X
 output69/X
 output7/X
 output70/X
 output71/X
 output72/X
 output73/X
 output74/X
 output75/X
 output76/X
 output77/X
 output78/X
 output79/X
 output8/X
 output80/X
 output81/X
 output82/X
 output83/X
 output84/X
 output85/X
 output86/X
 output87/X
 output88/X
 output89/X
 output9/X
 output90/X
 output91/X
 output92/X
 output93/X
 output94/X
 output95/X
 output96/X
 output97/X
 output98/X
 output99/X
 rebuffer1/X
 rebuffer10/X
 rebuffer11/X
 rebuffer12/X
 rebuffer13/X
 rebuffer14/X
 rebuffer15/X
 rebuffer2/X
 rebuffer3/X
 rebuffer4/X
 rebuffer5/X
 rebuffer6/X
 rebuffer7/X
 rebuffer8/X
 rebuffer9/X
 semi_cpu_top_143/HI
 semi_cpu_top_143/LO
 semi_cpu_top_144/HI
 semi_cpu_top_144/LO
 semi_cpu_top_145/HI
 semi_cpu_top_145/LO
 semi_cpu_top_146/HI
 semi_cpu_top_146/LO
 semi_cpu_top_147/HI
 semi_cpu_top_147/LO
 semi_cpu_top_148/HI
 semi_cpu_top_148/LO
 semi_cpu_top_149/HI
 semi_cpu_top_149/LO
 semi_cpu_top_150/HI
 semi_cpu_top_150/LO
 semi_cpu_top_151/HI
 semi_cpu_top_151/LO
 semi_cpu_top_152/HI
 semi_cpu_top_152/LO
 semi_cpu_top_153/HI
 semi_cpu_top_153/LO
 semi_cpu_top_154/HI
 semi_cpu_top_154/LO
 semi_cpu_top_155/HI
 semi_cpu_top_155/LO
 semi_cpu_top_156/HI
 semi_cpu_top_156/LO
 semi_cpu_top_157/HI
 semi_cpu_top_157/LO
 semi_cpu_top_158/HI
 semi_cpu_top_158/LO
 semi_cpu_top_159/HI
 semi_cpu_top_159/LO
 semi_cpu_top_160/HI
 semi_cpu_top_160/LO
 semi_cpu_top_161/HI
 semi_cpu_top_161/LO
 semi_cpu_top_162/HI
 semi_cpu_top_162/LO
 semi_cpu_top_163/HI
 semi_cpu_top_163/LO
 semi_cpu_top_164/HI
 semi_cpu_top_164/LO
 semi_cpu_top_165/HI
 semi_cpu_top_165/LO
 semi_cpu_top_166/HI
 semi_cpu_top_166/LO
 semi_cpu_top_167/HI
 semi_cpu_top_167/LO
 semi_cpu_top_168/HI
 semi_cpu_top_168/LO
 semi_cpu_top_169/HI
 semi_cpu_top_169/LO
 semi_cpu_top_170/HI
 semi_cpu_top_170/LO
 semi_cpu_top_171/HI
 semi_cpu_top_171/LO
 semi_cpu_top_172/HI
 semi_cpu_top_172/LO
 semi_cpu_top_173/HI
 semi_cpu_top_173/LO
 semi_cpu_top_174/HI
 semi_cpu_top_174/LO
 semi_cpu_top_175/HI
 semi_cpu_top_175/LO
 semi_cpu_top_176/HI
 semi_cpu_top_176/LO
 semi_cpu_top_177/HI
 semi_cpu_top_177/LO
 semi_cpu_top_178/HI
 semi_cpu_top_178/LO
 semi_cpu_top_179/HI
 semi_cpu_top_179/LO
 semi_cpu_top_181/HI
 semi_cpu_top_181/LO
Found 0 partially unannotated drivers.

===========================================================================
max slew violation count 0
max fanout violation count 57
max cap violation count 0
============================================================================

===========================================================================
check_setup -verbose -unconstrained_endpoints -multiple_clock -no_clock -no_input_delay -loops -generated_clocks
===========================================================================
Warning: There are 40 unconstrained endpoints.
  immediate_tb[10]
  immediate_tb[11]
  immediate_tb[12]
  immediate_tb[13]
  immediate_tb[14]
  immediate_tb[15]
  immediate_tb[16]
  immediate_tb[17]
  immediate_tb[18]
  immediate_tb[19]
  immediate_tb[20]
  immediate_tb[21]
  immediate_tb[22]
  immediate_tb[23]
  immediate_tb[24]
  immediate_tb[25]
  immediate_tb[26]
  immediate_tb[27]
  immediate_tb[28]
  immediate_tb[29]
  immediate_tb[30]
  immediate_tb[31]
  immediate_tb[4]
  immediate_tb[5]
  immediate_tb[6]
  immediate_tb[7]
  immediate_tb[8]
  immediate_tb[9]
  instruction_tb[10]
  instruction_tb[11]
  instruction_tb[12]
  instruction_tb[13]
  instruction_tb[18]
  instruction_tb[21]
  instruction_tb[4]
  instruction_tb[5]
  instruction_tb[6]
  instruction_tb[7]
  instruction_tb[8]
  instruction_tb[9]
