
===========================================================================
 report_power
============================================================================
======================= Fastest Corner ===================================

Group                  Internal  Switching    Leakage      Total
                          Power      Power      Power      Power (Watts)
----------------------------------------------------------------
Sequential             1.05e-03   1.28e-04   2.21e-07   1.18e-03  25.7%
Combinational          1.04e-03   1.75e-03   1.39e-08   2.78e-03  60.8%
Clock                  2.23e-04   3.96e-04   4.94e-09   6.19e-04  13.5%
Macro                  0.00e+00   0.00e+00   0.00e+00   0.00e+00   0.0%
Pad                    0.00e+00   0.00e+00   0.00e+00   0.00e+00   0.0%
----------------------------------------------------------------
Total                  2.31e-03   2.27e-03   2.40e-07   4.58e-03 100.0%
                          50.4%      49.6%       0.0%

======================= Slowest Corner ===================================

Group                  Internal  Switching    Leakage      Total
                          Power      Power      Power      Power (Watts)
----------------------------------------------------------------
Sequential             6.97e-04   8.42e-05   3.36e-06   7.84e-04  25.0%
Combinational          7.58e-04   1.16e-03   8.01e-06   1.93e-03  61.6%
Clock                  1.59e-04   2.58e-04   3.03e-07   4.18e-04  13.3%
Macro                  0.00e+00   0.00e+00   0.00e+00   0.00e+00   0.0%
Pad                    0.00e+00   0.00e+00   0.00e+00   0.00e+00   0.0%
----------------------------------------------------------------
Total                  1.61e-03   1.51e-03   1.17e-05   3.13e-03 100.0%
                          51.5%      48.1%       0.4%

======================= Typical Corner ===================================

Group                  Internal  Switching    Leakage      Total
                          Power      Power      Power      Power (Watts)
----------------------------------------------------------------
Sequential             9.03e-04   1.08e-04   2.20e-07   1.01e-03  25.6%
Combinational          9.33e-04   1.48e-03   6.42e-09   2.41e-03  61.1%
Clock                  1.94e-04   3.33e-04   4.26e-09   5.27e-04  13.3%
Macro                  0.00e+00   0.00e+00   0.00e+00   0.00e+00   0.0%
Pad                    0.00e+00   0.00e+00   0.00e+00   0.00e+00   0.0%
----------------------------------------------------------------
Total                  2.03e-03   1.92e-03   2.31e-07   3.95e-03 100.0%
                          51.4%      48.6%       0.0%

