Instance,Terminal,Layer,X location,Y location,Voltage
FILLER_0_5_29,VPWR,li1,19.3200,24.4800,1.800000
FILLER_0_5_6,VPWR,li1,8.5100,24.4800,1.800000
FILLER_0_4_29,VPWR,li1,19.3200,24.4800,1.800000
FILLER_0_4_27,VPWR,li1,18.1700,24.4800,1.800000
FILLER_0_4_21,VPWR,li1,16.5600,24.4800,1.800000
FILLER_0_4_9,VPWR,li1,12.4200,24.4800,1.800000
FILLER_0_3_35,VPWR,li1,22.0800,19.0400,1.800000
FILLER_0_3_27,VPWR,li1,19.7800,19.0400,1.800000
FILLER_0_3_15,VPWR,li1,15.1800,19.0400,1.800000
FILLER_0_3_3,VPWR,li1,9.6600,19.0400,1.800000
FILLER_0_2_29,VPWR,li1,20.7000,19.0400,1.800000
FILLER_0_2_27,VPWR,li1,18.1700,19.0400,1.800000
FILLER_0_2_15,VPWR,li1,15.1800,19.0400,1.800000
FILLER_0_2_3,VPWR,li1,9.6600,19.0400,1.800000
FILLER_0_1_35,VPWR,li1,22.0800,13.6000,1.800000
FILLER_0_1_27,VPWR,li1,19.7800,13.6000,1.800000
FILLER_0_1_15,VPWR,li1,15.1800,13.6000,1.800000
FILLER_0_1_3,VPWR,li1,9.6600,13.6000,1.800000
FILLER_0_0_29,VPWR,li1,20.7000,13.6000,1.800000
FILLER_0_0_27,VPWR,li1,18.1700,13.6000,1.800000
FILLER_0_0_15,VPWR,li1,15.1800,13.6000,1.800000
FILLER_0_0_3,VPWR,li1,9.6600,13.6000,1.800000
full_cpu_1,VPWR,li1,7.5900,24.4800,1.800000
full_cpu_13,VPWR,li1,13.5700,24.4800,1.800000
full_cpu_12,VPWR,li1,20.4700,24.4800,1.800000
full_cpu_11,VPWR,li1,21.8500,24.4800,1.800000
full_cpu_10,VPWR,li1,21.8500,24.4800,1.800000
full_cpu_9,VPWR,li1,20.4700,24.4800,1.800000
full_cpu_8,VPWR,li1,16.3300,24.4800,1.800000
full_cpu_7,VPWR,li1,14.9500,24.4800,1.800000
full_cpu_6,VPWR,li1,12.1900,24.4800,1.800000
full_cpu_5,VPWR,li1,10.8100,24.4800,1.800000
full_cpu_4,VPWR,li1,9.4300,24.4800,1.800000
full_cpu_3,VPWR,li1,7.5900,24.4800,1.800000
full_cpu_2,VPWR,li1,8.9700,24.4800,1.800000
full_cpu_14,VPWR,li1,17.7100,24.4800,1.800000
TAP_TAPCELL_ROW_5_15,VPWR,li1,18.6300,24.7860,1.800000
TAP_TAPCELL_ROW_4_14,VPWR,li1,18.6300,24.1730,1.800000
TAP_TAPCELL_ROW_2_13,VPWR,li1,18.6300,18.7330,1.800000
TAP_TAPCELL_ROW_0_12,VPWR,li1,18.6300,13.2930,1.800000
PHY_EDGE_ROW_5_Left_11,VPWR,li1,6.2100,24.4800,1.800000
PHY_EDGE_ROW_4_Left_10,VPWR,li1,6.2100,24.4800,1.800000
PHY_EDGE_ROW_3_Left_9,VPWR,li1,6.2100,19.0400,1.800000
PHY_EDGE_ROW_2_Left_8,VPWR,li1,6.2100,19.0400,1.800000
PHY_EDGE_ROW_1_Left_7,VPWR,li1,6.2100,13.6000,1.800000
PHY_EDGE_ROW_0_Left_6,VPWR,li1,6.2100,13.6000,1.800000
PHY_EDGE_ROW_5_Right_5,VPWR,li1,23.2300,24.4800,1.800000
PHY_EDGE_ROW_4_Right_4,VPWR,li1,23.2300,24.4800,1.800000
PHY_EDGE_ROW_3_Right_3,VPWR,li1,23.2300,19.0400,1.800000
PHY_EDGE_ROW_2_Right_2,VPWR,li1,23.2300,19.0400,1.800000
PHY_EDGE_ROW_1_Right_1,VPWR,li1,23.2300,13.6000,1.800000
PHY_EDGE_ROW_0_Right_0,VPWR,li1,23.2300,13.6000,1.800000
