Instance,Terminal,Layer,X location,Y location,Voltage
FILLER_0_5_29,VGND,li1,19.3200,27.2000,0.000000
FILLER_0_5_6,VGND,li1,8.5100,27.2000,0.000000
FILLER_0_4_29,VGND,li1,19.3200,21.7600,0.000000
FILLER_0_4_27,VGND,li1,18.1700,21.7600,0.000000
FILLER_0_4_21,VGND,li1,16.5600,21.7600,0.000000
FILLER_0_4_9,VGND,li1,12.4200,21.7600,0.000000
FILLER_0_3_35,VGND,li1,22.0800,21.7600,0.000000
FILLER_0_3_27,VGND,li1,19.7800,21.7600,0.000000
FILLER_0_3_15,VGND,li1,15.1800,21.7600,0.000000
FILLER_0_3_3,VGND,li1,9.6600,21.7600,0.000000
FILLER_0_2_29,VGND,li1,20.7000,16.3200,0.000000
FILLER_0_2_27,VGND,li1,18.1700,16.3200,0.000000
FILLER_0_2_15,VGND,li1,15.1800,16.3200,0.000000
FILLER_0_2_3,VGND,li1,9.6600,16.3200,0.000000
FILLER_0_1_35,VGND,li1,22.0800,16.3200,0.000000
FILLER_0_1_27,VGND,li1,19.7800,16.3200,0.000000
FILLER_0_1_15,VGND,li1,15.1800,16.3200,0.000000
FILLER_0_1_3,VGND,li1,9.6600,16.3200,0.000000
FILLER_0_0_29,VGND,li1,20.7000,10.8800,0.000000
FILLER_0_0_27,VGND,li1,18.1700,10.8800,0.000000
FILLER_0_0_15,VGND,li1,15.1800,10.8800,0.000000
FILLER_0_0_3,VGND,li1,9.6600,10.8800,0.000000
full_cpu_1,VGND,li1,7.5900,21.7600,0.000000
full_cpu_13,VGND,li1,13.5700,27.2000,0.000000
full_cpu_12,VGND,li1,20.4700,21.7600,0.000000
full_cpu_11,VGND,li1,21.8500,21.7600,0.000000
full_cpu_10,VGND,li1,21.8500,27.2000,0.000000
full_cpu_9,VGND,li1,20.4700,27.2000,0.000000
full_cpu_8,VGND,li1,16.3300,27.2000,0.000000
full_cpu_7,VGND,li1,14.9500,27.2000,0.000000
full_cpu_6,VGND,li1,12.1900,27.2000,0.000000
full_cpu_5,VGND,li1,10.8100,27.2000,0.000000
full_cpu_4,VGND,li1,9.4300,27.2000,0.000000
full_cpu_3,VGND,li1,7.5900,27.2000,0.000000
full_cpu_2,VGND,li1,8.9700,21.7600,0.000000
full_cpu_14,VGND,li1,17.7100,27.2000,0.000000
TAP_TAPCELL_ROW_5_15,VGND,li1,18.6300,26.9080,0.000000
TAP_TAPCELL_ROW_4_14,VGND,li1,18.6300,22.0510,0.000000
TAP_TAPCELL_ROW_2_13,VGND,li1,18.6300,16.6110,0.000000
TAP_TAPCELL_ROW_0_12,VGND,li1,18.6300,11.1710,0.000000
PHY_EDGE_ROW_5_Left_11,VGND,li1,6.2100,27.2000,0.000000
PHY_EDGE_ROW_4_Left_10,VGND,li1,6.2100,21.7600,0.000000
PHY_EDGE_ROW_3_Left_9,VGND,li1,6.2100,21.7600,0.000000
PHY_EDGE_ROW_2_Left_8,VGND,li1,6.2100,16.3200,0.000000
PHY_EDGE_ROW_1_Left_7,VGND,li1,6.2100,16.3200,0.000000
PHY_EDGE_ROW_0_Left_6,VGND,li1,6.2100,10.8800,0.000000
PHY_EDGE_ROW_5_Right_5,VGND,li1,23.2300,27.2000,0.000000
PHY_EDGE_ROW_4_Right_4,VGND,li1,23.2300,21.7600,0.000000
PHY_EDGE_ROW_3_Right_3,VGND,li1,23.2300,21.7600,0.000000
PHY_EDGE_ROW_2_Right_2,VGND,li1,23.2300,16.3200,0.000000
PHY_EDGE_ROW_1_Right_1,VGND,li1,23.2300,16.3200,0.000000
PHY_EDGE_ROW_0_Right_0,VGND,li1,23.2300,10.8800,0.000000
