
===========================================================================
 report_power
============================================================================
======================= Fastest Corner ===================================

Group                  Internal  Switching    Leakage      Total
                          Power      Power      Power      Power (Watts)
----------------------------------------------------------------
Sequential             6.18e-03   8.40e-04   1.54e-08   7.02e-03  39.0%
Combinational          4.06e-03   2.62e-03   4.93e-08   6.69e-03  37.1%
Clock                  2.00e-03   2.32e-03   2.01e-08   4.32e-03  24.0%
Macro                  0.00e+00   0.00e+00   0.00e+00   0.00e+00   0.0%
Pad                    0.00e+00   0.00e+00   0.00e+00   0.00e+00   0.0%
----------------------------------------------------------------
Total                  1.22e-02   5.78e-03   8.49e-08   1.80e-02 100.0%
                          67.9%      32.1%       0.0%

======================= Slowest Corner ===================================

Group                  Internal  Switching    Leakage      Total
                          Power      Power      Power      Power (Watts)
----------------------------------------------------------------
Sequential             4.19e-03   5.33e-04   1.53e-05   4.74e-03  38.7%
Combinational          2.80e-03   1.73e-03   3.76e-05   4.57e-03  37.3%
Clock                  1.43e-03   1.50e-03   2.31e-06   2.94e-03  24.0%
Macro                  0.00e+00   0.00e+00   0.00e+00   0.00e+00   0.0%
Pad                    0.00e+00   0.00e+00   0.00e+00   0.00e+00   0.0%
----------------------------------------------------------------
Total                  8.43e-03   3.77e-03   5.52e-05   1.22e-02 100.0%
                          68.8%      30.7%       0.5%

======================= Typical Corner ===================================

Group                  Internal  Switching    Leakage      Total
                          Power      Power      Power      Power (Watts)
----------------------------------------------------------------
Sequential             5.35e-03   6.95e-04   8.85e-09   6.05e-03  39.0%
Combinational          3.56e-03   2.21e-03   2.55e-08   5.77e-03  37.2%
Clock                  1.75e-03   1.95e-03   1.46e-08   3.70e-03  23.9%
Macro                  0.00e+00   0.00e+00   0.00e+00   0.00e+00   0.0%
Pad                    0.00e+00   0.00e+00   0.00e+00   0.00e+00   0.0%
----------------------------------------------------------------
Total                  1.07e-02   4.86e-03   4.90e-08   1.55e-02 100.0%
                          68.7%      31.3%       0.0%

