
 /----------------------------------------------------------------------------\
 |                                                                            |
 |  yosys -- Yosys Open SYnthesis Suite                                       |
 |                                                                            |
 |  Copyright (C) 2012 - 2020  Claire Xenia Wolf <claire@yosyshq.com>         |
 |                                                                            |
 |  Permission to use, copy, modify, and/or distribute this software for any  |
 |  purpose with or without fee is hereby granted, provided that the above    |
 |  copyright notice and this permission notice appear in all copies.         |
 |                                                                            |
 |  THE SOFTWARE IS PROVIDED "AS IS" AND THE AUTHOR DISCLAIMS ALL WARRANTIES  |
 |  WITH REGARD TO THIS SOFTWARE INCLUDING ALL IMPLIED WARRANTIES OF          |
 |  MERCHANTABILITY AND FITNESS. IN NO EVENT SHALL THE AUTHOR BE LIABLE FOR   |
 |  ANY SPECIAL, DIRECT, INDIRECT, OR CONSEQUENTIAL DAMAGES OR ANY DAMAGES    |
 |  WHATSOEVER RESULTING FROM LOSS OF USE, DATA OR PROFITS, WHETHER IN AN     |
 |  ACTION OF CONTRACT, NEGLIGENCE OR OTHER TORTIOUS ACTION, ARISING OUT OF   |
 |  OR IN CONNECTION WITH THE USE OR PERFORMANCE OF THIS SOFTWARE.            |
 |                                                                            |
 \----------------------------------------------------------------------------/

 Yosys 0.38 (git sha1 543faed9c8c, clang++ 17.0.6 -fPIC -Os)

[TCL: yosys -import] Command name collision: found pre-existing command `cd' -> skip.
[TCL: yosys -import] Command name collision: found pre-existing command `eval' -> skip.
[TCL: yosys -import] Command name collision: found pre-existing command `exec' -> skip.
[TCL: yosys -import] Command name collision: found pre-existing command `read' -> skip.
[TCL: yosys -import] Command name collision: found pre-existing command `trace' -> skip.

1. Executing Liberty frontend: /home/ceyhun/.volare/sky130A/libs.ref/sky130_fd_sc_hd/lib/sky130_fd_sc_hd__tt_025C_1v80.lib
Imported 428 cell types from liberty file.

2. Executing Verilog-2005 frontend: /openlane/ALU/src/TopModule.v
Parsing SystemVerilog input from `/openlane/ALU/src/TopModule.v' to AST representation.
Storing AST representation for module `$abstract\TopModule'.
Successfully finished Verilog frontend.

3. Executing Verilog-2005 frontend: /openlane/ALU/src/RegisterFile.v
Parsing SystemVerilog input from `/openlane/ALU/src/RegisterFile.v' to AST representation.
Storing AST representation for module `$abstract\RegisterFile'.
Successfully finished Verilog frontend.

4. Executing Verilog-2005 frontend: /openlane/ALU/src/ALU.v
Parsing SystemVerilog input from `/openlane/ALU/src/ALU.v' to AST representation.
Storing AST representation for module `$abstract\ALU'.
Successfully finished Verilog frontend.

5. Executing Verilog-2005 frontend: /openlane/ALU/src/Top.v
Parsing SystemVerilog input from `/openlane/ALU/src/Top.v' to AST representation.
Storing AST representation for module `$abstract\Top'.
Successfully finished Verilog frontend.

6. Executing HIERARCHY pass (managing design hierarchy).

7. Executing AST frontend in derive mode using pre-parsed AST for module `\TopModule'.
Generating RTLIL representation for module `\TopModule'.

7.1. Analyzing design hierarchy..
Top module:  \TopModule

7.2. Executing AST frontend in derive mode using pre-parsed AST for module `\RegisterFile'.
Generating RTLIL representation for module `\RegisterFile'.

7.3. Executing AST frontend in derive mode using pre-parsed AST for module `\ALU'.
Generating RTLIL representation for module `\ALU'.

7.4. Analyzing design hierarchy..
Top module:  \TopModule
Used module:     \RegisterFile
Used module:     \ALU

7.5. Analyzing design hierarchy..
Top module:  \TopModule
Used module:     \RegisterFile
Used module:     \ALU
Removing unused module `$abstract\Top'.
Removing unused module `$abstract\ALU'.
Removing unused module `$abstract\RegisterFile'.
Removing unused module `$abstract\TopModule'.
Removed 4 unused modules.

8. Generating Graphviz representation of design.
Writing dot description to `/openlane/ALU/runs/RUN_2025.06.01_13.55.25/tmp/synthesis/hierarchy.dot'.
Dumping module TopModule to page 1.
Renaming module TopModule to TopModule.

9. Executing TRIBUF pass.

10. Executing HIERARCHY pass (managing design hierarchy).

10.1. Analyzing design hierarchy..
Top module:  \TopModule
Used module:     \RegisterFile
Used module:     \ALU

10.2. Analyzing design hierarchy..
Top module:  \TopModule
Used module:     \RegisterFile
Used module:     \ALU
Removed 0 unused modules.

11. Executing PROC_CLEAN pass (remove empty switches from decision trees).
Cleaned up 0 empty switches.

12. Executing PROC_RMDEAD pass (remove dead branches from decision trees).
Marked 1 switch rules as full_case in process $proc$/openlane/ALU/src/RegisterFile.v:15$4 in module RegisterFile.
Marked 1 switch rules as full_case in process $proc$/openlane/ALU/src/ALU.v:9$11 in module ALU.
Removed a total of 0 dead cases.

13. Executing PROC_PRUNE pass (remove redundant assignments in processes).
Removed 1 redundant assignment.
Promoted 3 assignments to connections.

14. Executing PROC_INIT pass (extract init attributes).

15. Executing PROC_ARST pass (detect async resets in processes).

16. Executing PROC_ROM pass (convert switches to ROMs).
Converted 0 switches.
<suppressed ~2 debug messages>

17. Executing PROC_MUX pass (convert decision trees to multiplexers).
Creating decoders for process `\RegisterFile.$proc$/openlane/ALU/src/RegisterFile.v:15$4'.
     1/3: $1$memwr$\registers$/openlane/ALU/src/RegisterFile.v:17$1_EN[31:0]$10
     2/3: $1$memwr$\registers$/openlane/ALU/src/RegisterFile.v:17$1_DATA[31:0]$9
     3/3: $1$memwr$\registers$/openlane/ALU/src/RegisterFile.v:17$1_ADDR[4:0]$8
Creating decoders for process `\ALU.$proc$/openlane/ALU/src/ALU.v:9$11'.
     1/1: $0\outputC[31:0]

18. Executing PROC_DLATCH pass (convert process syncs to latches).

19. Executing PROC_DFF pass (convert process syncs to FFs).
Creating register for signal `\RegisterFile.$memwr$\registers$/openlane/ALU/src/RegisterFile.v:17$1_ADDR' using process `\RegisterFile.$proc$/openlane/ALU/src/RegisterFile.v:15$4'.
  created $dff cell `$procdff$30' with positive edge clock.
Creating register for signal `\RegisterFile.$memwr$\registers$/openlane/ALU/src/RegisterFile.v:17$1_DATA' using process `\RegisterFile.$proc$/openlane/ALU/src/RegisterFile.v:15$4'.
  created $dff cell `$procdff$31' with positive edge clock.
Creating register for signal `\RegisterFile.$memwr$\registers$/openlane/ALU/src/RegisterFile.v:17$1_EN' using process `\RegisterFile.$proc$/openlane/ALU/src/RegisterFile.v:15$4'.
  created $dff cell `$procdff$32' with positive edge clock.
Creating register for signal `\ALU.\outputC' using process `\ALU.$proc$/openlane/ALU/src/ALU.v:9$11'.
  created $dff cell `$procdff$33' with positive edge clock.

20. Executing PROC_MEMWR pass (convert process memory writes to cells).

21. Executing PROC_CLEAN pass (remove empty switches from decision trees).
Found and cleaned up 1 empty switch in `\RegisterFile.$proc$/openlane/ALU/src/RegisterFile.v:15$4'.
Removing empty process `RegisterFile.$proc$/openlane/ALU/src/RegisterFile.v:15$4'.
Found and cleaned up 1 empty switch in `\ALU.$proc$/openlane/ALU/src/ALU.v:9$11'.
Removing empty process `ALU.$proc$/openlane/ALU/src/ALU.v:9$11'.
Cleaned up 2 empty switches.

22. Executing CHECK pass (checking for obvious problems).
Checking module TopModule...
Checking module RegisterFile...
Checking module ALU...
Found and reported 0 problems.

23. Executing OPT_EXPR pass (perform const folding).
Optimizing module TopModule.
Optimizing module RegisterFile.
Optimizing module ALU.
<suppressed ~1 debug messages>

24. Executing FLATTEN pass (flatten design).
Deleting now unused module RegisterFile.
Deleting now unused module ALU.
<suppressed ~2 debug messages>

25. Executing OPT_EXPR pass (perform const folding).
Optimizing module TopModule.

26. Executing OPT_CLEAN pass (remove unused cells and wires).
Finding unused cells or wires in module \TopModule..
Removed 3 unused cells and 15 unused wires.
<suppressed ~4 debug messages>

27. Executing OPT pass (performing simple optimizations).

27.1. Executing OPT_EXPR pass (perform const folding).
Optimizing module TopModule.

27.2. Executing OPT_MERGE pass (detect identical cells).
Finding identical cells in module `\TopModule'.
Removed a total of 0 cells.

27.3. Executing OPT_MUXTREE pass (detect dead branches in mux trees).
Running muxtree optimizer on module \TopModule..
  Creating internal representation of mux trees.
  Evaluating internal representation of mux trees.
  Analyzing evaluation results.
Removed 0 multiplexer ports.
<suppressed ~4 debug messages>

27.4. Executing OPT_REDUCE pass (consolidate $*mux and $reduce_* inputs).
  Optimizing cells in module \TopModule.
    Consolidated identical input bits for $mux cell $flatten\regfile_inst.$procmux$17:
      Old ports: A=0, B=32'11111111111111111111111111111111, Y=$flatten\regfile_inst.$0$memwr$\registers$/openlane/ALU/src/RegisterFile.v:17$1_EN[31:0]$7
      New ports: A=1'0, B=1'1, Y=$flatten\regfile_inst.$0$memwr$\registers$/openlane/ALU/src/RegisterFile.v:17$1_EN[31:0]$7 [0]
      New connections: $flatten\regfile_inst.$0$memwr$\registers$/openlane/ALU/src/RegisterFile.v:17$1_EN[31:0]$7 [31:1] = { $flatten\regfile_inst.$0$memwr$\registers$/openlane/ALU/src/RegisterFile.v:17$1_EN[31:0]$7 [0] $flatten\regfile_inst.$0$memwr$\registers$/openlane/ALU/src/RegisterFile.v:17$1_EN[31:0]$7 [0] $flatten\regfile_inst.$0$memwr$\registers$/openlane/ALU/src/RegisterFile.v:17$1_EN[31:0]$7 [0] $flatten\regfile_inst.$0$memwr$\registers$/openlane/ALU/src/RegisterFile.v:17$1_EN[31:0]$7 [0] $flatten\regfile_inst.$0$memwr$\registers$/openlane/ALU/src/RegisterFile.v:17$1_EN[31:0]$7 [0] $flatten\regfile_inst.$0$memwr$\registers$/openlane/ALU/src/RegisterFile.v:17$1_EN[31:0]$7 [0] $flatten\regfile_inst.$0$memwr$\registers$/openlane/ALU/src/RegisterFile.v:17$1_EN[31:0]$7 [0] $flatten\regfile_inst.$0$memwr$\registers$/openlane/ALU/src/RegisterFile.v:17$1_EN[31:0]$7 [0] $flatten\regfile_inst.$0$memwr$\registers$/openlane/ALU/src/RegisterFile.v:17$1_EN[31:0]$7 [0] $flatten\regfile_inst.$0$memwr$\registers$/openlane/ALU/src/RegisterFile.v:17$1_EN[31:0]$7 [0] $flatten\regfile_inst.$0$memwr$\registers$/openlane/ALU/src/RegisterFile.v:17$1_EN[31:0]$7 [0] $flatten\regfile_inst.$0$memwr$\registers$/openlane/ALU/src/RegisterFile.v:17$1_EN[31:0]$7 [0] $flatten\regfile_inst.$0$memwr$\registers$/openlane/ALU/src/RegisterFile.v:17$1_EN[31:0]$7 [0] $flatten\regfile_inst.$0$memwr$\registers$/openlane/ALU/src/RegisterFile.v:17$1_EN[31:0]$7 [0] $flatten\regfile_inst.$0$memwr$\registers$/openlane/ALU/src/RegisterFile.v:17$1_EN[31:0]$7 [0] $flatten\regfile_inst.$0$memwr$\registers$/openlane/ALU/src/RegisterFile.v:17$1_EN[31:0]$7 [0] $flatten\regfile_inst.$0$memwr$\registers$/openlane/ALU/src/RegisterFile.v:17$1_EN[31:0]$7 [0] $flatten\regfile_inst.$0$memwr$\registers$/openlane/ALU/src/RegisterFile.v:17$1_EN[31:0]$7 [0] $flatten\regfile_inst.$0$memwr$\registers$/openlane/ALU/src/RegisterFile.v:17$1_EN[31:0]$7 [0] $flatten\regfile_inst.$0$memwr$\registers$/openlane/ALU/src/RegisterFile.v:17$1_EN[31:0]$7 [0] $flatten\regfile_inst.$0$memwr$\registers$/openlane/ALU/src/RegisterFile.v:17$1_EN[31:0]$7 [0] $flatten\regfile_inst.$0$memwr$\registers$/openlane/ALU/src/RegisterFile.v:17$1_EN[31:0]$7 [0] $flatten\regfile_inst.$0$memwr$\registers$/openlane/ALU/src/RegisterFile.v:17$1_EN[31:0]$7 [0] $flatten\regfile_inst.$0$memwr$\registers$/openlane/ALU/src/RegisterFile.v:17$1_EN[31:0]$7 [0] $flatten\regfile_inst.$0$memwr$\registers$/openlane/ALU/src/RegisterFile.v:17$1_EN[31:0]$7 [0] $flatten\regfile_inst.$0$memwr$\registers$/openlane/ALU/src/RegisterFile.v:17$1_EN[31:0]$7 [0] $flatten\regfile_inst.$0$memwr$\registers$/openlane/ALU/src/RegisterFile.v:17$1_EN[31:0]$7 [0] $flatten\regfile_inst.$0$memwr$\registers$/openlane/ALU/src/RegisterFile.v:17$1_EN[31:0]$7 [0] $flatten\regfile_inst.$0$memwr$\registers$/openlane/ALU/src/RegisterFile.v:17$1_EN[31:0]$7 [0] $flatten\regfile_inst.$0$memwr$\registers$/openlane/ALU/src/RegisterFile.v:17$1_EN[31:0]$7 [0] $flatten\regfile_inst.$0$memwr$\registers$/openlane/ALU/src/RegisterFile.v:17$1_EN[31:0]$7 [0] }
  Optimizing cells in module \TopModule.
Performed a total of 1 changes.

27.5. Executing OPT_MERGE pass (detect identical cells).
Finding identical cells in module `\TopModule'.
Removed a total of 0 cells.

27.6. Executing OPT_DFF pass (perform DFF optimizations).

27.7. Executing OPT_CLEAN pass (remove unused cells and wires).
Finding unused cells or wires in module \TopModule..

27.8. Executing OPT_EXPR pass (perform const folding).
Optimizing module TopModule.

27.9. Rerunning OPT passes. (Maybe there is more to do..)

27.10. Executing OPT_MUXTREE pass (detect dead branches in mux trees).
Running muxtree optimizer on module \TopModule..
  Creating internal representation of mux trees.
  Evaluating internal representation of mux trees.
  Analyzing evaluation results.
Removed 0 multiplexer ports.
<suppressed ~4 debug messages>

27.11. Executing OPT_REDUCE pass (consolidate $*mux and $reduce_* inputs).
  Optimizing cells in module \TopModule.
Performed a total of 0 changes.

27.12. Executing OPT_MERGE pass (detect identical cells).
Finding identical cells in module `\TopModule'.
Removed a total of 0 cells.

27.13. Executing OPT_DFF pass (perform DFF optimizations).

27.14. Executing OPT_CLEAN pass (remove unused cells and wires).
Finding unused cells or wires in module \TopModule..

27.15. Executing OPT_EXPR pass (perform const folding).
Optimizing module TopModule.

27.16. Finished OPT passes. (There is nothing left to do.)

28. Executing FSM pass (extract and optimize FSM).

28.1. Executing FSM_DETECT pass (finding FSMs in design).

28.2. Executing FSM_EXTRACT pass (extracting FSM from design).

28.3. Executing FSM_OPT pass (simple optimizations of FSMs).

28.4. Executing OPT_CLEAN pass (remove unused cells and wires).
Finding unused cells or wires in module \TopModule..

28.5. Executing FSM_OPT pass (simple optimizations of FSMs).

28.6. Executing FSM_RECODE pass (re-assigning FSM state encoding).

28.7. Executing FSM_INFO pass (dumping all available information on FSM cells).

28.8. Executing FSM_MAP pass (mapping FSMs to basic logic).

29. Executing OPT pass (performing simple optimizations).

29.1. Executing OPT_EXPR pass (perform const folding).
Optimizing module TopModule.

29.2. Executing OPT_MERGE pass (detect identical cells).
Finding identical cells in module `\TopModule'.
Removed a total of 0 cells.

29.3. Executing OPT_MUXTREE pass (detect dead branches in mux trees).
Running muxtree optimizer on module \TopModule..
  Creating internal representation of mux trees.
  Evaluating internal representation of mux trees.
  Analyzing evaluation results.
Removed 0 multiplexer ports.
<suppressed ~4 debug messages>

29.4. Executing OPT_REDUCE pass (consolidate $*mux and $reduce_* inputs).
  Optimizing cells in module \TopModule.
Performed a total of 0 changes.

29.5. Executing OPT_MERGE pass (detect identical cells).
Finding identical cells in module `\TopModule'.
Removed a total of 0 cells.

29.6. Executing OPT_DFF pass (perform DFF optimizations).

29.7. Executing OPT_CLEAN pass (remove unused cells and wires).
Finding unused cells or wires in module \TopModule..

29.8. Executing OPT_EXPR pass (perform const folding).
Optimizing module TopModule.

29.9. Finished OPT passes. (There is nothing left to do.)

30. Executing WREDUCE pass (reducing word size of cells).
Removed top 1 bits (of 2) from port B of cell TopModule.$flatten\alu_inst.$procmux$28_CMP0 ($eq).

31. Executing PEEPOPT pass (run peephole optimizers).

32. Executing OPT_CLEAN pass (remove unused cells and wires).
Finding unused cells or wires in module \TopModule..

33. Executing ALUMACC pass (create $alu and $macc cells).
Extracting $alu and $macc cells in module TopModule:
  creating $macc model for $flatten\alu_inst.$add$/openlane/ALU/src/ALU.v:11$12 ($add).
  creating $macc model for $flatten\alu_inst.$sub$/openlane/ALU/src/ALU.v:12$13 ($sub).
  creating $alu model for $macc $flatten\alu_inst.$sub$/openlane/ALU/src/ALU.v:12$13.
  creating $alu model for $macc $flatten\alu_inst.$add$/openlane/ALU/src/ALU.v:11$12.
  creating $alu cell for $flatten\alu_inst.$add$/openlane/ALU/src/ALU.v:11$12: $auto$alumacc.cc:485:replace_alu$35
  creating $alu cell for $flatten\alu_inst.$sub$/openlane/ALU/src/ALU.v:12$13: $auto$alumacc.cc:485:replace_alu$38
  created 2 $alu and 0 $macc cells.

34. Executing SHARE pass (SAT-based resource sharing).
Found 2 cells in module TopModule that may be considered for resource sharing.
  Analyzing resource sharing options for $flatten\alu_inst.$shr$/openlane/ALU/src/ALU.v:14$15 ($shr):
    Found 1 activation_patterns using ctrl signal $flatten\alu_inst.$procmux$26_CMP.
    No candidates found.
  Analyzing resource sharing options for $flatten\alu_inst.$shl$/openlane/ALU/src/ALU.v:13$14 ($shl):
    Found 1 activation_patterns using ctrl signal $flatten\alu_inst.$procmux$27_CMP.
    No candidates found.

35. Executing OPT pass (performing simple optimizations).

35.1. Executing OPT_EXPR pass (perform const folding).
Optimizing module TopModule.

35.2. Executing OPT_MERGE pass (detect identical cells).
Finding identical cells in module `\TopModule'.
Removed a total of 0 cells.

35.3. Executing OPT_MUXTREE pass (detect dead branches in mux trees).
Running muxtree optimizer on module \TopModule..
  Creating internal representation of mux trees.
  Evaluating internal representation of mux trees.
  Analyzing evaluation results.
Removed 0 multiplexer ports.
<suppressed ~4 debug messages>

35.4. Executing OPT_REDUCE pass (consolidate $*mux and $reduce_* inputs).
  Optimizing cells in module \TopModule.
Performed a total of 0 changes.

35.5. Executing OPT_MERGE pass (detect identical cells).
Finding identical cells in module `\TopModule'.
Removed a total of 0 cells.

35.6. Executing OPT_DFF pass (perform DFF optimizations).

35.7. Executing OPT_CLEAN pass (remove unused cells and wires).
Finding unused cells or wires in module \TopModule..

35.8. Executing OPT_EXPR pass (perform const folding).
Optimizing module TopModule.

35.9. Finished OPT passes. (There is nothing left to do.)

36. Executing MEMORY pass.

36.1. Executing OPT_MEM pass (optimize memories).
Performed a total of 0 transformations.

36.2. Executing OPT_MEM_PRIORITY pass (removing unnecessary memory write priority relations).
Performed a total of 0 transformations.

36.3. Executing OPT_MEM_FEEDBACK pass (finding memory read-to-write feedback paths).
  Analyzing TopModule.regfile_inst.registers write port 0.

36.4. Executing MEMORY_BMUX2ROM pass (converting muxes to ROMs).

36.5. Executing MEMORY_DFF pass (merging $dff cells to $memrd).
Checking read port `\regfile_inst.registers'[0] in module `\TopModule': no output FF found.
Checking read port `\regfile_inst.registers'[1] in module `\TopModule': no output FF found.
Checking read port address `\regfile_inst.registers'[0] in module `\TopModule': no address FF found.
Checking read port address `\regfile_inst.registers'[1] in module `\TopModule': no address FF found.

36.6. Executing OPT_CLEAN pass (remove unused cells and wires).
Finding unused cells or wires in module \TopModule..

36.7. Executing MEMORY_SHARE pass (consolidating $memrd/$memwr cells).
Consolidating read ports of memory TopModule.regfile_inst.registers by address:

36.8. Executing OPT_MEM_WIDEN pass (optimize memories where all ports are wide).
Performed a total of 0 transformations.

36.9. Executing OPT_CLEAN pass (remove unused cells and wires).
Finding unused cells or wires in module \TopModule..

36.10. Executing MEMORY_COLLECT pass (generating $mem cells).

37. Executing OPT_CLEAN pass (remove unused cells and wires).
Finding unused cells or wires in module \TopModule..

38. Executing OPT pass (performing simple optimizations).

38.1. Executing OPT_EXPR pass (perform const folding).
Optimizing module TopModule.
<suppressed ~4 debug messages>

38.2. Executing OPT_MERGE pass (detect identical cells).
Finding identical cells in module `\TopModule'.
Removed a total of 0 cells.

38.3. Executing OPT_DFF pass (perform DFF optimizations).

38.4. Executing OPT_CLEAN pass (remove unused cells and wires).
Finding unused cells or wires in module \TopModule..
Removed 1 unused cells and 4 unused wires.
<suppressed ~2 debug messages>

38.5. Finished fast OPT passes.

39. Executing MEMORY_MAP pass (converting memories to logic and flip-flops).
Mapping memory \regfile_inst.registers in module \TopModule:
  created 32 $dff cells and 0 static cells of width 32.
  read interface: 0 $dff and 62 $mux cells.
  write interface: 32 write mux blocks.

40. Executing OPT pass (performing simple optimizations).

40.1. Executing OPT_EXPR pass (perform const folding).
Optimizing module TopModule.
<suppressed ~10 debug messages>

40.2. Executing OPT_MERGE pass (detect identical cells).
Finding identical cells in module `\TopModule'.
Removed a total of 0 cells.

40.3. Executing OPT_MUXTREE pass (detect dead branches in mux trees).
Running muxtree optimizer on module \TopModule..
  Creating internal representation of mux trees.
  Evaluating internal representation of mux trees.
  Analyzing evaluation results.
Removed 0 multiplexer ports.
<suppressed ~35 debug messages>

40.4. Executing OPT_REDUCE pass (consolidate $*mux and $reduce_* inputs).
  Optimizing cells in module \TopModule.
Performed a total of 0 changes.

40.5. Executing OPT_MERGE pass (detect identical cells).
Finding identical cells in module `\TopModule'.
Removed a total of 0 cells.

40.6. Executing OPT_SHARE pass.
    Found cells that share an operand and can be merged by moving the $pmux $flatten\alu_inst.$procmux$25 in front of them:
        $auto$alumacc.cc:485:replace_alu$38
        $auto$alumacc.cc:485:replace_alu$35

40.7. Executing OPT_DFF pass (perform DFF optimizations).

40.8. Executing OPT_CLEAN pass (remove unused cells and wires).
Finding unused cells or wires in module \TopModule..
Removed 0 unused cells and 107 unused wires.
<suppressed ~1 debug messages>

40.9. Executing OPT_EXPR pass (perform const folding).
Optimizing module TopModule.

40.10. Rerunning OPT passes. (Maybe there is more to do..)

40.11. Executing OPT_MUXTREE pass (detect dead branches in mux trees).
Running muxtree optimizer on module \TopModule..
  Creating internal representation of mux trees.
  Evaluating internal representation of mux trees.
  Analyzing evaluation results.
Removed 0 multiplexer ports.
<suppressed ~36 debug messages>

40.12. Executing OPT_REDUCE pass (consolidate $*mux and $reduce_* inputs).
  Optimizing cells in module \TopModule.
    New ctrl vector for $pmux cell $flatten\alu_inst.$procmux$25: { $flatten\alu_inst.$procmux$27_CMP $flatten\alu_inst.$procmux$26_CMP }
  Optimizing cells in module \TopModule.
Performed a total of 1 changes.

40.13. Executing OPT_MERGE pass (detect identical cells).
Finding identical cells in module `\TopModule'.
Removed a total of 0 cells.

40.14. Executing OPT_SHARE pass.

40.15. Executing OPT_DFF pass (perform DFF optimizations).
Adding EN signal on $memory\regfile_inst.registers[9]$63 ($dff) from module TopModule (D = \WD3, Q = \regfile_inst.registers[9]).
Adding EN signal on $memory\regfile_inst.registers[8]$61 ($dff) from module TopModule (D = \WD3, Q = \regfile_inst.registers[8]).
Adding EN signal on $memory\regfile_inst.registers[7]$59 ($dff) from module TopModule (D = \WD3, Q = \regfile_inst.registers[7]).
Adding EN signal on $memory\regfile_inst.registers[6]$57 ($dff) from module TopModule (D = \WD3, Q = \regfile_inst.registers[6]).
Adding EN signal on $memory\regfile_inst.registers[5]$55 ($dff) from module TopModule (D = \WD3, Q = \regfile_inst.registers[5]).
Adding EN signal on $memory\regfile_inst.registers[4]$53 ($dff) from module TopModule (D = \WD3, Q = \regfile_inst.registers[4]).
Adding EN signal on $memory\regfile_inst.registers[3]$51 ($dff) from module TopModule (D = \WD3, Q = \regfile_inst.registers[3]).
Adding EN signal on $memory\regfile_inst.registers[31]$107 ($dff) from module TopModule (D = \WD3, Q = \regfile_inst.registers[31]).
Adding EN signal on $memory\regfile_inst.registers[30]$105 ($dff) from module TopModule (D = \WD3, Q = \regfile_inst.registers[30]).
Adding EN signal on $memory\regfile_inst.registers[2]$49 ($dff) from module TopModule (D = \WD3, Q = \regfile_inst.registers[2]).
Adding EN signal on $memory\regfile_inst.registers[29]$103 ($dff) from module TopModule (D = \WD3, Q = \regfile_inst.registers[29]).
Adding EN signal on $memory\regfile_inst.registers[28]$101 ($dff) from module TopModule (D = \WD3, Q = \regfile_inst.registers[28]).
Adding EN signal on $memory\regfile_inst.registers[27]$99 ($dff) from module TopModule (D = \WD3, Q = \regfile_inst.registers[27]).
Adding EN signal on $memory\regfile_inst.registers[26]$97 ($dff) from module TopModule (D = \WD3, Q = \regfile_inst.registers[26]).
Adding EN signal on $memory\regfile_inst.registers[25]$95 ($dff) from module TopModule (D = \WD3, Q = \regfile_inst.registers[25]).
Adding EN signal on $memory\regfile_inst.registers[24]$93 ($dff) from module TopModule (D = \WD3, Q = \regfile_inst.registers[24]).
Adding EN signal on $memory\regfile_inst.registers[23]$91 ($dff) from module TopModule (D = \WD3, Q = \regfile_inst.registers[23]).
Adding EN signal on $memory\regfile_inst.registers[22]$89 ($dff) from module TopModule (D = \WD3, Q = \regfile_inst.registers[22]).
Adding EN signal on $memory\regfile_inst.registers[21]$87 ($dff) from module TopModule (D = \WD3, Q = \regfile_inst.registers[21]).
Adding EN signal on $memory\regfile_inst.registers[20]$85 ($dff) from module TopModule (D = \WD3, Q = \regfile_inst.registers[20]).
Adding EN signal on $memory\regfile_inst.registers[1]$47 ($dff) from module TopModule (D = \WD3, Q = \regfile_inst.registers[1]).
Adding EN signal on $memory\regfile_inst.registers[19]$83 ($dff) from module TopModule (D = \WD3, Q = \regfile_inst.registers[19]).
Adding EN signal on $memory\regfile_inst.registers[18]$81 ($dff) from module TopModule (D = \WD3, Q = \regfile_inst.registers[18]).
Adding EN signal on $memory\regfile_inst.registers[17]$79 ($dff) from module TopModule (D = \WD3, Q = \regfile_inst.registers[17]).
Adding EN signal on $memory\regfile_inst.registers[16]$77 ($dff) from module TopModule (D = \WD3, Q = \regfile_inst.registers[16]).
Adding EN signal on $memory\regfile_inst.registers[15]$75 ($dff) from module TopModule (D = \WD3, Q = \regfile_inst.registers[15]).
Adding EN signal on $memory\regfile_inst.registers[14]$73 ($dff) from module TopModule (D = \WD3, Q = \regfile_inst.registers[14]).
Adding EN signal on $memory\regfile_inst.registers[13]$71 ($dff) from module TopModule (D = \WD3, Q = \regfile_inst.registers[13]).
Adding EN signal on $memory\regfile_inst.registers[12]$69 ($dff) from module TopModule (D = \WD3, Q = \regfile_inst.registers[12]).
Adding EN signal on $memory\regfile_inst.registers[11]$67 ($dff) from module TopModule (D = \WD3, Q = \regfile_inst.registers[11]).
Adding EN signal on $memory\regfile_inst.registers[10]$65 ($dff) from module TopModule (D = \WD3, Q = \regfile_inst.registers[10]).
Adding EN signal on $memory\regfile_inst.registers[0]$45 ($dff) from module TopModule (D = \WD3, Q = \regfile_inst.registers[0]).

40.16. Executing OPT_CLEAN pass (remove unused cells and wires).
Finding unused cells or wires in module \TopModule..
Removed 32 unused cells and 32 unused wires.
<suppressed ~33 debug messages>

40.17. Executing OPT_EXPR pass (perform const folding).
Optimizing module TopModule.

40.18. Rerunning OPT passes. (Maybe there is more to do..)

40.19. Executing OPT_MUXTREE pass (detect dead branches in mux trees).
Running muxtree optimizer on module \TopModule..
  Creating internal representation of mux trees.
  Evaluating internal representation of mux trees.
  Analyzing evaluation results.
Removed 0 multiplexer ports.
<suppressed ~4 debug messages>

40.20. Executing OPT_REDUCE pass (consolidate $*mux and $reduce_* inputs).
  Optimizing cells in module \TopModule.
Performed a total of 0 changes.

40.21. Executing OPT_MERGE pass (detect identical cells).
Finding identical cells in module `\TopModule'.
Removed a total of 0 cells.

40.22. Executing OPT_SHARE pass.

40.23. Executing OPT_DFF pass (perform DFF optimizations).

40.24. Executing OPT_CLEAN pass (remove unused cells and wires).
Finding unused cells or wires in module \TopModule..

40.25. Executing OPT_EXPR pass (perform const folding).
Optimizing module TopModule.

40.26. Finished OPT passes. (There is nothing left to do.)

41. Executing TECHMAP pass (map to technology primitives).

41.1. Executing Verilog-2005 frontend: /nix/store/sx2v0i73mn1ih2z1nk61pm9n5gjgpidy-yosys/bin/../share/yosys/techmap.v
Parsing Verilog input from `/nix/store/sx2v0i73mn1ih2z1nk61pm9n5gjgpidy-yosys/bin/../share/yosys/techmap.v' to AST representation.
Generating RTLIL representation for module `\_90_simplemap_bool_ops'.
Generating RTLIL representation for module `\_90_simplemap_reduce_ops'.
Generating RTLIL representation for module `\_90_simplemap_logic_ops'.
Generating RTLIL representation for module `\_90_simplemap_compare_ops'.
Generating RTLIL representation for module `\_90_simplemap_various'.
Generating RTLIL representation for module `\_90_simplemap_registers'.
Generating RTLIL representation for module `\_90_shift_ops_shr_shl_sshl_sshr'.
Generating RTLIL representation for module `\_90_shift_shiftx'.
Generating RTLIL representation for module `\_90_fa'.
Generating RTLIL representation for module `\_90_lcu'.
Generating RTLIL representation for module `\_90_alu'.
Generating RTLIL representation for module `\_90_macc'.
Generating RTLIL representation for module `\_90_alumacc'.
Generating RTLIL representation for module `\$__div_mod_u'.
Generating RTLIL representation for module `\$__div_mod_trunc'.
Generating RTLIL representation for module `\_90_div'.
Generating RTLIL representation for module `\_90_mod'.
Generating RTLIL representation for module `\$__div_mod_floor'.
Generating RTLIL representation for module `\_90_divfloor'.
Generating RTLIL representation for module `\_90_modfloor'.
Generating RTLIL representation for module `\_90_pow'.
Generating RTLIL representation for module `\_90_pmux'.
Generating RTLIL representation for module `\_90_demux'.
Generating RTLIL representation for module `\_90_lut'.
Successfully finished Verilog frontend.

41.2. Continuing TECHMAP pass.
Using extmapper simplemap for cells of type $dffe.
Using extmapper simplemap for cells of type $dff.
Using extmapper simplemap for cells of type $eq.
Using template $paramod$constmap:b9a86d073741c2a0f7bb241e73c2dd11747f3288$paramod$56955d0f36f77738c952d3505dc563df3ee11b94\_90_shift_ops_shr_shl_sshl_sshr for cells of type $shr.
Using template $paramod$constmap:b9a86d073741c2a0f7bb241e73c2dd11747f3288$paramod$dce7c1188cb25d2520d170426d59301c3b73f9e7\_90_shift_ops_shr_shl_sshl_sshr for cells of type $shl.
Using template $paramod$fbc7873bff55778c0b3173955b7e4bce1d9d6834\_90_alu for cells of type $alu.
Using template $paramod$8fabc56b80a569262acfc42757a02ca0b8e91278\_90_pmux for cells of type $pmux.
Using extmapper simplemap for cells of type $not.
Using extmapper simplemap for cells of type $and.
Running "alumacc" on wrapper $extern:wrap:$neg:A_SIGNED=0:A_WIDTH=32:Y_WIDTH=32:394426c56d1a028ba8fdd5469b163e04011def47.
Using template $extern:wrap:$neg:A_SIGNED=0:A_WIDTH=32:Y_WIDTH=32:394426c56d1a028ba8fdd5469b163e04011def47 for cells of type $extern:wrap:$neg:A_SIGNED=0:A_WIDTH=32:Y_WIDTH=32:394426c56d1a028ba8fdd5469b163e04011def47.
Using extmapper simplemap for cells of type $xor.
Using template $paramod\_90_lcu\WIDTH=32'00000000000000000000000000100000 for cells of type $lcu.
Using extmapper simplemap for cells of type $pos.
Using template $paramod$c6baa65225090ac0a120feab1b920965244aa496\_90_alu for cells of type $alu.
Using extmapper simplemap for cells of type $or.
No more expansions possible.
<suppressed ~1666 debug messages>

42. Executing OPT pass (performing simple optimizations).

42.1. Executing OPT_EXPR pass (perform const folding).
Optimizing module TopModule.
<suppressed ~258 debug messages>

42.2. Executing OPT_MERGE pass (detect identical cells).
Finding identical cells in module `\TopModule'.
<suppressed ~180 debug messages>
Removed a total of 60 cells.

42.3. Executing OPT_DFF pass (perform DFF optimizations).

42.4. Executing OPT_CLEAN pass (remove unused cells and wires).
Finding unused cells or wires in module \TopModule..
Removed 21 unused cells and 286 unused wires.
<suppressed ~22 debug messages>

42.5. Finished fast OPT passes.

43. Executing ABC pass (technology mapping using ABC).

43.1. Extracting gate netlist of module `\TopModule' to `<abc-temp-dir>/input.blif'..
Extracted 3045 gates and 4152 wires to a netlist network with 1106 inputs and 128 outputs.

43.1.1. Executing ABC.
Running ABC command: "/nix/store/wq2q0njg3sx8wvj2akz7x1qxwyrv9xlr-yosys-abc/bin/abc" -s -f <abc-temp-dir>/abc.script 2>&1
ABC: ABC command line: "source <abc-temp-dir>/abc.script".
ABC: 
ABC: + read_blif <abc-temp-dir>/input.blif 
ABC: + read_library <abc-temp-dir>/stdcells.genlib 
ABC: Entered genlib library with 13 gates from file "<abc-temp-dir>/stdcells.genlib".
ABC: + strash 
ABC: + dretime 
ABC: + map 
ABC: + write_blif <abc-temp-dir>/output.blif 

43.1.2. Re-integrating ABC results.
ABC RESULTS:               AND cells:        2
ABC RESULTS:              XNOR cells:        7
ABC RESULTS:               NOR cells:       36
ABC RESULTS:               XOR cells:       87
ABC RESULTS:               MUX cells:     2305
ABC RESULTS:               NOT cells:       68
ABC RESULTS:             ORNOT cells:       13
ABC RESULTS:              NAND cells:       16
ABC RESULTS:                OR cells:      321
ABC RESULTS:            ANDNOT cells:      172
ABC RESULTS:        internal signals:     2918
ABC RESULTS:           input signals:     1106
ABC RESULTS:          output signals:      128
Removing temp directory.

44. Executing OPT pass (performing simple optimizations).

44.1. Executing OPT_EXPR pass (perform const folding).
Optimizing module TopModule.
<suppressed ~1089 debug messages>

44.2. Executing OPT_MERGE pass (detect identical cells).
Finding identical cells in module `\TopModule'.
Removed a total of 0 cells.

44.3. Executing OPT_DFF pass (perform DFF optimizations).

44.4. Executing OPT_CLEAN pass (remove unused cells and wires).
Finding unused cells or wires in module \TopModule..
Removed 9 unused cells and 1512 unused wires.
<suppressed ~10 debug messages>

44.5. Finished fast OPT passes.

45. Executing HIERARCHY pass (managing design hierarchy).

45.1. Analyzing design hierarchy..
Top module:  \TopModule

45.2. Analyzing design hierarchy..
Top module:  \TopModule
Removed 0 unused modules.

46. Printing statistics.

=== TopModule ===

   Number of wires:               2980
   Number of wire bits:           4401
   Number of public wires:          57
   Number of public wire bits:    1447
   Number of memories:               0
   Number of memory bits:            0
   Number of processes:              0
   Number of cells:               4074
     $_ANDNOT_                     172
     $_AND_                          2
     $_DFFE_PP_                   1024
     $_DFF_P_                       32
     $_MUX_                       2305
     $_NAND_                        16
     $_NOR_                         36
     $_NOT_                         59
     $_ORNOT_                       13
     $_OR_                         321
     $_XNOR_                         7
     $_XOR_                         87

47. Executing CHECK pass (checking for obvious problems).
Checking module TopModule...
Found and reported 0 problems.

48. Generating Graphviz representation of design.
Writing dot description to `/openlane/ALU/runs/RUN_2025.06.01_13.55.25/tmp/synthesis/post_techmap.dot'.
Dumping module TopModule to page 1.

49. Executing SHARE pass (SAT-based resource sharing).

50. Executing OPT pass (performing simple optimizations).

50.1. Executing OPT_EXPR pass (perform const folding).
Optimizing module TopModule.

50.2. Executing OPT_MERGE pass (detect identical cells).
Finding identical cells in module `\TopModule'.
Removed a total of 0 cells.

50.3. Executing OPT_MUXTREE pass (detect dead branches in mux trees).
Running muxtree optimizer on module \TopModule..
  Creating internal representation of mux trees.
  No muxes found in this module.
Removed 0 multiplexer ports.

50.4. Executing OPT_REDUCE pass (consolidate $*mux and $reduce_* inputs).
  Optimizing cells in module \TopModule.
Performed a total of 0 changes.

50.5. Executing OPT_MERGE pass (detect identical cells).
Finding identical cells in module `\TopModule'.
Removed a total of 0 cells.

50.6. Executing OPT_DFF pass (perform DFF optimizations).

50.7. Executing OPT_CLEAN pass (remove unused cells and wires).
Finding unused cells or wires in module \TopModule..

50.8. Executing OPT_EXPR pass (perform const folding).
Optimizing module TopModule.

50.9. Finished OPT passes. (There is nothing left to do.)

51. Executing OPT_CLEAN pass (remove unused cells and wires).
Finding unused cells or wires in module \TopModule..
Removed 0 unused cells and 13 unused wires.
<suppressed ~13 debug messages>

52. Printing statistics.

=== TopModule ===

   Number of wires:               2967
   Number of wire bits:           4189
   Number of public wires:          44
   Number of public wire bits:    1235
   Number of memories:               0
   Number of memory bits:            0
   Number of processes:              0
   Number of cells:               4074
     $_ANDNOT_                     172
     $_AND_                          2
     $_DFFE_PP_                   1024
     $_DFF_P_                       32
     $_MUX_                       2305
     $_NAND_                        16
     $_NOR_                         36
     $_NOT_                         59
     $_ORNOT_                       13
     $_OR_                         321
     $_XNOR_                         7
     $_XOR_                         87

mapping tbuf

53. Executing TECHMAP pass (map to technology primitives).

53.1. Executing Verilog-2005 frontend: /home/ceyhun/.volare/sky130A/libs.tech/openlane/sky130_fd_sc_hd/tribuff_map.v
Parsing Verilog input from `/home/ceyhun/.volare/sky130A/libs.tech/openlane/sky130_fd_sc_hd/tribuff_map.v' to AST representation.
Generating RTLIL representation for module `\$_TBUF_'.
Successfully finished Verilog frontend.

53.2. Continuing TECHMAP pass.
No more expansions possible.
<suppressed ~3 debug messages>

54. Executing SIMPLEMAP pass (map simple cells to gate primitives).

55. Executing TECHMAP pass (map to technology primitives).

55.1. Executing Verilog-2005 frontend: /home/ceyhun/.volare/sky130A/libs.tech/openlane/sky130_fd_sc_hd/latch_map.v
Parsing Verilog input from `/home/ceyhun/.volare/sky130A/libs.tech/openlane/sky130_fd_sc_hd/latch_map.v' to AST representation.
Generating RTLIL representation for module `\$_DLATCH_P_'.
Generating RTLIL representation for module `\$_DLATCH_N_'.
Successfully finished Verilog frontend.

55.2. Continuing TECHMAP pass.
No more expansions possible.
<suppressed ~4 debug messages>

56. Executing SIMPLEMAP pass (map simple cells to gate primitives).

57. Executing DFFLIBMAP pass (mapping DFF cells to sequential cells from liberty file).
  cell sky130_fd_sc_hd__dfxtp_2 (noninv, pins=3, area=21.27) is a direct match for cell type $_DFF_P_.
  cell sky130_fd_sc_hd__dfrtp_2 (noninv, pins=4, area=26.28) is a direct match for cell type $_DFF_PN0_.
  cell sky130_fd_sc_hd__dfstp_2 (noninv, pins=4, area=26.28) is a direct match for cell type $_DFF_PN1_.
  cell sky130_fd_sc_hd__dfbbn_2 (noninv, pins=6, area=35.03) is a direct match for cell type $_DFFSR_NNN_.
  final dff cell mappings:
    unmapped dff cell: $_DFF_N_
    \sky130_fd_sc_hd__dfxtp_2 _DFF_P_ (.CLK( C), .D( D), .Q( Q));
    unmapped dff cell: $_DFF_NN0_
    unmapped dff cell: $_DFF_NN1_
    unmapped dff cell: $_DFF_NP0_
    unmapped dff cell: $_DFF_NP1_
    \sky130_fd_sc_hd__dfrtp_2 _DFF_PN0_ (.CLK( C), .D( D), .Q( Q), .RESET_B( R));
    \sky130_fd_sc_hd__dfstp_2 _DFF_PN1_ (.CLK( C), .D( D), .Q( Q), .SET_B( R));
    unmapped dff cell: $_DFF_PP0_
    unmapped dff cell: $_DFF_PP1_
    \sky130_fd_sc_hd__dfbbn_2 _DFFSR_NNN_ (.CLK_N( C), .D( D), .Q( Q), .Q_N(~Q), .RESET_B( R), .SET_B( S));
    unmapped dff cell: $_DFFSR_NNP_
    unmapped dff cell: $_DFFSR_NPN_
    unmapped dff cell: $_DFFSR_NPP_
    unmapped dff cell: $_DFFSR_PNN_
    unmapped dff cell: $_DFFSR_PNP_
    unmapped dff cell: $_DFFSR_PPN_
    unmapped dff cell: $_DFFSR_PPP_

57.1. Executing DFFLEGALIZE pass (convert FFs to types supported by the target).
Mapping DFF cells in module `\TopModule':
  mapped 1056 $_DFF_P_ cells to \sky130_fd_sc_hd__dfxtp_2 cells.

58. Printing statistics.

=== TopModule ===

   Number of wires:               3991
   Number of wire bits:           5213
   Number of public wires:          44
   Number of public wire bits:    1235
   Number of memories:               0
   Number of memory bits:            0
   Number of processes:              0
   Number of cells:               5098
     $_ANDNOT_                     172
     $_AND_                          2
     $_MUX_                       3329
     $_NAND_                        16
     $_NOR_                         36
     $_NOT_                         59
     $_ORNOT_                       13
     $_OR_                         321
     $_XNOR_                         7
     $_XOR_                         87
     sky130_fd_sc_hd__dfxtp_2     1056

[INFO]: USING STRATEGY AREA 0

59. Executing ABC pass (technology mapping using ABC).

59.1. Extracting gate netlist of module `\TopModule' to `/tmp/yosys-abc-xB6wPT/input.blif'..
Extracted 4042 gates and 5180 wires to a netlist network with 1138 inputs and 1120 outputs.

59.1.1. Executing ABC.
Running ABC command: "/nix/store/wq2q0njg3sx8wvj2akz7x1qxwyrv9xlr-yosys-abc/bin/abc" -s -f /tmp/yosys-abc-xB6wPT/abc.script 2>&1
ABC: ABC command line: "source /tmp/yosys-abc-xB6wPT/abc.script".
ABC: 
ABC: + read_blif /tmp/yosys-abc-xB6wPT/input.blif 
ABC: + read_lib -w /openlane/ALU/runs/RUN_2025.06.01_13.55.25/tmp/synthesis/trimmed.lib 
ABC: Parsing finished successfully.  Parsing time =     0.04 sec
ABC: Scl_LibertyReadGenlib() skipped sequential cell "sky130_fd_sc_hd__dfbbn_2".
ABC: Scl_LibertyReadGenlib() skipped sequential cell "sky130_fd_sc_hd__dfrbp_2".
ABC: Scl_LibertyReadGenlib() skipped sequential cell "sky130_fd_sc_hd__dfrtp_2".
ABC: Scl_LibertyReadGenlib() skipped sequential cell "sky130_fd_sc_hd__dfrtp_4".
ABC: Scl_LibertyReadGenlib() skipped sequential cell "sky130_fd_sc_hd__dfsbp_2".
ABC: Scl_LibertyReadGenlib() skipped sequential cell "sky130_fd_sc_hd__dfstp_2".
ABC: Scl_LibertyReadGenlib() skipped sequential cell "sky130_fd_sc_hd__dfstp_4".
ABC: Scl_LibertyReadGenlib() skipped sequential cell "sky130_fd_sc_hd__dfxbp_2".
ABC: Scl_LibertyReadGenlib() skipped sequential cell "sky130_fd_sc_hd__dfxtp_2".
ABC: Scl_LibertyReadGenlib() skipped sequential cell "sky130_fd_sc_hd__dfxtp_4".
ABC: Scl_LibertyReadGenlib() skipped sequential cell "sky130_fd_sc_hd__dlxtn_1".
ABC: Scl_LibertyReadGenlib() skipped sequential cell "sky130_fd_sc_hd__dlxtn_2".
ABC: Scl_LibertyReadGenlib() skipped sequential cell "sky130_fd_sc_hd__dlxtn_4".
ABC: Scl_LibertyReadGenlib() skipped sequential cell "sky130_fd_sc_hd__dlxtp_1".
ABC: Scl_LibertyReadGenlib() skipped three-state cell "sky130_fd_sc_hd__ebufn_2".
ABC: Scl_LibertyReadGenlib() skipped three-state cell "sky130_fd_sc_hd__ebufn_4".
ABC: Scl_LibertyReadGenlib() skipped three-state cell "sky130_fd_sc_hd__ebufn_8".
ABC: Library "sky130A_merged" from "/openlane/ALU/runs/RUN_2025.06.01_13.55.25/tmp/synthesis/trimmed.lib" has 175 cells (17 skipped: 14 seq; 3 tri-state; 0 no func; 0 dont_use).  Time =     0.06 sec
ABC: Memory =    9.54 MB. Time =     0.06 sec
ABC: Warning: Detected 2 multi-output gates (for example, "sky130_fd_sc_hd__fa_1").
ABC: + read_constr -v /openlane/ALU/runs/RUN_2025.06.01_13.55.25/tmp/synthesis/synthesis.sdc 
ABC: Setting driving cell to be "sky130_fd_sc_hd__inv_2".
ABC: Setting output load to be 33.442001.
ABC: + read_constr /openlane/ALU/runs/RUN_2025.06.01_13.55.25/tmp/synthesis/synthesis.sdc 
ABC: + fx 
ABC: + mfs 
ABC: + strash 
ABC: + drf -l 
ABC: + balance 
ABC: + drw -l 
ABC: + drf -l 
ABC: + balance 
ABC: + drw -l 
ABC: + drw -l -z 
ABC: + balance 
ABC: + drf -l -z 
ABC: + drw -l -z 
ABC: + balance 
ABC: + retime -D -D 10000 -M 5 
ABC: + scleanup 
ABC: Error: The network is combinational.
ABC: + fraig_store 
ABC: + balance 
ABC: + fraig_store 
ABC: + balance 
ABC: + drw -l 
ABC: + drf -l 
ABC: + balance 
ABC: + drw -l 
ABC: + drw -l -z 
ABC: + balance 
ABC: + drf -l -z 
ABC: + drw -l -z 
ABC: + balance 
ABC: + fraig_store 
ABC: + balance 
ABC: + drw -l 
ABC: + drf -l 
ABC: + balance 
ABC: + drw -l 
ABC: + drw -l -z 
ABC: + balance 
ABC: + drf -l -z 
ABC: + drw -l -z 
ABC: + balance 
ABC: + fraig_store 
ABC: + balance 
ABC: + drw -l 
ABC: + drf -l 
ABC: + balance 
ABC: + drw -l 
ABC: + drw -l -z 
ABC: + balance 
ABC: + drf -l -z 
ABC: + drw -l -z 
ABC: + balance 
ABC: + fraig_store 
ABC: + fraig_restore 
ABC: + amap -m -Q 0.1 -F 20 -A 20 -C 5000 
ABC: + retime -D -D 10000 
ABC: + &get -n 
ABC: + &st 
ABC: + &dch 
ABC: + &nf 
ABC: + &put 
ABC: + buffer -N 10 -S 750.0 
ABC: + upsize -D 10000 
ABC: Current delay (5138.31 ps) does not exceed the target delay (10000.00 ps). Upsizing is not performed.
ABC: + dnsize -D 10000 
ABC: + stime -p 
ABC: WireLoad = "none"  Gates =   4146 ( 35.1 %)   Cap = 12.3 ff ( 15.5 %)   Area =    40566.41 ( 51.3 %)   Delay =  5246.86 ps  (  0.9 %)               
ABC: Path  0 --    1036 : 0    3 pi                       A =   0.00  Df =  18.3  -10.6 ps  S =  31.0 ps  Cin =  0.0 ff  Cout =   5.1 ff  Cmax =   0.0 ff  G =    0  
ABC: Path  1 --    3496 : 4    1 sky130_fd_sc_hd__or4_2   A =   8.76  Df = 644.3 -403.9 ps  S =  94.5 ps  Cin =  1.5 ff  Cout =   2.2 ff  Cmax = 310.4 ff  G =  140  
ABC: Path  2 --    3497 : 1   10 sky130_fd_sc_hd__buf_1   A =   3.75  Df = 839.3 -345.9 ps  S = 303.6 ps  Cin =  2.1 ff  Cout =  25.4 ff  Cmax = 130.0 ff  G = 1138  
ABC: Path  3 --    3803 : 3    4 sky130_fd_sc_hd__or3_2   A =   7.51  Df =1343.6 -646.8 ps  S =  98.6 ps  Cin =  1.5 ff  Cout =   9.7 ff  Cmax = 310.4 ff  G =  601  
ABC: Path  4 --    3804 : 1   10 sky130_fd_sc_hd__buf_1   A =   3.75  Df =1549.5 -563.4 ps  S = 338.6 ps  Cin =  2.1 ff  Cout =  28.3 ff  Cmax = 130.0 ff  G = 1260  
ABC: Path  5 --    4004 : 4    3 sky130_fd_sc_hd__or4_2   A =   8.76  Df =2146.4 -953.7 ps  S = 122.3 ps  Cin =  1.5 ff  Cout =   8.7 ff  Cmax = 310.4 ff  G =  546  
ABC: Path  6 --    4026 : 3    3 sky130_fd_sc_hd__or3_2   A =   7.51  Df =2602.9-1285.1 ps  S =  95.7 ps  Cin =  1.5 ff  Cout =   8.7 ff  Cmax = 310.4 ff  G =  540  
ABC: Path  7 --    4040 : 3    1 sky130_fd_sc_hd__o21a_2  A =   8.76  Df =2828.3-1380.2 ps  S =  64.2 ps  Cin =  2.4 ff  Cout =   8.4 ff  Cmax = 294.8 ff  G =  346  
ABC: Path  8 --    4041 : 2    3 sky130_fd_sc_hd__xnor2_2 A =  16.27  Df =3067.8-1446.8 ps  S = 278.5 ps  Cin =  8.5 ff  Cout =  18.2 ff  Cmax = 121.8 ff  G =  205  
ABC: Path  9 --    4042 : 2    2 sky130_fd_sc_hd__xor2_2  A =  16.27  Df =3328.4-1531.4 ps  S = 180.6 ps  Cin =  8.6 ff  Cout =  10.8 ff  Cmax = 130.0 ff  G =  121  
ABC: Path 10 --    4052 : 2    2 sky130_fd_sc_hd__or2b_2  A =   8.76  Df =3641.5-1677.8 ps  S =  54.6 ps  Cin =  1.6 ff  Cout =   3.9 ff  Cmax = 312.2 ff  G =  234  
ABC: Path 11 --    4053 : 3    1 sky130_fd_sc_hd__or3_2   A =   7.51  Df =4040.1-1117.5 ps  S =  73.3 ps  Cin =  1.5 ff  Cout =   2.6 ff  Cmax = 310.4 ff  G =  156  
ABC: Path 12 --    4054 : 3    2 sky130_fd_sc_hd__a21o_2  A =   8.76  Df =4241.5-1233.1 ps  S =  45.9 ps  Cin =  2.4 ff  Cout =   6.1 ff  Cmax = 309.5 ff  G =  252  
ABC: Path 13 --    4064 : 3    3 sky130_fd_sc_hd__a21oi_2 A =   8.76  Df =4422.0 -783.3 ps  S = 176.5 ps  Cin =  4.6 ff  Cout =  11.9 ff  Cmax = 128.2 ff  G =  246  
ABC: Path 14 --    4101 : 3    2 sky130_fd_sc_hd__o21ba_2 A =  10.01  Df =4621.9 -750.2 ps  S =  79.6 ps  Cin =  2.1 ff  Cout =  11.0 ff  Cmax = 264.6 ff  G =  511  
ABC: Path 15 --    4104 : 4    1 sky130_fd_sc_hd__a22o_2  A =  10.01  Df =4778.6 -663.7 ps  S =  65.3 ps  Cin =  2.3 ff  Cout =   9.0 ff  Cmax = 301.2 ff  G =  369  
ABC: Path 16 --    4108 : 2    1 sky130_fd_sc_hd__xnor2_2 A =  16.27  Df =4915.9 -647.2 ps  S = 122.6 ps  Cin =  8.5 ff  Cout =   4.7 ff  Cmax = 121.8 ff  G =   52  
ABC: Path 17 --    4115 : 3    1 sky130_fd_sc_hd__o21ai_2 A =   8.76  Df =5246.9 -827.4 ps  S = 399.2 ps  Cin =  4.5 ff  Cout =  33.4 ff  Cmax = 139.2 ff  G =  735  
ABC: Start-point = pi1035 (\inputB [0]).  End-point = po95 ($flatten\alu_inst.$procmux$25.Y [31]).
ABC: + print_stats -m 
ABC: netlist                       : i/o = 1138/ 1120  lat =    0  nd =  4146  edge =  11146  area =40560.62  delay =17.00  lev = 17
ABC: + write_blif /tmp/yosys-abc-xB6wPT/output.blif 

59.1.2. Re-integrating ABC results.
ABC RESULTS:   sky130_fd_sc_hd__a41o_2 cells:        1
ABC RESULTS:   sky130_fd_sc_hd__a32o_2 cells:        1
ABC RESULTS:   sky130_fd_sc_hd__or4bb_2 cells:        2
ABC RESULTS:   sky130_fd_sc_hd__nor3_2 cells:        2
ABC RESULTS:   sky130_fd_sc_hd__o22ai_2 cells:        1
ABC RESULTS:   sky130_fd_sc_hd__a31oi_2 cells:        1
ABC RESULTS:   sky130_fd_sc_hd__a21bo_2 cells:        2
ABC RESULTS:   sky130_fd_sc_hd__a311oi_2 cells:        2
ABC RESULTS:   sky130_fd_sc_hd__o211ai_2 cells:        1
ABC RESULTS:   sky130_fd_sc_hd__o21bai_2 cells:        2
ABC RESULTS:   sky130_fd_sc_hd__a22oi_2 cells:        2
ABC RESULTS:   sky130_fd_sc_hd__o41a_2 cells:        5
ABC RESULTS:   sky130_fd_sc_hd__a2111o_2 cells:        1
ABC RESULTS:   sky130_fd_sc_hd__or4_2 cells:       11
ABC RESULTS:   sky130_fd_sc_hd__and2b_2 cells:       39
ABC RESULTS:   sky130_fd_sc_hd__o31a_2 cells:       17
ABC RESULTS:   sky130_fd_sc_hd__or2b_2 cells:       39
ABC RESULTS:   sky130_fd_sc_hd__a21boi_2 cells:        3
ABC RESULTS:   sky130_fd_sc_hd__a21oi_2 cells:       23
ABC RESULTS:   sky130_fd_sc_hd__mux4_2 cells:      557
ABC RESULTS:   sky130_fd_sc_hd__a221o_2 cells:       36
ABC RESULTS:   sky130_fd_sc_hd__inv_2 cells:       17
ABC RESULTS:   sky130_fd_sc_hd__o32a_2 cells:        7
ABC RESULTS:   sky130_fd_sc_hd__o211a_2 cells:       16
ABC RESULTS:   sky130_fd_sc_hd__o311a_2 cells:        4
ABC RESULTS:   sky130_fd_sc_hd__a211o_2 cells:       24
ABC RESULTS:   sky130_fd_sc_hd__o221a_2 cells:       13
ABC RESULTS:   sky130_fd_sc_hd__or4b_2 cells:        2
ABC RESULTS:   sky130_fd_sc_hd__o21ba_2 cells:       37
ABC RESULTS:   sky130_fd_sc_hd__xor2_2 cells:       24
ABC RESULTS:   sky130_fd_sc_hd__o2bb2a_2 cells:        4
ABC RESULTS:   sky130_fd_sc_hd__a22o_2 cells:       12
ABC RESULTS:   sky130_fd_sc_hd__xnor2_2 cells:       40
ABC RESULTS:   sky130_fd_sc_hd__and2_2 cells:       14
ABC RESULTS:   sky130_fd_sc_hd__a21o_2 cells:       36
ABC RESULTS:   sky130_fd_sc_hd__o22a_2 cells:       42
ABC RESULTS:   sky130_fd_sc_hd__a31o_2 cells:        3
ABC RESULTS:   sky130_fd_sc_hd__o21a_2 cells:       68
ABC RESULTS:   sky130_fd_sc_hd__o21ai_2 cells:       19
ABC RESULTS:   sky130_fd_sc_hd__or3_2 cells:       16
ABC RESULTS:   sky130_fd_sc_hd__nand3_2 cells:        3
ABC RESULTS:   sky130_fd_sc_hd__nand3b_2 cells:        1
ABC RESULTS:   sky130_fd_sc_hd__or2_2 cells:       43
ABC RESULTS:   sky130_fd_sc_hd__or3b_2 cells:        7
ABC RESULTS:   sky130_fd_sc_hd__and3b_2 cells:        6
ABC RESULTS:   sky130_fd_sc_hd__nor2b_2 cells:        4
ABC RESULTS:   sky130_fd_sc_hd__and3_2 cells:        7
ABC RESULTS:   sky130_fd_sc_hd__nand2b_2 cells:        3
ABC RESULTS:   sky130_fd_sc_hd__nor2_2 cells:       53
ABC RESULTS:   sky130_fd_sc_hd__nand2_2 cells:       72
ABC RESULTS:   sky130_fd_sc_hd__mux2_2 cells:     1363
ABC RESULTS:   sky130_fd_sc_hd__buf_1 cells:     1438
ABC RESULTS:        internal signals:     2922
ABC RESULTS:           input signals:     1138
ABC RESULTS:          output signals:     1120
Removing temp directory.

60. Executing SETUNDEF pass (replace undef values with defined constants).

61. Executing HILOMAP pass (mapping to constant drivers).

62. Executing SPLITNETS pass (splitting up multi-bit signals).

63. Executing OPT_CLEAN pass (remove unused cells and wires).
Finding unused cells or wires in module \TopModule..
Removed 0 unused cells and 5180 unused wires.
<suppressed ~1 debug messages>

64. Executing INSBUF pass (insert buffer cells for connected wires).

65. Executing CHECK pass (checking for obvious problems).
Checking module TopModule...
Found and reported 0 problems.

66. Printing statistics.

=== TopModule ===

   Number of wires:               5118
   Number of wire bits:           5317
   Number of public wires:        1036
   Number of public wire bits:    1235
   Number of memories:               0
   Number of memory bits:            0
   Number of processes:              0
   Number of cells:               5202
     sky130_fd_sc_hd__a2111o_2       1
     sky130_fd_sc_hd__a211o_2       24
     sky130_fd_sc_hd__a21bo_2        2
     sky130_fd_sc_hd__a21boi_2       3
     sky130_fd_sc_hd__a21o_2        36
     sky130_fd_sc_hd__a21oi_2       23
     sky130_fd_sc_hd__a221o_2       36
     sky130_fd_sc_hd__a22o_2        12
     sky130_fd_sc_hd__a22oi_2        2
     sky130_fd_sc_hd__a311oi_2       2
     sky130_fd_sc_hd__a31o_2         3
     sky130_fd_sc_hd__a31oi_2        1
     sky130_fd_sc_hd__a32o_2         1
     sky130_fd_sc_hd__a41o_2         1
     sky130_fd_sc_hd__and2_2        14
     sky130_fd_sc_hd__and2b_2       39
     sky130_fd_sc_hd__and3_2         7
     sky130_fd_sc_hd__and3b_2        6
     sky130_fd_sc_hd__buf_1       1438
     sky130_fd_sc_hd__dfxtp_2     1056
     sky130_fd_sc_hd__inv_2         17
     sky130_fd_sc_hd__mux2_2      1363
     sky130_fd_sc_hd__mux4_2       557
     sky130_fd_sc_hd__nand2_2       72
     sky130_fd_sc_hd__nand2b_2       3
     sky130_fd_sc_hd__nand3_2        3
     sky130_fd_sc_hd__nand3b_2       1
     sky130_fd_sc_hd__nor2_2        53
     sky130_fd_sc_hd__nor2b_2        4
     sky130_fd_sc_hd__nor3_2         2
     sky130_fd_sc_hd__o211a_2       16
     sky130_fd_sc_hd__o211ai_2       1
     sky130_fd_sc_hd__o21a_2        68
     sky130_fd_sc_hd__o21ai_2       19
     sky130_fd_sc_hd__o21ba_2       37
     sky130_fd_sc_hd__o21bai_2       2
     sky130_fd_sc_hd__o221a_2       13
     sky130_fd_sc_hd__o22a_2        42
     sky130_fd_sc_hd__o22ai_2        1
     sky130_fd_sc_hd__o2bb2a_2       4
     sky130_fd_sc_hd__o311a_2        4
     sky130_fd_sc_hd__o31a_2        17
     sky130_fd_sc_hd__o32a_2         7
     sky130_fd_sc_hd__o41a_2         5
     sky130_fd_sc_hd__or2_2         43
     sky130_fd_sc_hd__or2b_2        39
     sky130_fd_sc_hd__or3_2         16
     sky130_fd_sc_hd__or3b_2         7
     sky130_fd_sc_hd__or4_2         11
     sky130_fd_sc_hd__or4b_2         2
     sky130_fd_sc_hd__or4bb_2        2
     sky130_fd_sc_hd__xnor2_2       40
     sky130_fd_sc_hd__xor2_2        24

   Chip area for module '\TopModule': 63027.948800

67. Executing Verilog backend.
Dumping module `\TopModule'.

68. Executing JSON backend.

End of script. Logfile hash: c551419b29, CPU: user 1.13s system 0.06s, MEM: 45.75 MB peak
Yosys 0.38 (git sha1 543faed9c8c, clang++ 17.0.6 -fPIC -Os)
Time spent: 79% 2x abc (4 sec), 4% 24x opt_expr (0 sec), ...
