
===========================================================================
report_checks -unconstrained
===========================================================================
======================= Typical Corner ===================================

Startpoint: inputB[13] (input port clocked by clk)
Endpoint: _8553_ (rising edge-triggered flip-flop clocked by clk)
Path Group: clk
Path Type: max

Fanout     Cap    Slew   Delay    Time   Description
-----------------------------------------------------------------------------
                  0.15    0.00    0.00   clock clk (rise edge)
                          0.00    0.00   clock network delay (ideal)
                          2.00    2.00 v input external delay
     1    0.00    0.01    0.00    2.00 v inputB[13] (in)
                                         inputB[13] (net)
                  0.01    0.00    2.00 v input78/A (sky130_fd_sc_hd__dlymetal6s2s_1)
     4    0.02    0.09    0.18    2.18 v input78/X (sky130_fd_sc_hd__dlymetal6s2s_1)
                                         net78 (net)
                  0.09    0.00    2.18 v _5263_/A (sky130_fd_sc_hd__or4_2)
     5    0.01    0.14    0.77    2.96 v _5263_/X (sky130_fd_sc_hd__or4_2)
                                         _2173_ (net)
                  0.14    0.00    2.96 v _5265_/B (sky130_fd_sc_hd__or3_2)
     6    0.02    0.12    0.57    3.52 v _5265_/X (sky130_fd_sc_hd__or3_2)
                                         _2175_ (net)
                  0.12    0.00    3.52 v _5827_/A (sky130_fd_sc_hd__or4_1)
     3    0.01    0.11    0.60    4.13 v _5827_/X (sky130_fd_sc_hd__or4_1)
                                         _2713_ (net)
                  0.11    0.00    4.13 v _5849_/C (sky130_fd_sc_hd__or3_1)
     3    0.01    0.09    0.37    4.49 v _5849_/X (sky130_fd_sc_hd__or3_1)
                                         _2733_ (net)
                  0.09    0.00    4.49 v _5863_/A2 (sky130_fd_sc_hd__o21a_1)
     1    0.01    0.06    0.22    4.71 v _5863_/X (sky130_fd_sc_hd__o21a_1)
                                         _2746_ (net)
                  0.06    0.00    4.71 v _5864_/B (sky130_fd_sc_hd__xnor2_2)
     3    0.01    0.19    0.19    4.91 ^ _5864_/Y (sky130_fd_sc_hd__xnor2_2)
                                         _2747_ (net)
                  0.19    0.00    4.91 ^ _5865_/B (sky130_fd_sc_hd__xor2_1)
     2    0.01    0.19    0.23    5.14 ^ _5865_/X (sky130_fd_sc_hd__xor2_1)
                                         _2748_ (net)
                  0.19    0.00    5.14 ^ _5875_/B_N (sky130_fd_sc_hd__or2b_1)
     2    0.00    0.05    0.27    5.40 v _5875_/X (sky130_fd_sc_hd__or2b_1)
                                         _2757_ (net)
                  0.05    0.00    5.40 v _5876_/C (sky130_fd_sc_hd__or3_1)
     1    0.00    0.07    0.32    5.73 v _5876_/X (sky130_fd_sc_hd__or3_1)
                                         _2758_ (net)
                  0.07    0.00    5.73 v _5877_/B1 (sky130_fd_sc_hd__a21o_1)
     2    0.01    0.04    0.18    5.90 v _5877_/X (sky130_fd_sc_hd__a21o_1)
                                         _2759_ (net)
                  0.04    0.00    5.90 v _5887_/A1 (sky130_fd_sc_hd__a21oi_1)
     3    0.01    0.23    0.22    6.12 ^ _5887_/Y (sky130_fd_sc_hd__a21oi_1)
                                         _2769_ (net)
                  0.23    0.00    6.12 ^ _5924_/A1 (sky130_fd_sc_hd__o21ba_1)
     2    0.01    0.09    0.21    6.33 ^ _5924_/X (sky130_fd_sc_hd__o21ba_1)
                                         _2804_ (net)
                  0.09    0.00    6.33 ^ _5925_/B (sky130_fd_sc_hd__xor2_1)
     1    0.00    0.06    0.07    6.40 v _5925_/X (sky130_fd_sc_hd__xor2_1)
                                         _2805_ (net)
                  0.06    0.00    6.40 v _5926_/B2 (sky130_fd_sc_hd__o2bb2a_1)
     1    0.00    0.05    0.28    6.69 v _5926_/X (sky130_fd_sc_hd__o2bb2a_1)
                                         _1047_ (net)
                  0.05    0.00    6.69 v _8553_/D (sky130_fd_sc_hd__dfxtp_2)
                                  6.69   data arrival time

                  0.15   10.00   10.00   clock clk (rise edge)
                          0.00   10.00   clock network delay (ideal)
                         -0.25    9.75   clock uncertainty
                          0.00    9.75   clock reconvergence pessimism
                                  9.75 ^ _8553_/CLK (sky130_fd_sc_hd__dfxtp_2)
                         -0.09    9.66   library setup time
                                  9.66   data required time
-----------------------------------------------------------------------------
                                  9.66   data required time
                                 -6.69   data arrival time
-----------------------------------------------------------------------------
                                  2.97   slack (MET)




===========================================================================
report_checks --slack_max -0.01
============================================================================
======================= Typical Corner ===================================

No paths found.


===========================================================================
 report_check_types -max_slew -max_cap -max_fanout -violators
============================================================================
======================= Typical Corner ===================================


max slew violations count Typical: 0
max fanout violations count Typical: 0
max cap violations count Typical: 0

===========================================================================
report_parasitic_annotation -report_unannotated
============================================================================
Found 1 unannotated drivers.
 clk
Found 0 partially unannotated drivers.

===========================================================================
max slew violation count 0
max fanout violation count 0
max cap violation count 0
============================================================================

===========================================================================
check_setup -verbose -unconstrained_endpoints -multiple_clock -no_clock -no_input_delay -loops -generated_clocks
===========================================================================
