
===========================================================================
 report_power
============================================================================
======================= Fastest Corner ===================================

Group                  Internal  Switching    Leakage      Total
                          Power      Power      Power      Power (Watts)
----------------------------------------------------------------
Sequential             6.18e-03   8.82e-04   1.54e-08   7.06e-03  38.6%
Combinational          4.07e-03   2.78e-03   4.93e-08   6.84e-03  37.3%
Clock                  2.00e-03   2.41e-03   2.01e-08   4.42e-03  24.1%
Macro                  0.00e+00   0.00e+00   0.00e+00   0.00e+00   0.0%
Pad                    0.00e+00   0.00e+00   0.00e+00   0.00e+00   0.0%
----------------------------------------------------------------
Total                  1.22e-02   6.07e-03   8.49e-08   1.83e-02 100.0%
                          66.9%      33.1%       0.0%

======================= Slowest Corner ===================================

Group                  Internal  Switching    Leakage      Total
                          Power      Power      Power      Power (Watts)
----------------------------------------------------------------
Sequential             4.19e-03   5.61e-04   1.53e-05   4.77e-03  38.3%
Combinational          2.81e-03   1.83e-03   3.76e-05   4.68e-03  37.6%
Clock                  1.43e-03   1.57e-03   2.31e-06   3.00e-03  24.1%
Macro                  0.00e+00   0.00e+00   0.00e+00   0.00e+00   0.0%
Pad                    0.00e+00   0.00e+00   0.00e+00   0.00e+00   0.0%
----------------------------------------------------------------
Total                  8.43e-03   3.96e-03   5.52e-05   1.24e-02 100.0%
                          67.7%      31.8%       0.4%

======================= Typical Corner ===================================

Group                  Internal  Switching    Leakage      Total
                          Power      Power      Power      Power (Watts)
----------------------------------------------------------------
Sequential             5.35e-03   7.31e-04   8.85e-09   6.08e-03  38.6%
Combinational          3.57e-03   2.34e-03   2.55e-08   5.90e-03  37.4%
Clock                  1.75e-03   2.04e-03   1.46e-08   3.78e-03  24.0%
Macro                  0.00e+00   0.00e+00   0.00e+00   0.00e+00   0.0%
Pad                    0.00e+00   0.00e+00   0.00e+00   0.00e+00   0.0%
----------------------------------------------------------------
Total                  1.07e-02   5.10e-03   4.90e-08   1.58e-02 100.0%
                          67.6%      32.4%       0.0%

